GAS LISTING /var/folders/yy/83vjwp7d53j56dbzj8_jnpcr0000gn/T//ccPNtRym.s 			page 1


   1              		.file	"ffunicode.c"
   2              		.option nopic
   3              		.attribute arch, "rv32i2p0_m2p0_a2p0_c2p0"
   4              		.attribute unaligned_access, 0
   5              		.attribute stack_align, 16
   6              		.text
   7              	.Ltext0:
   8              		.cfi_sections	.debug_frame
   9              	.Letext0:
GAS LISTING /var/folders/yy/83vjwp7d53j56dbzj8_jnpcr0000gn/T//ccPNtRym.s 			page 2


DEFINED SYMBOLS
                            *ABS*:0000000000000000 ffunicode.c
/var/folders/yy/83vjwp7d53j56dbzj8_jnpcr0000gn/T//ccPNtRym.s:68     .debug_abbrev:0000000000000000 .Ldebug_abbrev0
/var/folders/yy/83vjwp7d53j56dbzj8_jnpcr0000gn/T//ccPNtRym.s:132    .debug_str:0000000000000092 .LASF10
/var/folders/yy/83vjwp7d53j56dbzj8_jnpcr0000gn/T//ccPNtRym.s:140    .debug_str:0000000000000148 .LASF11
/var/folders/yy/83vjwp7d53j56dbzj8_jnpcr0000gn/T//ccPNtRym.s:124    .debug_str:000000000000001f .LASF12
/var/folders/yy/83vjwp7d53j56dbzj8_jnpcr0000gn/T//ccPNtRym.s:118    .debug_line:0000000000000000 .Ldebug_line0
/var/folders/yy/83vjwp7d53j56dbzj8_jnpcr0000gn/T//ccPNtRym.s:126    .debug_str:0000000000000069 .LASF0
/var/folders/yy/83vjwp7d53j56dbzj8_jnpcr0000gn/T//ccPNtRym.s:134    .debug_str:000000000000011a .LASF1
/var/folders/yy/83vjwp7d53j56dbzj8_jnpcr0000gn/T//ccPNtRym.s:130    .debug_str:0000000000000088 .LASF2
/var/folders/yy/83vjwp7d53j56dbzj8_jnpcr0000gn/T//ccPNtRym.s:128    .debug_str:0000000000000075 .LASF3
/var/folders/yy/83vjwp7d53j56dbzj8_jnpcr0000gn/T//ccPNtRym.s:136    .debug_str:0000000000000128 .LASF4
/var/folders/yy/83vjwp7d53j56dbzj8_jnpcr0000gn/T//ccPNtRym.s:122    .debug_str:000000000000000d .LASF5
/var/folders/yy/83vjwp7d53j56dbzj8_jnpcr0000gn/T//ccPNtRym.s:144    .debug_str:0000000000000167 .LASF6
/var/folders/yy/83vjwp7d53j56dbzj8_jnpcr0000gn/T//ccPNtRym.s:138    .debug_str:0000000000000131 .LASF7
/var/folders/yy/83vjwp7d53j56dbzj8_jnpcr0000gn/T//ccPNtRym.s:120    .debug_str:0000000000000000 .LASF8
/var/folders/yy/83vjwp7d53j56dbzj8_jnpcr0000gn/T//ccPNtRym.s:142    .debug_str:0000000000000162 .LASF9
/var/folders/yy/83vjwp7d53j56dbzj8_jnpcr0000gn/T//ccPNtRym.s:11     .debug_info:0000000000000000 .Ldebug_info0

NO UNDEFINED SYMBOLS
