GAS LISTING /var/folders/yy/83vjwp7d53j56dbzj8_jnpcr0000gn/T//ccNVo2UJ.s 			page 1


   1              		.file	"lseek.c"
   2              		.option nopic
   3              		.attribute arch, "rv32i2p0_m2p0_a2p0_c2p0"
   4              		.attribute unaligned_access, 0
   5              		.attribute stack_align, 16
   6              		.text
   7              	.Ltext0:
   8              		.cfi_sections	.debug_frame
   9              		.section	.text._lseek,"ax",@progbits
  10              		.align	1
  11              		.globl	_lseek
  13              	_lseek:
  14              	.LFB1:
  15              		.file 1 "../../firmware/RISCV/stubs/lseek.c"
   1:../../firmware/RISCV/stubs/lseek.c **** /* See LICENSE of license details. */
   2:../../firmware/RISCV/stubs/lseek.c **** 
   3:../../firmware/RISCV/stubs/lseek.c **** #include <errno.h>
   4:../../firmware/RISCV/stubs/lseek.c **** #include <unistd.h>
   5:../../firmware/RISCV/stubs/lseek.c **** #include <sys/types.h>
   6:../../firmware/RISCV/stubs/lseek.c **** #include "stub.h"
   7:../../firmware/RISCV/stubs/lseek.c **** 
   8:../../firmware/RISCV/stubs/lseek.c **** off_t _lseek(int fd, off_t ptr, int dir)
   9:../../firmware/RISCV/stubs/lseek.c **** {
  16              		.loc 1 9 1
  17              		.cfi_startproc
  18              	.LVL0:
  10:../../firmware/RISCV/stubs/lseek.c ****   if (isatty(fd))
  19              		.loc 1 10 3
   9:../../firmware/RISCV/stubs/lseek.c ****   if (isatty(fd))
  20              		.loc 1 9 1 is_stmt 0
  21 0000 4111     		addi	sp,sp,-16
  22              	.LCFI0:
  23              		.cfi_def_cfa_offset 16
  24 0002 06C6     		sw	ra,12(sp)
  25              		.cfi_offset 1, -4
  26              		.loc 1 10 7
  27 0004 97000000 		call	isatty
  27      E7800000 
  28              	.LVL1:
  11:../../firmware/RISCV/stubs/lseek.c ****     return 0;
  12:../../firmware/RISCV/stubs/lseek.c **** 
  13:../../firmware/RISCV/stubs/lseek.c ****   return _stub(EBADF);
  14:../../firmware/RISCV/stubs/lseek.c **** }
  29              		.loc 1 14 1
  30 000c B240     		lw	ra,12(sp)
  31              		.cfi_restore 1
  10:../../firmware/RISCV/stubs/lseek.c ****     return 0;
  32              		.loc 1 10 6
  33 000e 13351500 		seqz	a0,a0
  34              		.loc 1 14 1
  35 0012 3305A040 		neg	a0,a0
  36 0016 4101     		addi	sp,sp,16
  37              	.LCFI1:
  38              		.cfi_def_cfa_offset 0
  39 0018 8280     		jr	ra
  40              		.cfi_endproc
  41              	.LFE1:
GAS LISTING /var/folders/yy/83vjwp7d53j56dbzj8_jnpcr0000gn/T//ccNVo2UJ.s 			page 2


  43              		.text
  44              	.Letext0:
  45              		.file 2 "/Users/gulda/Documents/risc-v/toolchain-gd32v-v200-osx/compiler/lib/gcc/riscv64-unknown-e
  46              		.file 3 "/Users/gulda/Documents/risc-v/toolchain-gd32v-v200-osx/compiler/riscv64-unknown-elf/inclu
  47              		.file 4 "/Users/gulda/Documents/risc-v/toolchain-gd32v-v200-osx/compiler/riscv64-unknown-elf/inclu
  48              		.file 5 "/Users/gulda/Documents/risc-v/toolchain-gd32v-v200-osx/compiler/riscv64-unknown-elf/inclu
  49              		.file 6 "/Users/gulda/Documents/risc-v/toolchain-gd32v-v200-osx/compiler/riscv64-unknown-elf/inclu
  50              		.file 7 "/Users/gulda/Documents/risc-v/toolchain-gd32v-v200-osx/compiler/riscv64-unknown-elf/inclu
  51              		.file 8 "/Users/gulda/Documents/risc-v/toolchain-gd32v-v200-osx/compiler/riscv64-unknown-elf/inclu
  52              		.file 9 "../../firmware/RISCV/stubs/stub.h"
GAS LISTING /var/folders/yy/83vjwp7d53j56dbzj8_jnpcr0000gn/T//ccNVo2UJ.s 			page 3


DEFINED SYMBOLS
                            *ABS*:0000000000000000 lseek.c
/var/folders/yy/83vjwp7d53j56dbzj8_jnpcr0000gn/T//ccNVo2UJ.s:13     .text._lseek:0000000000000000 _lseek
/var/folders/yy/83vjwp7d53j56dbzj8_jnpcr0000gn/T//ccNVo2UJ.s:17     .text._lseek:0000000000000000 .L0 
/var/folders/yy/83vjwp7d53j56dbzj8_jnpcr0000gn/T//ccNVo2UJ.s:19     .text._lseek:0000000000000000 .L0 
/var/folders/yy/83vjwp7d53j56dbzj8_jnpcr0000gn/T//ccNVo2UJ.s:20     .text._lseek:0000000000000000 .L0 
/var/folders/yy/83vjwp7d53j56dbzj8_jnpcr0000gn/T//ccNVo2UJ.s:21     .text._lseek:0000000000000000 .L0 
/var/folders/yy/83vjwp7d53j56dbzj8_jnpcr0000gn/T//ccNVo2UJ.s:23     .text._lseek:0000000000000002 .L0 
/var/folders/yy/83vjwp7d53j56dbzj8_jnpcr0000gn/T//ccNVo2UJ.s:25     .text._lseek:0000000000000004 .L0 
/var/folders/yy/83vjwp7d53j56dbzj8_jnpcr0000gn/T//ccNVo2UJ.s:27     .text._lseek:0000000000000004 .L0 
/var/folders/yy/83vjwp7d53j56dbzj8_jnpcr0000gn/T//ccNVo2UJ.s:30     .text._lseek:000000000000000c .L0 
/var/folders/yy/83vjwp7d53j56dbzj8_jnpcr0000gn/T//ccNVo2UJ.s:31     .text._lseek:000000000000000e .L0 
/var/folders/yy/83vjwp7d53j56dbzj8_jnpcr0000gn/T//ccNVo2UJ.s:33     .text._lseek:000000000000000e .L0 
/var/folders/yy/83vjwp7d53j56dbzj8_jnpcr0000gn/T//ccNVo2UJ.s:35     .text._lseek:0000000000000012 .L0 
/var/folders/yy/83vjwp7d53j56dbzj8_jnpcr0000gn/T//ccNVo2UJ.s:38     .text._lseek:0000000000000018 .L0 
/var/folders/yy/83vjwp7d53j56dbzj8_jnpcr0000gn/T//ccNVo2UJ.s:40     .text._lseek:000000000000001a .L0 
/var/folders/yy/83vjwp7d53j56dbzj8_jnpcr0000gn/T//ccNVo2UJ.s:43     .text._lseek:000000000000001a .L0 
                     .debug_frame:0000000000000000 .L0 
/var/folders/yy/83vjwp7d53j56dbzj8_jnpcr0000gn/T//ccNVo2UJ.s:1600   .debug_abbrev:0000000000000000 .Ldebug_abbrev0
/var/folders/yy/83vjwp7d53j56dbzj8_jnpcr0000gn/T//ccNVo2UJ.s:2441   .debug_str:0000000000000483 .LASF130
/var/folders/yy/83vjwp7d53j56dbzj8_jnpcr0000gn/T//ccNVo2UJ.s:2317   .debug_str:00000000000001fa .LASF131
/var/folders/yy/83vjwp7d53j56dbzj8_jnpcr0000gn/T//ccNVo2UJ.s:2371   .debug_str:000000000000030e .LASF132
/var/folders/yy/83vjwp7d53j56dbzj8_jnpcr0000gn/T//ccNVo2UJ.s:2205   .debug_ranges:0000000000000000 .Ldebug_ranges0
/var/folders/yy/83vjwp7d53j56dbzj8_jnpcr0000gn/T//ccNVo2UJ.s:2211   .debug_line:0000000000000000 .Ldebug_line0
/var/folders/yy/83vjwp7d53j56dbzj8_jnpcr0000gn/T//ccNVo2UJ.s:2303   .debug_str:00000000000001b8 .LASF0
/var/folders/yy/83vjwp7d53j56dbzj8_jnpcr0000gn/T//ccNVo2UJ.s:2323   .debug_str:000000000000022b .LASF1
/var/folders/yy/83vjwp7d53j56dbzj8_jnpcr0000gn/T//ccNVo2UJ.s:2245   .debug_str:00000000000000b1 .LASF2
/var/folders/yy/83vjwp7d53j56dbzj8_jnpcr0000gn/T//ccNVo2UJ.s:2353   .debug_str:00000000000002b5 .LASF3
/var/folders/yy/83vjwp7d53j56dbzj8_jnpcr0000gn/T//ccNVo2UJ.s:2337   .debug_str:0000000000000276 .LASF10
/var/folders/yy/83vjwp7d53j56dbzj8_jnpcr0000gn/T//ccNVo2UJ.s:2247   .debug_str:00000000000000bf .LASF4
/var/folders/yy/83vjwp7d53j56dbzj8_jnpcr0000gn/T//ccNVo2UJ.s:2373   .debug_str:0000000000000358 .LASF5
/var/folders/yy/83vjwp7d53j56dbzj8_jnpcr0000gn/T//ccNVo2UJ.s:2379   .debug_str:0000000000000374 .LASF6
/var/folders/yy/83vjwp7d53j56dbzj8_jnpcr0000gn/T//ccNVo2UJ.s:2263   .debug_str:0000000000000104 .LASF7
/var/folders/yy/83vjwp7d53j56dbzj8_jnpcr0000gn/T//ccNVo2UJ.s:2311   .debug_str:00000000000001dc .LASF8
/var/folders/yy/83vjwp7d53j56dbzj8_jnpcr0000gn/T//ccNVo2UJ.s:2231   .debug_str:000000000000005a .LASF9
/var/folders/yy/83vjwp7d53j56dbzj8_jnpcr0000gn/T//ccNVo2UJ.s:2365   .debug_str:00000000000002eb .LASF11
/var/folders/yy/83vjwp7d53j56dbzj8_jnpcr0000gn/T//ccNVo2UJ.s:2215   .debug_str:000000000000000c .LASF12
/var/folders/yy/83vjwp7d53j56dbzj8_jnpcr0000gn/T//ccNVo2UJ.s:2425   .debug_str:0000000000000446 .LASF13
/var/folders/yy/83vjwp7d53j56dbzj8_jnpcr0000gn/T//ccNVo2UJ.s:2461   .debug_str:0000000000000563 .LASF14
/var/folders/yy/83vjwp7d53j56dbzj8_jnpcr0000gn/T//ccNVo2UJ.s:2333   .debug_str:0000000000000268 .LASF15
/var/folders/yy/83vjwp7d53j56dbzj8_jnpcr0000gn/T//ccNVo2UJ.s:2305   .debug_str:00000000000001c5 .LASF16
/var/folders/yy/83vjwp7d53j56dbzj8_jnpcr0000gn/T//ccNVo2UJ.s:2417   .debug_str:0000000000000424 .LASF17
/var/folders/yy/83vjwp7d53j56dbzj8_jnpcr0000gn/T//ccNVo2UJ.s:2419   .debug_str:000000000000042c .LASF18
/var/folders/yy/83vjwp7d53j56dbzj8_jnpcr0000gn/T//ccNVo2UJ.s:2389   .debug_str:000000000000039c .LASF19
/var/folders/yy/83vjwp7d53j56dbzj8_jnpcr0000gn/T//ccNVo2UJ.s:2447   .debug_str:0000000000000519 .LASF20
/var/folders/yy/83vjwp7d53j56dbzj8_jnpcr0000gn/T//ccNVo2UJ.s:2369   .debug_str:00000000000002fc .LASF21
/var/folders/yy/83vjwp7d53j56dbzj8_jnpcr0000gn/T//ccNVo2UJ.s:2289   .debug_str:000000000000017b .LASF22
/var/folders/yy/83vjwp7d53j56dbzj8_jnpcr0000gn/T//ccNVo2UJ.s:2293   .debug_str:000000000000018c .LASF27
/var/folders/yy/83vjwp7d53j56dbzj8_jnpcr0000gn/T//ccNVo2UJ.s:2437   .debug_str:0000000000000470 .LASF23
/var/folders/yy/83vjwp7d53j56dbzj8_jnpcr0000gn/T//ccNVo2UJ.s:2411   .debug_str:000000000000040f .LASF24
/var/folders/yy/83vjwp7d53j56dbzj8_jnpcr0000gn/T//ccNVo2UJ.s:2287   .debug_str:0000000000000175 .LASF25
/var/folders/yy/83vjwp7d53j56dbzj8_jnpcr0000gn/T//ccNVo2UJ.s:2455   .debug_str:000000000000054e .LASF26
/var/folders/yy/83vjwp7d53j56dbzj8_jnpcr0000gn/T//ccNVo2UJ.s:2301   .debug_str:00000000000001b3 .LASF28
/var/folders/yy/83vjwp7d53j56dbzj8_jnpcr0000gn/T//ccNVo2UJ.s:2243   .debug_str:00000000000000a8 .LASF29
/var/folders/yy/83vjwp7d53j56dbzj8_jnpcr0000gn/T//ccNVo2UJ.s:2431   .debug_str:000000000000045a .LASF30
/var/folders/yy/83vjwp7d53j56dbzj8_jnpcr0000gn/T//ccNVo2UJ.s:2253   .debug_str:00000000000000d7 .LASF31
/var/folders/yy/83vjwp7d53j56dbzj8_jnpcr0000gn/T//ccNVo2UJ.s:2485   .debug_str:00000000000005ce .LASF32
GAS LISTING /var/folders/yy/83vjwp7d53j56dbzj8_jnpcr0000gn/T//ccNVo2UJ.s 			page 4


/var/folders/yy/83vjwp7d53j56dbzj8_jnpcr0000gn/T//ccNVo2UJ.s:2359   .debug_str:00000000000002cf .LASF33
/var/folders/yy/83vjwp7d53j56dbzj8_jnpcr0000gn/T//ccNVo2UJ.s:2347   .debug_str:000000000000029b .LASF34
/var/folders/yy/83vjwp7d53j56dbzj8_jnpcr0000gn/T//ccNVo2UJ.s:2457   .debug_str:0000000000000553 .LASF35
/var/folders/yy/83vjwp7d53j56dbzj8_jnpcr0000gn/T//ccNVo2UJ.s:2381   .debug_str:000000000000037e .LASF36
/var/folders/yy/83vjwp7d53j56dbzj8_jnpcr0000gn/T//ccNVo2UJ.s:2471   .debug_str:000000000000058e .LASF37
/var/folders/yy/83vjwp7d53j56dbzj8_jnpcr0000gn/T//ccNVo2UJ.s:2257   .debug_str:00000000000000e6 .LASF38
/var/folders/yy/83vjwp7d53j56dbzj8_jnpcr0000gn/T//ccNVo2UJ.s:2283   .debug_str:0000000000000168 .LASF39
/var/folders/yy/83vjwp7d53j56dbzj8_jnpcr0000gn/T//ccNVo2UJ.s:2213   .debug_str:0000000000000000 .LASF40
/var/folders/yy/83vjwp7d53j56dbzj8_jnpcr0000gn/T//ccNVo2UJ.s:2443   .debug_str:000000000000050b .LASF41
/var/folders/yy/83vjwp7d53j56dbzj8_jnpcr0000gn/T//ccNVo2UJ.s:2267   .debug_str:0000000000000114 .LASF42
/var/folders/yy/83vjwp7d53j56dbzj8_jnpcr0000gn/T//ccNVo2UJ.s:2361   .debug_str:00000000000002d8 .LASF43
/var/folders/yy/83vjwp7d53j56dbzj8_jnpcr0000gn/T//ccNVo2UJ.s:2403   .debug_str:00000000000003df .LASF44
/var/folders/yy/83vjwp7d53j56dbzj8_jnpcr0000gn/T//ccNVo2UJ.s:2285   .debug_str:0000000000000170 .LASF45
/var/folders/yy/83vjwp7d53j56dbzj8_jnpcr0000gn/T//ccNVo2UJ.s:2383   .debug_str:0000000000000388 .LASF46
/var/folders/yy/83vjwp7d53j56dbzj8_jnpcr0000gn/T//ccNVo2UJ.s:2251   .debug_str:00000000000000d1 .LASF47
/var/folders/yy/83vjwp7d53j56dbzj8_jnpcr0000gn/T//ccNVo2UJ.s:2219   .debug_str:000000000000001b .LASF48
/var/folders/yy/83vjwp7d53j56dbzj8_jnpcr0000gn/T//ccNVo2UJ.s:2391   .debug_str:00000000000003a7 .LASF49
/var/folders/yy/83vjwp7d53j56dbzj8_jnpcr0000gn/T//ccNVo2UJ.s:2265   .debug_str:000000000000010d .LASF50
/var/folders/yy/83vjwp7d53j56dbzj8_jnpcr0000gn/T//ccNVo2UJ.s:2313   .debug_str:00000000000001ee .LASF51
/var/folders/yy/83vjwp7d53j56dbzj8_jnpcr0000gn/T//ccNVo2UJ.s:2233   .debug_str:0000000000000071 .LASF52
/var/folders/yy/83vjwp7d53j56dbzj8_jnpcr0000gn/T//ccNVo2UJ.s:2259   .debug_str:00000000000000f4 .LASF53
/var/folders/yy/83vjwp7d53j56dbzj8_jnpcr0000gn/T//ccNVo2UJ.s:2297   .debug_str:00000000000001a3 .LASF54
/var/folders/yy/83vjwp7d53j56dbzj8_jnpcr0000gn/T//ccNVo2UJ.s:2345   .debug_str:0000000000000294 .LASF55
/var/folders/yy/83vjwp7d53j56dbzj8_jnpcr0000gn/T//ccNVo2UJ.s:2421   .debug_str:0000000000000434 .LASF56
/var/folders/yy/83vjwp7d53j56dbzj8_jnpcr0000gn/T//ccNVo2UJ.s:2475   .debug_str:00000000000005a8 .LASF57
/var/folders/yy/83vjwp7d53j56dbzj8_jnpcr0000gn/T//ccNVo2UJ.s:2249   .debug_str:00000000000000cb .LASF58
/var/folders/yy/83vjwp7d53j56dbzj8_jnpcr0000gn/T//ccNVo2UJ.s:2467   .debug_str:0000000000000580 .LASF59
/var/folders/yy/83vjwp7d53j56dbzj8_jnpcr0000gn/T//ccNVo2UJ.s:2271   .debug_str:0000000000000123 .LASF60
/var/folders/yy/83vjwp7d53j56dbzj8_jnpcr0000gn/T//ccNVo2UJ.s:2277   .debug_str:0000000000000141 .LASF61
/var/folders/yy/83vjwp7d53j56dbzj8_jnpcr0000gn/T//ccNVo2UJ.s:2225   .debug_str:0000000000000034 .LASF62
/var/folders/yy/83vjwp7d53j56dbzj8_jnpcr0000gn/T//ccNVo2UJ.s:2339   .debug_str:000000000000027d .LASF63
/var/folders/yy/83vjwp7d53j56dbzj8_jnpcr0000gn/T//ccNVo2UJ.s:2395   .debug_str:00000000000003b9 .LASF64
/var/folders/yy/83vjwp7d53j56dbzj8_jnpcr0000gn/T//ccNVo2UJ.s:2341   .debug_str:0000000000000283 .LASF65
/var/folders/yy/83vjwp7d53j56dbzj8_jnpcr0000gn/T//ccNVo2UJ.s:2413   .debug_str:0000000000000417 .LASF66
/var/folders/yy/83vjwp7d53j56dbzj8_jnpcr0000gn/T//ccNVo2UJ.s:2427   .debug_str:000000000000044e .LASF67
/var/folders/yy/83vjwp7d53j56dbzj8_jnpcr0000gn/T//ccNVo2UJ.s:2269   .debug_str:000000000000011c .LASF68
/var/folders/yy/83vjwp7d53j56dbzj8_jnpcr0000gn/T//ccNVo2UJ.s:2307   .debug_str:00000000000001cc .LASF69
/var/folders/yy/83vjwp7d53j56dbzj8_jnpcr0000gn/T//ccNVo2UJ.s:2291   .debug_str:0000000000000184 .LASF70
/var/folders/yy/83vjwp7d53j56dbzj8_jnpcr0000gn/T//ccNVo2UJ.s:2401   .debug_str:00000000000003da .LASF71
/var/folders/yy/83vjwp7d53j56dbzj8_jnpcr0000gn/T//ccNVo2UJ.s:2223   .debug_str:0000000000000029 .LASF72
/var/folders/yy/83vjwp7d53j56dbzj8_jnpcr0000gn/T//ccNVo2UJ.s:2409   .debug_str:00000000000003f6 .LASF73
/var/folders/yy/83vjwp7d53j56dbzj8_jnpcr0000gn/T//ccNVo2UJ.s:2405   .debug_str:00000000000003e4 .LASF74
/var/folders/yy/83vjwp7d53j56dbzj8_jnpcr0000gn/T//ccNVo2UJ.s:2363   .debug_str:00000000000002e0 .LASF75
/var/folders/yy/83vjwp7d53j56dbzj8_jnpcr0000gn/T//ccNVo2UJ.s:2407   .debug_str:00000000000003ec .LASF76
/var/folders/yy/83vjwp7d53j56dbzj8_jnpcr0000gn/T//ccNVo2UJ.s:2331   .debug_str:0000000000000260 .LASF77
/var/folders/yy/83vjwp7d53j56dbzj8_jnpcr0000gn/T//ccNVo2UJ.s:2299   .debug_str:00000000000001a9 .LASF78
/var/folders/yy/83vjwp7d53j56dbzj8_jnpcr0000gn/T//ccNVo2UJ.s:2483   .debug_str:00000000000005c9 .LASF79
/var/folders/yy/83vjwp7d53j56dbzj8_jnpcr0000gn/T//ccNVo2UJ.s:2367   .debug_str:00000000000002f2 .LASF80
/var/folders/yy/83vjwp7d53j56dbzj8_jnpcr0000gn/T//ccNVo2UJ.s:2309   .debug_str:00000000000001d4 .LASF81
/var/folders/yy/83vjwp7d53j56dbzj8_jnpcr0000gn/T//ccNVo2UJ.s:2275   .debug_str:0000000000000139 .LASF82
/var/folders/yy/83vjwp7d53j56dbzj8_jnpcr0000gn/T//ccNVo2UJ.s:2375   .debug_str:0000000000000366 .LASF83
/var/folders/yy/83vjwp7d53j56dbzj8_jnpcr0000gn/T//ccNVo2UJ.s:2325   .debug_str:000000000000023e .LASF84
/var/folders/yy/83vjwp7d53j56dbzj8_jnpcr0000gn/T//ccNVo2UJ.s:2465   .debug_str:0000000000000576 .LASF85
/var/folders/yy/83vjwp7d53j56dbzj8_jnpcr0000gn/T//ccNVo2UJ.s:2261   .debug_str:00000000000000fc .LASF86
/var/folders/yy/83vjwp7d53j56dbzj8_jnpcr0000gn/T//ccNVo2UJ.s:2255   .debug_str:00000000000000e1 .LASF87
/var/folders/yy/83vjwp7d53j56dbzj8_jnpcr0000gn/T//ccNVo2UJ.s:2429   .debug_str:0000000000000455 .LASF88
/var/folders/yy/83vjwp7d53j56dbzj8_jnpcr0000gn/T//ccNVo2UJ.s:2387   .debug_str:0000000000000395 .LASF89
GAS LISTING /var/folders/yy/83vjwp7d53j56dbzj8_jnpcr0000gn/T//ccNVo2UJ.s 			page 5


/var/folders/yy/83vjwp7d53j56dbzj8_jnpcr0000gn/T//ccNVo2UJ.s:2459   .debug_str:000000000000055d .LASF90
/var/folders/yy/83vjwp7d53j56dbzj8_jnpcr0000gn/T//ccNVo2UJ.s:2319   .debug_str:000000000000021d .LASF91
/var/folders/yy/83vjwp7d53j56dbzj8_jnpcr0000gn/T//ccNVo2UJ.s:2385   .debug_str:000000000000038f .LASF92
/var/folders/yy/83vjwp7d53j56dbzj8_jnpcr0000gn/T//ccNVo2UJ.s:2221   .debug_str:0000000000000021 .LASF93
/var/folders/yy/83vjwp7d53j56dbzj8_jnpcr0000gn/T//ccNVo2UJ.s:2415   .debug_str:000000000000041e .LASF94
/var/folders/yy/83vjwp7d53j56dbzj8_jnpcr0000gn/T//ccNVo2UJ.s:2435   .debug_str:000000000000046a .LASF95
/var/folders/yy/83vjwp7d53j56dbzj8_jnpcr0000gn/T//ccNVo2UJ.s:2445   .debug_str:0000000000000514 .LASF96
/var/folders/yy/83vjwp7d53j56dbzj8_jnpcr0000gn/T//ccNVo2UJ.s:2453   .debug_str:0000000000000541 .LASF97
/var/folders/yy/83vjwp7d53j56dbzj8_jnpcr0000gn/T//ccNVo2UJ.s:2439   .debug_str:0000000000000476 .LASF98
/var/folders/yy/83vjwp7d53j56dbzj8_jnpcr0000gn/T//ccNVo2UJ.s:2329   .debug_str:0000000000000253 .LASF99
/var/folders/yy/83vjwp7d53j56dbzj8_jnpcr0000gn/T//ccNVo2UJ.s:2473   .debug_str:0000000000000599 .LASF100
/var/folders/yy/83vjwp7d53j56dbzj8_jnpcr0000gn/T//ccNVo2UJ.s:2295   .debug_str:0000000000000194 .LASF101
/var/folders/yy/83vjwp7d53j56dbzj8_jnpcr0000gn/T//ccNVo2UJ.s:2397   .debug_str:00000000000003c2 .LASF102
/var/folders/yy/83vjwp7d53j56dbzj8_jnpcr0000gn/T//ccNVo2UJ.s:2477   .debug_str:00000000000005af .LASF103
/var/folders/yy/83vjwp7d53j56dbzj8_jnpcr0000gn/T//ccNVo2UJ.s:2399   .debug_str:00000000000003cd .LASF104
/var/folders/yy/83vjwp7d53j56dbzj8_jnpcr0000gn/T//ccNVo2UJ.s:2481   .debug_str:00000000000005bb .LASF105
/var/folders/yy/83vjwp7d53j56dbzj8_jnpcr0000gn/T//ccNVo2UJ.s:2241   .debug_str:000000000000009a .LASF106
/var/folders/yy/83vjwp7d53j56dbzj8_jnpcr0000gn/T//ccNVo2UJ.s:2463   .debug_str:000000000000056c .LASF107
/var/folders/yy/83vjwp7d53j56dbzj8_jnpcr0000gn/T//ccNVo2UJ.s:2327   .debug_str:0000000000000247 .LASF108
/var/folders/yy/83vjwp7d53j56dbzj8_jnpcr0000gn/T//ccNVo2UJ.s:2449   .debug_str:0000000000000521 .LASF109
/var/folders/yy/83vjwp7d53j56dbzj8_jnpcr0000gn/T//ccNVo2UJ.s:2281   .debug_str:000000000000015a .LASF110
/var/folders/yy/83vjwp7d53j56dbzj8_jnpcr0000gn/T//ccNVo2UJ.s:2239   .debug_str:000000000000008b .LASF111
/var/folders/yy/83vjwp7d53j56dbzj8_jnpcr0000gn/T//ccNVo2UJ.s:2279   .debug_str:0000000000000149 .LASF112
/var/folders/yy/83vjwp7d53j56dbzj8_jnpcr0000gn/T//ccNVo2UJ.s:2227   .debug_str:000000000000003a .LASF113
/var/folders/yy/83vjwp7d53j56dbzj8_jnpcr0000gn/T//ccNVo2UJ.s:2229   .debug_str:0000000000000049 .LASF114
/var/folders/yy/83vjwp7d53j56dbzj8_jnpcr0000gn/T//ccNVo2UJ.s:2377   .debug_str:000000000000036b .LASF115
/var/folders/yy/83vjwp7d53j56dbzj8_jnpcr0000gn/T//ccNVo2UJ.s:2357   .debug_str:00000000000002c8 .LASF116
/var/folders/yy/83vjwp7d53j56dbzj8_jnpcr0000gn/T//ccNVo2UJ.s:2349   .debug_str:00000000000002a5 .LASF117
/var/folders/yy/83vjwp7d53j56dbzj8_jnpcr0000gn/T//ccNVo2UJ.s:2469   .debug_str:0000000000000586 .LASF118
/var/folders/yy/83vjwp7d53j56dbzj8_jnpcr0000gn/T//ccNVo2UJ.s:2235   .debug_str:000000000000007a .LASF133
/var/folders/yy/83vjwp7d53j56dbzj8_jnpcr0000gn/T//ccNVo2UJ.s:2423   .debug_str:000000000000043a .LASF119
/var/folders/yy/83vjwp7d53j56dbzj8_jnpcr0000gn/T//ccNVo2UJ.s:2451   .debug_str:000000000000052e .LASF120
/var/folders/yy/83vjwp7d53j56dbzj8_jnpcr0000gn/T//ccNVo2UJ.s:2273   .debug_str:000000000000012c .LASF121
/var/folders/yy/83vjwp7d53j56dbzj8_jnpcr0000gn/T//ccNVo2UJ.s:2393   .debug_str:00000000000003af .LASF122
/var/folders/yy/83vjwp7d53j56dbzj8_jnpcr0000gn/T//ccNVo2UJ.s:2315   .debug_str:00000000000001f4 .LASF123
/var/folders/yy/83vjwp7d53j56dbzj8_jnpcr0000gn/T//ccNVo2UJ.s:2335   .debug_str:000000000000026e .LASF124
/var/folders/yy/83vjwp7d53j56dbzj8_jnpcr0000gn/T//ccNVo2UJ.s:2351   .debug_str:00000000000002ae .LASF125
/var/folders/yy/83vjwp7d53j56dbzj8_jnpcr0000gn/T//ccNVo2UJ.s:2355   .debug_str:00000000000002c1 .LASF126
/var/folders/yy/83vjwp7d53j56dbzj8_jnpcr0000gn/T//ccNVo2UJ.s:2433   .debug_str:0000000000000463 .LASF127
/var/folders/yy/83vjwp7d53j56dbzj8_jnpcr0000gn/T//ccNVo2UJ.s:2479   .debug_str:00000000000005b4 .LASF128
/var/folders/yy/83vjwp7d53j56dbzj8_jnpcr0000gn/T//ccNVo2UJ.s:2343   .debug_str:000000000000028b .LASF129
/var/folders/yy/83vjwp7d53j56dbzj8_jnpcr0000gn/T//ccNVo2UJ.s:2321   .debug_str:0000000000000224 .LASF134
/var/folders/yy/83vjwp7d53j56dbzj8_jnpcr0000gn/T//ccNVo2UJ.s:14     .text._lseek:0000000000000000 .LFB1
/var/folders/yy/83vjwp7d53j56dbzj8_jnpcr0000gn/T//ccNVo2UJ.s:41     .text._lseek:000000000000001a .LFE1
/var/folders/yy/83vjwp7d53j56dbzj8_jnpcr0000gn/T//ccNVo2UJ.s:2132   .debug_loc:0000000000000000 .LLST0
/var/folders/yy/83vjwp7d53j56dbzj8_jnpcr0000gn/T//ccNVo2UJ.s:2150   .debug_loc:000000000000002c .LLST1
/var/folders/yy/83vjwp7d53j56dbzj8_jnpcr0000gn/T//ccNVo2UJ.s:2164   .debug_loc:000000000000004d .LLST2
/var/folders/yy/83vjwp7d53j56dbzj8_jnpcr0000gn/T//ccNVo2UJ.s:2178   .debug_loc:000000000000006e .LLST3
/var/folders/yy/83vjwp7d53j56dbzj8_jnpcr0000gn/T//ccNVo2UJ.s:28     .text._lseek:000000000000000c .LVL1
/var/folders/yy/83vjwp7d53j56dbzj8_jnpcr0000gn/T//ccNVo2UJ.s:2237   .debug_str:0000000000000085 .LASF135
/var/folders/yy/83vjwp7d53j56dbzj8_jnpcr0000gn/T//ccNVo2UJ.s:2217   .debug_str:0000000000000014 .LASF136
/var/folders/yy/83vjwp7d53j56dbzj8_jnpcr0000gn/T//ccNVo2UJ.s:22     .text._lseek:0000000000000002 .LCFI0
/var/folders/yy/83vjwp7d53j56dbzj8_jnpcr0000gn/T//ccNVo2UJ.s:37     .text._lseek:0000000000000018 .LCFI1
/var/folders/yy/83vjwp7d53j56dbzj8_jnpcr0000gn/T//ccNVo2UJ.s:18     .text._lseek:0000000000000000 .LVL0
/var/folders/yy/83vjwp7d53j56dbzj8_jnpcr0000gn/T//ccNVo2UJ.s:54     .debug_info:0000000000000000 .Ldebug_info0

UNDEFINED SYMBOLS
GAS LISTING /var/folders/yy/83vjwp7d53j56dbzj8_jnpcr0000gn/T//ccNVo2UJ.s 			page 6


isatty
