GAS LISTING /var/folders/yy/83vjwp7d53j56dbzj8_jnpcr0000gn/T//cc2rkHbJ.s 			page 1


   1              		.file	"close.c"
   2              		.option nopic
   3              		.attribute arch, "rv32i2p0_m2p0_a2p0_c2p0"
   4              		.attribute unaligned_access, 0
   5              		.attribute stack_align, 16
   6              		.text
   7              	.Ltext0:
   8              		.cfi_sections	.debug_frame
   9              		.section	.text._close,"ax",@progbits
  10              		.align	1
  11              		.globl	_close
  13              	_close:
  14              	.LFB1:
  15              		.file 1 "../../firmware/RISCV/stubs/close.c"
   1:../../firmware/RISCV/stubs/close.c **** /* See LICENSE of license details. */
   2:../../firmware/RISCV/stubs/close.c **** 
   3:../../firmware/RISCV/stubs/close.c **** #include <errno.h>
   4:../../firmware/RISCV/stubs/close.c **** #include "stub.h"
   5:../../firmware/RISCV/stubs/close.c **** 
   6:../../firmware/RISCV/stubs/close.c **** int _close(int fd)
   7:../../firmware/RISCV/stubs/close.c **** {
  16              		.loc 1 7 1
  17              		.cfi_startproc
  18              	.LVL0:
   8:../../firmware/RISCV/stubs/close.c ****   return _stub(EBADF);
  19              		.loc 1 8 3
  20              		.file 2 "../../firmware/RISCV/stubs/stub.h"
   1:../../firmware/RISCV/stubs/stub.h **** /* See LICENSE of license details. */
   2:../../firmware/RISCV/stubs/stub.h **** #ifndef _NUCLEI_SYS_STUB_H
   3:../../firmware/RISCV/stubs/stub.h **** #define _NUCLEI_SYS_STUB_H
   4:../../firmware/RISCV/stubs/stub.h **** 
   5:../../firmware/RISCV/stubs/stub.h **** #include <stdint.h>
   6:../../firmware/RISCV/stubs/stub.h **** #if   defined (__GNUC__)
   7:../../firmware/RISCV/stubs/stub.h **** #include <unistd.h>
   8:../../firmware/RISCV/stubs/stub.h **** #endif
   9:../../firmware/RISCV/stubs/stub.h **** 
  10:../../firmware/RISCV/stubs/stub.h **** void write_hex(int fd, unsigned long int hex);
  11:../../firmware/RISCV/stubs/stub.h **** 
  12:../../firmware/RISCV/stubs/stub.h **** static inline int _stub(int err)
  13:../../firmware/RISCV/stubs/stub.h **** {
  14:../../firmware/RISCV/stubs/stub.h ****   return -1;
  21              		.loc 2 14 3
   9:../../firmware/RISCV/stubs/close.c **** }
  22              		.loc 1 9 1 is_stmt 0
  23 0000 7D55     		li	a0,-1
  24              	.LVL1:
  25 0002 8280     		ret
  26              		.cfi_endproc
  27              	.LFE1:
  29              		.text
  30              	.Letext0:
  31              		.file 3 "/Users/gulda/Documents/risc-v/toolchain-gd32v-v200-osx/compiler/lib/gcc/riscv64-unknown-e
  32              		.file 4 "/Users/gulda/Documents/risc-v/toolchain-gd32v-v200-osx/compiler/riscv64-unknown-elf/inclu
  33              		.file 5 "/Users/gulda/Documents/risc-v/toolchain-gd32v-v200-osx/compiler/riscv64-unknown-elf/inclu
  34              		.file 6 "/Users/gulda/Documents/risc-v/toolchain-gd32v-v200-osx/compiler/riscv64-unknown-elf/inclu
  35              		.file 7 "/Users/gulda/Documents/risc-v/toolchain-gd32v-v200-osx/compiler/riscv64-unknown-elf/inclu
  36              		.file 8 "/Users/gulda/Documents/risc-v/toolchain-gd32v-v200-osx/compiler/riscv64-unknown-elf/inclu
GAS LISTING /var/folders/yy/83vjwp7d53j56dbzj8_jnpcr0000gn/T//cc2rkHbJ.s 			page 2


GAS LISTING /var/folders/yy/83vjwp7d53j56dbzj8_jnpcr0000gn/T//cc2rkHbJ.s 			page 3


DEFINED SYMBOLS
                            *ABS*:0000000000000000 close.c
/var/folders/yy/83vjwp7d53j56dbzj8_jnpcr0000gn/T//cc2rkHbJ.s:13     .text._close:0000000000000000 _close
/var/folders/yy/83vjwp7d53j56dbzj8_jnpcr0000gn/T//cc2rkHbJ.s:17     .text._close:0000000000000000 .L0 
/var/folders/yy/83vjwp7d53j56dbzj8_jnpcr0000gn/T//cc2rkHbJ.s:19     .text._close:0000000000000000 .L0 
/var/folders/yy/83vjwp7d53j56dbzj8_jnpcr0000gn/T//cc2rkHbJ.s:21     .text._close:0000000000000000 .L0 
/var/folders/yy/83vjwp7d53j56dbzj8_jnpcr0000gn/T//cc2rkHbJ.s:22     .text._close:0000000000000000 .L0 
/var/folders/yy/83vjwp7d53j56dbzj8_jnpcr0000gn/T//cc2rkHbJ.s:23     .text._close:0000000000000000 .L0 
/var/folders/yy/83vjwp7d53j56dbzj8_jnpcr0000gn/T//cc2rkHbJ.s:26     .text._close:0000000000000004 .L0 
/var/folders/yy/83vjwp7d53j56dbzj8_jnpcr0000gn/T//cc2rkHbJ.s:29     .text._close:0000000000000004 .L0 
                     .debug_frame:0000000000000000 .L0 
/var/folders/yy/83vjwp7d53j56dbzj8_jnpcr0000gn/T//cc2rkHbJ.s:1540   .debug_abbrev:0000000000000000 .Ldebug_abbrev0
/var/folders/yy/83vjwp7d53j56dbzj8_jnpcr0000gn/T//cc2rkHbJ.s:2288   .debug_str:000000000000046c .LASF128
/var/folders/yy/83vjwp7d53j56dbzj8_jnpcr0000gn/T//cc2rkHbJ.s:2286   .debug_str:0000000000000449 .LASF129
/var/folders/yy/83vjwp7d53j56dbzj8_jnpcr0000gn/T//cc2rkHbJ.s:2090   .debug_str:000000000000007c .LASF130
/var/folders/yy/83vjwp7d53j56dbzj8_jnpcr0000gn/T//cc2rkHbJ.s:2060   .debug_ranges:0000000000000000 .Ldebug_ranges0
/var/folders/yy/83vjwp7d53j56dbzj8_jnpcr0000gn/T//cc2rkHbJ.s:2066   .debug_line:0000000000000000 .Ldebug_line0
/var/folders/yy/83vjwp7d53j56dbzj8_jnpcr0000gn/T//cc2rkHbJ.s:2158   .debug_str:0000000000000205 .LASF0
/var/folders/yy/83vjwp7d53j56dbzj8_jnpcr0000gn/T//cc2rkHbJ.s:2172   .debug_str:0000000000000248 .LASF1
/var/folders/yy/83vjwp7d53j56dbzj8_jnpcr0000gn/T//cc2rkHbJ.s:2098   .debug_str:00000000000000f1 .LASF2
/var/folders/yy/83vjwp7d53j56dbzj8_jnpcr0000gn/T//cc2rkHbJ.s:2202   .debug_str:00000000000002d2 .LASF3
/var/folders/yy/83vjwp7d53j56dbzj8_jnpcr0000gn/T//cc2rkHbJ.s:2186   .debug_str:0000000000000293 .LASF10
/var/folders/yy/83vjwp7d53j56dbzj8_jnpcr0000gn/T//cc2rkHbJ.s:2100   .debug_str:00000000000000ff .LASF4
/var/folders/yy/83vjwp7d53j56dbzj8_jnpcr0000gn/T//cc2rkHbJ.s:2220   .debug_str:000000000000032b .LASF5
/var/folders/yy/83vjwp7d53j56dbzj8_jnpcr0000gn/T//cc2rkHbJ.s:2226   .debug_str:0000000000000347 .LASF6
/var/folders/yy/83vjwp7d53j56dbzj8_jnpcr0000gn/T//cc2rkHbJ.s:2116   .debug_str:0000000000000144 .LASF7
/var/folders/yy/83vjwp7d53j56dbzj8_jnpcr0000gn/T//cc2rkHbJ.s:2166   .debug_str:0000000000000229 .LASF8
/var/folders/yy/83vjwp7d53j56dbzj8_jnpcr0000gn/T//cc2rkHbJ.s:2082   .debug_str:000000000000004b .LASF9
/var/folders/yy/83vjwp7d53j56dbzj8_jnpcr0000gn/T//cc2rkHbJ.s:2214   .debug_str:0000000000000308 .LASF11
/var/folders/yy/83vjwp7d53j56dbzj8_jnpcr0000gn/T//cc2rkHbJ.s:2272   .debug_str:0000000000000419 .LASF12
/var/folders/yy/83vjwp7d53j56dbzj8_jnpcr0000gn/T//cc2rkHbJ.s:2308   .debug_str:000000000000054c .LASF13
/var/folders/yy/83vjwp7d53j56dbzj8_jnpcr0000gn/T//cc2rkHbJ.s:2182   .debug_str:0000000000000285 .LASF14
/var/folders/yy/83vjwp7d53j56dbzj8_jnpcr0000gn/T//cc2rkHbJ.s:2160   .debug_str:0000000000000212 .LASF15
/var/folders/yy/83vjwp7d53j56dbzj8_jnpcr0000gn/T//cc2rkHbJ.s:2264   .debug_str:00000000000003f7 .LASF16
/var/folders/yy/83vjwp7d53j56dbzj8_jnpcr0000gn/T//cc2rkHbJ.s:2266   .debug_str:00000000000003ff .LASF17
/var/folders/yy/83vjwp7d53j56dbzj8_jnpcr0000gn/T//cc2rkHbJ.s:2236   .debug_str:000000000000036f .LASF18
/var/folders/yy/83vjwp7d53j56dbzj8_jnpcr0000gn/T//cc2rkHbJ.s:2294   .debug_str:0000000000000502 .LASF19
/var/folders/yy/83vjwp7d53j56dbzj8_jnpcr0000gn/T//cc2rkHbJ.s:2218   .debug_str:0000000000000319 .LASF20
/var/folders/yy/83vjwp7d53j56dbzj8_jnpcr0000gn/T//cc2rkHbJ.s:2144   .debug_str:00000000000001c8 .LASF21
/var/folders/yy/83vjwp7d53j56dbzj8_jnpcr0000gn/T//cc2rkHbJ.s:2148   .debug_str:00000000000001d9 .LASF26
/var/folders/yy/83vjwp7d53j56dbzj8_jnpcr0000gn/T//cc2rkHbJ.s:2284   .debug_str:0000000000000443 .LASF22
/var/folders/yy/83vjwp7d53j56dbzj8_jnpcr0000gn/T//cc2rkHbJ.s:2258   .debug_str:00000000000003e2 .LASF23
/var/folders/yy/83vjwp7d53j56dbzj8_jnpcr0000gn/T//cc2rkHbJ.s:2142   .debug_str:00000000000001c2 .LASF24
/var/folders/yy/83vjwp7d53j56dbzj8_jnpcr0000gn/T//cc2rkHbJ.s:2302   .debug_str:0000000000000537 .LASF25
/var/folders/yy/83vjwp7d53j56dbzj8_jnpcr0000gn/T//cc2rkHbJ.s:2156   .debug_str:0000000000000200 .LASF27
/var/folders/yy/83vjwp7d53j56dbzj8_jnpcr0000gn/T//cc2rkHbJ.s:2096   .debug_str:00000000000000e8 .LASF28
/var/folders/yy/83vjwp7d53j56dbzj8_jnpcr0000gn/T//cc2rkHbJ.s:2278   .debug_str:000000000000042d .LASF29
/var/folders/yy/83vjwp7d53j56dbzj8_jnpcr0000gn/T//cc2rkHbJ.s:2106   .debug_str:0000000000000117 .LASF30
/var/folders/yy/83vjwp7d53j56dbzj8_jnpcr0000gn/T//cc2rkHbJ.s:2332   .debug_str:00000000000005b7 .LASF31
/var/folders/yy/83vjwp7d53j56dbzj8_jnpcr0000gn/T//cc2rkHbJ.s:2208   .debug_str:00000000000002ec .LASF32
/var/folders/yy/83vjwp7d53j56dbzj8_jnpcr0000gn/T//cc2rkHbJ.s:2196   .debug_str:00000000000002b8 .LASF33
/var/folders/yy/83vjwp7d53j56dbzj8_jnpcr0000gn/T//cc2rkHbJ.s:2304   .debug_str:000000000000053c .LASF34
/var/folders/yy/83vjwp7d53j56dbzj8_jnpcr0000gn/T//cc2rkHbJ.s:2228   .debug_str:0000000000000351 .LASF35
/var/folders/yy/83vjwp7d53j56dbzj8_jnpcr0000gn/T//cc2rkHbJ.s:2318   .debug_str:0000000000000577 .LASF36
/var/folders/yy/83vjwp7d53j56dbzj8_jnpcr0000gn/T//cc2rkHbJ.s:2110   .debug_str:0000000000000126 .LASF37
/var/folders/yy/83vjwp7d53j56dbzj8_jnpcr0000gn/T//cc2rkHbJ.s:2138   .debug_str:00000000000001b5 .LASF38
/var/folders/yy/83vjwp7d53j56dbzj8_jnpcr0000gn/T//cc2rkHbJ.s:2068   .debug_str:0000000000000000 .LASF39
GAS LISTING /var/folders/yy/83vjwp7d53j56dbzj8_jnpcr0000gn/T//cc2rkHbJ.s 			page 4


/var/folders/yy/83vjwp7d53j56dbzj8_jnpcr0000gn/T//cc2rkHbJ.s:2290   .debug_str:00000000000004f4 .LASF40
/var/folders/yy/83vjwp7d53j56dbzj8_jnpcr0000gn/T//cc2rkHbJ.s:2120   .debug_str:0000000000000154 .LASF41
/var/folders/yy/83vjwp7d53j56dbzj8_jnpcr0000gn/T//cc2rkHbJ.s:2210   .debug_str:00000000000002f5 .LASF42
/var/folders/yy/83vjwp7d53j56dbzj8_jnpcr0000gn/T//cc2rkHbJ.s:2250   .debug_str:00000000000003b2 .LASF43
/var/folders/yy/83vjwp7d53j56dbzj8_jnpcr0000gn/T//cc2rkHbJ.s:2140   .debug_str:00000000000001bd .LASF44
/var/folders/yy/83vjwp7d53j56dbzj8_jnpcr0000gn/T//cc2rkHbJ.s:2230   .debug_str:000000000000035b .LASF45
/var/folders/yy/83vjwp7d53j56dbzj8_jnpcr0000gn/T//cc2rkHbJ.s:2104   .debug_str:0000000000000111 .LASF46
/var/folders/yy/83vjwp7d53j56dbzj8_jnpcr0000gn/T//cc2rkHbJ.s:2070   .debug_str:000000000000000c .LASF47
/var/folders/yy/83vjwp7d53j56dbzj8_jnpcr0000gn/T//cc2rkHbJ.s:2238   .debug_str:000000000000037a .LASF48
/var/folders/yy/83vjwp7d53j56dbzj8_jnpcr0000gn/T//cc2rkHbJ.s:2118   .debug_str:000000000000014d .LASF49
/var/folders/yy/83vjwp7d53j56dbzj8_jnpcr0000gn/T//cc2rkHbJ.s:2168   .debug_str:000000000000023b .LASF50
/var/folders/yy/83vjwp7d53j56dbzj8_jnpcr0000gn/T//cc2rkHbJ.s:2086   .debug_str:0000000000000068 .LASF51
/var/folders/yy/83vjwp7d53j56dbzj8_jnpcr0000gn/T//cc2rkHbJ.s:2112   .debug_str:0000000000000134 .LASF52
/var/folders/yy/83vjwp7d53j56dbzj8_jnpcr0000gn/T//cc2rkHbJ.s:2152   .debug_str:00000000000001f0 .LASF53
/var/folders/yy/83vjwp7d53j56dbzj8_jnpcr0000gn/T//cc2rkHbJ.s:2194   .debug_str:00000000000002b1 .LASF54
/var/folders/yy/83vjwp7d53j56dbzj8_jnpcr0000gn/T//cc2rkHbJ.s:2268   .debug_str:0000000000000407 .LASF55
/var/folders/yy/83vjwp7d53j56dbzj8_jnpcr0000gn/T//cc2rkHbJ.s:2322   .debug_str:0000000000000591 .LASF56
/var/folders/yy/83vjwp7d53j56dbzj8_jnpcr0000gn/T//cc2rkHbJ.s:2102   .debug_str:000000000000010b .LASF57
/var/folders/yy/83vjwp7d53j56dbzj8_jnpcr0000gn/T//cc2rkHbJ.s:2314   .debug_str:0000000000000569 .LASF58
/var/folders/yy/83vjwp7d53j56dbzj8_jnpcr0000gn/T//cc2rkHbJ.s:2124   .debug_str:0000000000000163 .LASF59
/var/folders/yy/83vjwp7d53j56dbzj8_jnpcr0000gn/T//cc2rkHbJ.s:2130   .debug_str:0000000000000181 .LASF60
/var/folders/yy/83vjwp7d53j56dbzj8_jnpcr0000gn/T//cc2rkHbJ.s:2076   .debug_str:0000000000000025 .LASF61
/var/folders/yy/83vjwp7d53j56dbzj8_jnpcr0000gn/T//cc2rkHbJ.s:2188   .debug_str:000000000000029a .LASF62
/var/folders/yy/83vjwp7d53j56dbzj8_jnpcr0000gn/T//cc2rkHbJ.s:2242   .debug_str:000000000000038c .LASF63
/var/folders/yy/83vjwp7d53j56dbzj8_jnpcr0000gn/T//cc2rkHbJ.s:2190   .debug_str:00000000000002a0 .LASF64
/var/folders/yy/83vjwp7d53j56dbzj8_jnpcr0000gn/T//cc2rkHbJ.s:2260   .debug_str:00000000000003ea .LASF65
/var/folders/yy/83vjwp7d53j56dbzj8_jnpcr0000gn/T//cc2rkHbJ.s:2274   .debug_str:0000000000000421 .LASF66
/var/folders/yy/83vjwp7d53j56dbzj8_jnpcr0000gn/T//cc2rkHbJ.s:2122   .debug_str:000000000000015c .LASF67
/var/folders/yy/83vjwp7d53j56dbzj8_jnpcr0000gn/T//cc2rkHbJ.s:2162   .debug_str:0000000000000219 .LASF68
/var/folders/yy/83vjwp7d53j56dbzj8_jnpcr0000gn/T//cc2rkHbJ.s:2146   .debug_str:00000000000001d1 .LASF69
/var/folders/yy/83vjwp7d53j56dbzj8_jnpcr0000gn/T//cc2rkHbJ.s:2248   .debug_str:00000000000003ad .LASF70
/var/folders/yy/83vjwp7d53j56dbzj8_jnpcr0000gn/T//cc2rkHbJ.s:2074   .debug_str:000000000000001a .LASF71
/var/folders/yy/83vjwp7d53j56dbzj8_jnpcr0000gn/T//cc2rkHbJ.s:2256   .debug_str:00000000000003c9 .LASF72
/var/folders/yy/83vjwp7d53j56dbzj8_jnpcr0000gn/T//cc2rkHbJ.s:2252   .debug_str:00000000000003b7 .LASF73
/var/folders/yy/83vjwp7d53j56dbzj8_jnpcr0000gn/T//cc2rkHbJ.s:2212   .debug_str:00000000000002fd .LASF74
/var/folders/yy/83vjwp7d53j56dbzj8_jnpcr0000gn/T//cc2rkHbJ.s:2254   .debug_str:00000000000003bf .LASF75
/var/folders/yy/83vjwp7d53j56dbzj8_jnpcr0000gn/T//cc2rkHbJ.s:2180   .debug_str:000000000000027d .LASF76
/var/folders/yy/83vjwp7d53j56dbzj8_jnpcr0000gn/T//cc2rkHbJ.s:2154   .debug_str:00000000000001f6 .LASF77
/var/folders/yy/83vjwp7d53j56dbzj8_jnpcr0000gn/T//cc2rkHbJ.s:2330   .debug_str:00000000000005b2 .LASF78
/var/folders/yy/83vjwp7d53j56dbzj8_jnpcr0000gn/T//cc2rkHbJ.s:2216   .debug_str:000000000000030f .LASF79
/var/folders/yy/83vjwp7d53j56dbzj8_jnpcr0000gn/T//cc2rkHbJ.s:2164   .debug_str:0000000000000221 .LASF80
/var/folders/yy/83vjwp7d53j56dbzj8_jnpcr0000gn/T//cc2rkHbJ.s:2128   .debug_str:0000000000000179 .LASF81
/var/folders/yy/83vjwp7d53j56dbzj8_jnpcr0000gn/T//cc2rkHbJ.s:2222   .debug_str:0000000000000339 .LASF82
/var/folders/yy/83vjwp7d53j56dbzj8_jnpcr0000gn/T//cc2rkHbJ.s:2174   .debug_str:000000000000025b .LASF83
/var/folders/yy/83vjwp7d53j56dbzj8_jnpcr0000gn/T//cc2rkHbJ.s:2312   .debug_str:000000000000055f .LASF84
/var/folders/yy/83vjwp7d53j56dbzj8_jnpcr0000gn/T//cc2rkHbJ.s:2114   .debug_str:000000000000013c .LASF85
/var/folders/yy/83vjwp7d53j56dbzj8_jnpcr0000gn/T//cc2rkHbJ.s:2108   .debug_str:0000000000000121 .LASF86
/var/folders/yy/83vjwp7d53j56dbzj8_jnpcr0000gn/T//cc2rkHbJ.s:2276   .debug_str:0000000000000428 .LASF87
/var/folders/yy/83vjwp7d53j56dbzj8_jnpcr0000gn/T//cc2rkHbJ.s:2234   .debug_str:0000000000000368 .LASF88
/var/folders/yy/83vjwp7d53j56dbzj8_jnpcr0000gn/T//cc2rkHbJ.s:2306   .debug_str:0000000000000546 .LASF89
/var/folders/yy/83vjwp7d53j56dbzj8_jnpcr0000gn/T//cc2rkHbJ.s:2170   .debug_str:0000000000000241 .LASF90
/var/folders/yy/83vjwp7d53j56dbzj8_jnpcr0000gn/T//cc2rkHbJ.s:2232   .debug_str:0000000000000362 .LASF91
/var/folders/yy/83vjwp7d53j56dbzj8_jnpcr0000gn/T//cc2rkHbJ.s:2072   .debug_str:0000000000000012 .LASF92
/var/folders/yy/83vjwp7d53j56dbzj8_jnpcr0000gn/T//cc2rkHbJ.s:2262   .debug_str:00000000000003f1 .LASF93
/var/folders/yy/83vjwp7d53j56dbzj8_jnpcr0000gn/T//cc2rkHbJ.s:2282   .debug_str:000000000000043d .LASF94
/var/folders/yy/83vjwp7d53j56dbzj8_jnpcr0000gn/T//cc2rkHbJ.s:2292   .debug_str:00000000000004fd .LASF95
/var/folders/yy/83vjwp7d53j56dbzj8_jnpcr0000gn/T//cc2rkHbJ.s:2300   .debug_str:000000000000052a .LASF96
GAS LISTING /var/folders/yy/83vjwp7d53j56dbzj8_jnpcr0000gn/T//cc2rkHbJ.s 			page 5


/var/folders/yy/83vjwp7d53j56dbzj8_jnpcr0000gn/T//cc2rkHbJ.s:2134   .debug_str:000000000000019a .LASF97
/var/folders/yy/83vjwp7d53j56dbzj8_jnpcr0000gn/T//cc2rkHbJ.s:2178   .debug_str:0000000000000270 .LASF98
/var/folders/yy/83vjwp7d53j56dbzj8_jnpcr0000gn/T//cc2rkHbJ.s:2320   .debug_str:0000000000000582 .LASF99
/var/folders/yy/83vjwp7d53j56dbzj8_jnpcr0000gn/T//cc2rkHbJ.s:2150   .debug_str:00000000000001e1 .LASF100
/var/folders/yy/83vjwp7d53j56dbzj8_jnpcr0000gn/T//cc2rkHbJ.s:2244   .debug_str:0000000000000395 .LASF101
/var/folders/yy/83vjwp7d53j56dbzj8_jnpcr0000gn/T//cc2rkHbJ.s:2324   .debug_str:0000000000000598 .LASF102
/var/folders/yy/83vjwp7d53j56dbzj8_jnpcr0000gn/T//cc2rkHbJ.s:2246   .debug_str:00000000000003a0 .LASF103
/var/folders/yy/83vjwp7d53j56dbzj8_jnpcr0000gn/T//cc2rkHbJ.s:2328   .debug_str:00000000000005a4 .LASF104
/var/folders/yy/83vjwp7d53j56dbzj8_jnpcr0000gn/T//cc2rkHbJ.s:2094   .debug_str:00000000000000da .LASF105
/var/folders/yy/83vjwp7d53j56dbzj8_jnpcr0000gn/T//cc2rkHbJ.s:2310   .debug_str:0000000000000555 .LASF106
/var/folders/yy/83vjwp7d53j56dbzj8_jnpcr0000gn/T//cc2rkHbJ.s:2176   .debug_str:0000000000000264 .LASF107
/var/folders/yy/83vjwp7d53j56dbzj8_jnpcr0000gn/T//cc2rkHbJ.s:2296   .debug_str:000000000000050a .LASF108
/var/folders/yy/83vjwp7d53j56dbzj8_jnpcr0000gn/T//cc2rkHbJ.s:2136   .debug_str:00000000000001a7 .LASF109
/var/folders/yy/83vjwp7d53j56dbzj8_jnpcr0000gn/T//cc2rkHbJ.s:2092   .debug_str:00000000000000cb .LASF110
/var/folders/yy/83vjwp7d53j56dbzj8_jnpcr0000gn/T//cc2rkHbJ.s:2132   .debug_str:0000000000000189 .LASF111
/var/folders/yy/83vjwp7d53j56dbzj8_jnpcr0000gn/T//cc2rkHbJ.s:2078   .debug_str:000000000000002b .LASF112
/var/folders/yy/83vjwp7d53j56dbzj8_jnpcr0000gn/T//cc2rkHbJ.s:2080   .debug_str:000000000000003a .LASF113
/var/folders/yy/83vjwp7d53j56dbzj8_jnpcr0000gn/T//cc2rkHbJ.s:2224   .debug_str:000000000000033e .LASF114
/var/folders/yy/83vjwp7d53j56dbzj8_jnpcr0000gn/T//cc2rkHbJ.s:2206   .debug_str:00000000000002e5 .LASF115
/var/folders/yy/83vjwp7d53j56dbzj8_jnpcr0000gn/T//cc2rkHbJ.s:2198   .debug_str:00000000000002c2 .LASF116
/var/folders/yy/83vjwp7d53j56dbzj8_jnpcr0000gn/T//cc2rkHbJ.s:2316   .debug_str:000000000000056f .LASF117
/var/folders/yy/83vjwp7d53j56dbzj8_jnpcr0000gn/T//cc2rkHbJ.s:2088   .debug_str:0000000000000071 .LASF131
/var/folders/yy/83vjwp7d53j56dbzj8_jnpcr0000gn/T//cc2rkHbJ.s:2270   .debug_str:000000000000040d .LASF118
/var/folders/yy/83vjwp7d53j56dbzj8_jnpcr0000gn/T//cc2rkHbJ.s:2298   .debug_str:0000000000000517 .LASF119
/var/folders/yy/83vjwp7d53j56dbzj8_jnpcr0000gn/T//cc2rkHbJ.s:2126   .debug_str:000000000000016c .LASF120
/var/folders/yy/83vjwp7d53j56dbzj8_jnpcr0000gn/T//cc2rkHbJ.s:2240   .debug_str:0000000000000382 .LASF121
/var/folders/yy/83vjwp7d53j56dbzj8_jnpcr0000gn/T//cc2rkHbJ.s:2184   .debug_str:000000000000028b .LASF122
/var/folders/yy/83vjwp7d53j56dbzj8_jnpcr0000gn/T//cc2rkHbJ.s:2200   .debug_str:00000000000002cb .LASF123
/var/folders/yy/83vjwp7d53j56dbzj8_jnpcr0000gn/T//cc2rkHbJ.s:2204   .debug_str:00000000000002de .LASF124
/var/folders/yy/83vjwp7d53j56dbzj8_jnpcr0000gn/T//cc2rkHbJ.s:2280   .debug_str:0000000000000436 .LASF125
/var/folders/yy/83vjwp7d53j56dbzj8_jnpcr0000gn/T//cc2rkHbJ.s:2326   .debug_str:000000000000059d .LASF126
/var/folders/yy/83vjwp7d53j56dbzj8_jnpcr0000gn/T//cc2rkHbJ.s:2192   .debug_str:00000000000002a8 .LASF127
/var/folders/yy/83vjwp7d53j56dbzj8_jnpcr0000gn/T//cc2rkHbJ.s:14     .text._close:0000000000000000 .LFB1
/var/folders/yy/83vjwp7d53j56dbzj8_jnpcr0000gn/T//cc2rkHbJ.s:27     .text._close:0000000000000004 .LFE1
/var/folders/yy/83vjwp7d53j56dbzj8_jnpcr0000gn/T//cc2rkHbJ.s:2033   .debug_loc:0000000000000000 .LLST0
/var/folders/yy/83vjwp7d53j56dbzj8_jnpcr0000gn/T//cc2rkHbJ.s:2084   .debug_str:0000000000000062 .LASF132
/var/folders/yy/83vjwp7d53j56dbzj8_jnpcr0000gn/T//cc2rkHbJ.s:18     .text._close:0000000000000000 .LVL0
/var/folders/yy/83vjwp7d53j56dbzj8_jnpcr0000gn/T//cc2rkHbJ.s:24     .text._close:0000000000000002 .LVL1
/var/folders/yy/83vjwp7d53j56dbzj8_jnpcr0000gn/T//cc2rkHbJ.s:38     .debug_info:0000000000000000 .Ldebug_info0

NO UNDEFINED SYMBOLS
