GAS LISTING /var/folders/yy/83vjwp7d53j56dbzj8_jnpcr0000gn/T//ccqSXOYj.s 			page 1


   1              		.file	"init.c"
   2              		.option nopic
   3              		.attribute arch, "rv32i2p0_m2p0_a2p0_c2p0"
   4              		.attribute unaligned_access, 0
   5              		.attribute stack_align, 16
   6              		.text
   7              	.Ltext0:
   8              		.cfi_sections	.debug_frame
   9              		.section	.text._init,"ax",@progbits
  10              		.align	1
  11              		.globl	_init
  13              	_init:
  14              	.LFB5:
  15              		.file 1 "../../firmware/RISCV/env_Eclipse/init.c"
   1:../../firmware/RISCV/env_Eclipse/init.c **** //See LICENSE for license details.
   2:../../firmware/RISCV/env_Eclipse/init.c **** #include <gd32vf103.h>
   3:../../firmware/RISCV/env_Eclipse/init.c **** #include <stdint.h>
   4:../../firmware/RISCV/env_Eclipse/init.c **** #include <stdio.h>
   5:../../firmware/RISCV/env_Eclipse/init.c **** #include <unistd.h>
   6:../../firmware/RISCV/env_Eclipse/init.c **** #include "riscv_encoding.h"
   7:../../firmware/RISCV/env_Eclipse/init.c **** #include "n200_func.h"
   8:../../firmware/RISCV/env_Eclipse/init.c **** 
   9:../../firmware/RISCV/env_Eclipse/init.c **** #ifdef USE_SOFTWARE_DEBUGGER
  10:../../firmware/RISCV/env_Eclipse/init.c **** #include "debugger.h"
  11:../../firmware/RISCV/env_Eclipse/init.c **** #endif
  12:../../firmware/RISCV/env_Eclipse/init.c **** 
  13:../../firmware/RISCV/env_Eclipse/init.c **** extern uint32_t disable_mcycle_minstret();
  14:../../firmware/RISCV/env_Eclipse/init.c **** void _init()
  15:../../firmware/RISCV/env_Eclipse/init.c **** {
  16              		.loc 1 15 1
  17              		.cfi_startproc
  16:../../firmware/RISCV/env_Eclipse/init.c **** 	SystemInit();
  18              		.loc 1 16 2
  15:../../firmware/RISCV/env_Eclipse/init.c **** 	SystemInit();
  19              		.loc 1 15 1 is_stmt 0
  20 0000 4111     		addi	sp,sp,-16
  21              	.LCFI0:
  22              		.cfi_def_cfa_offset 16
  23 0002 06C6     		sw	ra,12(sp)
  24              		.cfi_offset 1, -4
  25              		.loc 1 16 2
  26 0004 97000000 		call	SystemInit
  26      E7800000 
  27              	.LVL0:
  17:../../firmware/RISCV/env_Eclipse/init.c **** 
  18:../../firmware/RISCV/env_Eclipse/init.c **** 	//ECLIC init
  19:../../firmware/RISCV/env_Eclipse/init.c **** 	eclic_init(ECLIC_NUM_INTERRUPTS);
  28              		.loc 1 19 2 is_stmt 1
  29 000c 13057005 		li	a0,87
  30 0010 97000000 		call	eclic_init
  30      E7800000 
  31              	.LVL1:
  20:../../firmware/RISCV/env_Eclipse/init.c **** 	eclic_mode_enable();
  32              		.loc 1 20 2
  33 0018 97000000 		call	eclic_mode_enable
  33      E7800000 
  34              	.LVL2:
GAS LISTING /var/folders/yy/83vjwp7d53j56dbzj8_jnpcr0000gn/T//ccqSXOYj.s 			page 2


  21:../../firmware/RISCV/env_Eclipse/init.c **** 
  22:../../firmware/RISCV/env_Eclipse/init.c **** 	//printf("After ECLIC mode enabled, the mtvec value is %x \n\n\r", read_csr(mtvec));
  23:../../firmware/RISCV/env_Eclipse/init.c **** 
  24:../../firmware/RISCV/env_Eclipse/init.c **** 	// // It must be NOTED:
  25:../../firmware/RISCV/env_Eclipse/init.c **** 	//  //    * In the RISC-V arch, if user mode and PMP supported, then by default if PMP is not conf
  26:../../firmware/RISCV/env_Eclipse/init.c **** 	//  //      with valid entries, then user mode cannot access any memory, and cannot execute any in
  27:../../firmware/RISCV/env_Eclipse/init.c **** 	//  //    * So if switch to user-mode and still want to continue, then you must configure PMP firs
  28:../../firmware/RISCV/env_Eclipse/init.c **** 	//pmp_open_all_space();
  29:../../firmware/RISCV/env_Eclipse/init.c **** 	//switch_m2u_mode();
  30:../../firmware/RISCV/env_Eclipse/init.c **** 	
  31:../../firmware/RISCV/env_Eclipse/init.c ****     /* Before enter into main, add the cycle/instret disable by default to save power,
  32:../../firmware/RISCV/env_Eclipse/init.c ****     only use them when needed to measure the cycle/instret */
  33:../../firmware/RISCV/env_Eclipse/init.c **** 	disable_mcycle_minstret();
  35              		.loc 1 33 2
  34:../../firmware/RISCV/env_Eclipse/init.c **** #ifdef USE_SOFTWARE_DEBUGGER
  35:../../firmware/RISCV/env_Eclipse/init.c **** 	dbg_init();
  36:../../firmware/RISCV/env_Eclipse/init.c **** #endif
  37:../../firmware/RISCV/env_Eclipse/init.c **** 	
  38:../../firmware/RISCV/env_Eclipse/init.c **** 
  39:../../firmware/RISCV/env_Eclipse/init.c **** }
  36              		.loc 1 39 1 is_stmt 0
  37 0020 B240     		lw	ra,12(sp)
  38              		.cfi_restore 1
  39 0022 4101     		addi	sp,sp,16
  40              	.LCFI1:
  41              		.cfi_def_cfa_offset 0
  33:../../firmware/RISCV/env_Eclipse/init.c **** #ifdef USE_SOFTWARE_DEBUGGER
  42              		.loc 1 33 2
  43 0024 17030000 		tail	disable_mcycle_minstret
  43      67000300 
  44              	.LVL3:
  45              		.cfi_endproc
  46              	.LFE5:
  48              		.section	.text._fini,"ax",@progbits
  49              		.align	1
  50              		.globl	_fini
  52              	_fini:
  53              	.LFB6:
  40:../../firmware/RISCV/env_Eclipse/init.c **** 
  41:../../firmware/RISCV/env_Eclipse/init.c **** void _fini()
  42:../../firmware/RISCV/env_Eclipse/init.c **** {
  54              		.loc 1 42 1 is_stmt 1
  55              		.cfi_startproc
  43:../../firmware/RISCV/env_Eclipse/init.c **** }
  56              		.loc 1 43 1
  57 0000 8280     		ret
  58              		.cfi_endproc
  59              	.LFE6:
  61              		.text
  62              	.Letext0:
  63              		.file 2 "/Users/gulda/Documents/risc-v/toolchain-gd32v-v200-osx/compiler/riscv64-unknown-elf/inclu
  64              		.file 3 "/Users/gulda/Documents/risc-v/toolchain-gd32v-v200-osx/compiler/riscv64-unknown-elf/inclu
  65              		.file 4 "/Users/gulda/Documents/risc-v/toolchain-gd32v-v200-osx/compiler/lib/gcc/riscv64-unknown-e
  66              		.file 5 "/Users/gulda/Documents/risc-v/toolchain-gd32v-v200-osx/compiler/riscv64-unknown-elf/inclu
  67              		.file 6 "/Users/gulda/Documents/risc-v/toolchain-gd32v-v200-osx/compiler/riscv64-unknown-elf/inclu
  68              		.file 7 "/Users/gulda/Documents/risc-v/toolchain-gd32v-v200-osx/compiler/riscv64-unknown-elf/inclu
  69              		.file 8 "../../firmware/GD32VF103_standard_peripheral/system_gd32vf103.h"
GAS LISTING /var/folders/yy/83vjwp7d53j56dbzj8_jnpcr0000gn/T//ccqSXOYj.s 			page 3


  70              		.file 9 "/Users/gulda/Documents/risc-v/toolchain-gd32v-v200-osx/compiler/riscv64-unknown-elf/inclu
  71              		.file 10 "../../firmware/RISCV/drivers/n200_func.h"
  72              		.file 11 "../../firmware/GD32VF103_standard_peripheral/gd32vf103.h"
GAS LISTING /var/folders/yy/83vjwp7d53j56dbzj8_jnpcr0000gn/T//ccqSXOYj.s 			page 4


DEFINED SYMBOLS
                            *ABS*:0000000000000000 init.c
/var/folders/yy/83vjwp7d53j56dbzj8_jnpcr0000gn/T//ccqSXOYj.s:13     .text._init:0000000000000000 _init
/var/folders/yy/83vjwp7d53j56dbzj8_jnpcr0000gn/T//ccqSXOYj.s:17     .text._init:0000000000000000 .L0 
/var/folders/yy/83vjwp7d53j56dbzj8_jnpcr0000gn/T//ccqSXOYj.s:18     .text._init:0000000000000000 .L0 
/var/folders/yy/83vjwp7d53j56dbzj8_jnpcr0000gn/T//ccqSXOYj.s:19     .text._init:0000000000000000 .L0 
/var/folders/yy/83vjwp7d53j56dbzj8_jnpcr0000gn/T//ccqSXOYj.s:20     .text._init:0000000000000000 .L0 
/var/folders/yy/83vjwp7d53j56dbzj8_jnpcr0000gn/T//ccqSXOYj.s:22     .text._init:0000000000000002 .L0 
/var/folders/yy/83vjwp7d53j56dbzj8_jnpcr0000gn/T//ccqSXOYj.s:24     .text._init:0000000000000004 .L0 
/var/folders/yy/83vjwp7d53j56dbzj8_jnpcr0000gn/T//ccqSXOYj.s:26     .text._init:0000000000000004 .L0 
/var/folders/yy/83vjwp7d53j56dbzj8_jnpcr0000gn/T//ccqSXOYj.s:29     .text._init:000000000000000c .L0 
/var/folders/yy/83vjwp7d53j56dbzj8_jnpcr0000gn/T//ccqSXOYj.s:33     .text._init:0000000000000018 .L0 
/var/folders/yy/83vjwp7d53j56dbzj8_jnpcr0000gn/T//ccqSXOYj.s:36     .text._init:0000000000000020 .L0 
/var/folders/yy/83vjwp7d53j56dbzj8_jnpcr0000gn/T//ccqSXOYj.s:37     .text._init:0000000000000020 .L0 
/var/folders/yy/83vjwp7d53j56dbzj8_jnpcr0000gn/T//ccqSXOYj.s:38     .text._init:0000000000000022 .L0 
/var/folders/yy/83vjwp7d53j56dbzj8_jnpcr0000gn/T//ccqSXOYj.s:41     .text._init:0000000000000024 .L0 
/var/folders/yy/83vjwp7d53j56dbzj8_jnpcr0000gn/T//ccqSXOYj.s:43     .text._init:0000000000000024 .L0 
/var/folders/yy/83vjwp7d53j56dbzj8_jnpcr0000gn/T//ccqSXOYj.s:45     .text._init:000000000000002c .L0 
/var/folders/yy/83vjwp7d53j56dbzj8_jnpcr0000gn/T//ccqSXOYj.s:52     .text._fini:0000000000000000 _fini
/var/folders/yy/83vjwp7d53j56dbzj8_jnpcr0000gn/T//ccqSXOYj.s:55     .text._fini:0000000000000000 .L0 
/var/folders/yy/83vjwp7d53j56dbzj8_jnpcr0000gn/T//ccqSXOYj.s:56     .text._fini:0000000000000000 .L0 
/var/folders/yy/83vjwp7d53j56dbzj8_jnpcr0000gn/T//ccqSXOYj.s:57     .text._fini:0000000000000000 .L0 
/var/folders/yy/83vjwp7d53j56dbzj8_jnpcr0000gn/T//ccqSXOYj.s:58     .text._fini:0000000000000002 .L0 
/var/folders/yy/83vjwp7d53j56dbzj8_jnpcr0000gn/T//ccqSXOYj.s:48     .text._init:000000000000002c .L0 
/var/folders/yy/83vjwp7d53j56dbzj8_jnpcr0000gn/T//ccqSXOYj.s:61     .text._fini:0000000000000002 .L0 
                     .debug_frame:0000000000000000 .L0 
/var/folders/yy/83vjwp7d53j56dbzj8_jnpcr0000gn/T//ccqSXOYj.s:1818   .debug_abbrev:0000000000000000 .Ldebug_abbrev0
/var/folders/yy/83vjwp7d53j56dbzj8_jnpcr0000gn/T//ccqSXOYj.s:2742   .debug_str:0000000000000795 .LASF199
/var/folders/yy/83vjwp7d53j56dbzj8_jnpcr0000gn/T//ccqSXOYj.s:2696   .debug_str:00000000000006a8 .LASF200
/var/folders/yy/83vjwp7d53j56dbzj8_jnpcr0000gn/T//ccqSXOYj.s:2538   .debug_str:0000000000000317 .LASF201
/var/folders/yy/83vjwp7d53j56dbzj8_jnpcr0000gn/T//ccqSXOYj.s:2396   .debug_ranges:0000000000000000 .Ldebug_ranges0
/var/folders/yy/83vjwp7d53j56dbzj8_jnpcr0000gn/T//ccqSXOYj.s:2404   .debug_line:0000000000000000 .Ldebug_line0
/var/folders/yy/83vjwp7d53j56dbzj8_jnpcr0000gn/T//ccqSXOYj.s:2606   .debug_str:00000000000004be .LASF202
/var/folders/yy/83vjwp7d53j56dbzj8_jnpcr0000gn/T//ccqSXOYj.s:2522   .debug_str:00000000000002ca .LASF0
/var/folders/yy/83vjwp7d53j56dbzj8_jnpcr0000gn/T//ccqSXOYj.s:2812   .debug_str:000000000000099b .LASF1
/var/folders/yy/83vjwp7d53j56dbzj8_jnpcr0000gn/T//ccqSXOYj.s:2754   .debug_str:0000000000000858 .LASF2
/var/folders/yy/83vjwp7d53j56dbzj8_jnpcr0000gn/T//ccqSXOYj.s:2516   .debug_str:000000000000029b .LASF3
/var/folders/yy/83vjwp7d53j56dbzj8_jnpcr0000gn/T//ccqSXOYj.s:2598   .debug_str:0000000000000495 .LASF4
/var/folders/yy/83vjwp7d53j56dbzj8_jnpcr0000gn/T//ccqSXOYj.s:2576   .debug_str:000000000000043d .LASF5
/var/folders/yy/83vjwp7d53j56dbzj8_jnpcr0000gn/T//ccqSXOYj.s:2792   .debug_str:0000000000000929 .LASF6
/var/folders/yy/83vjwp7d53j56dbzj8_jnpcr0000gn/T//ccqSXOYj.s:2744   .debug_str:000000000000081d .LASF7
/var/folders/yy/83vjwp7d53j56dbzj8_jnpcr0000gn/T//ccqSXOYj.s:2578   .debug_str:0000000000000448 .LASF8
/var/folders/yy/83vjwp7d53j56dbzj8_jnpcr0000gn/T//ccqSXOYj.s:2784   .debug_str:00000000000008fe .LASF9
/var/folders/yy/83vjwp7d53j56dbzj8_jnpcr0000gn/T//ccqSXOYj.s:2660   .debug_str:00000000000005ed .LASF10
/var/folders/yy/83vjwp7d53j56dbzj8_jnpcr0000gn/T//ccqSXOYj.s:2766   .debug_str:00000000000008a3 .LASF11
/var/folders/yy/83vjwp7d53j56dbzj8_jnpcr0000gn/T//ccqSXOYj.s:2816   .debug_str:00000000000009b2 .LASF12
/var/folders/yy/83vjwp7d53j56dbzj8_jnpcr0000gn/T//ccqSXOYj.s:2442   .debug_str:00000000000000ed .LASF13
/var/folders/yy/83vjwp7d53j56dbzj8_jnpcr0000gn/T//ccqSXOYj.s:2622   .debug_str:0000000000000508 .LASF14
/var/folders/yy/83vjwp7d53j56dbzj8_jnpcr0000gn/T//ccqSXOYj.s:2662   .debug_str:00000000000005fa .LASF15
/var/folders/yy/83vjwp7d53j56dbzj8_jnpcr0000gn/T//ccqSXOYj.s:2674   .debug_str:0000000000000630 .LASF16
/var/folders/yy/83vjwp7d53j56dbzj8_jnpcr0000gn/T//ccqSXOYj.s:2438   .debug_str:00000000000000cf .LASF17
/var/folders/yy/83vjwp7d53j56dbzj8_jnpcr0000gn/T//ccqSXOYj.s:2502   .debug_str:0000000000000246 .LASF18
/var/folders/yy/83vjwp7d53j56dbzj8_jnpcr0000gn/T//ccqSXOYj.s:2554   .debug_str:00000000000003b8 .LASF19
/var/folders/yy/83vjwp7d53j56dbzj8_jnpcr0000gn/T//ccqSXOYj.s:2636   .debug_str:000000000000055d .LASF20
/var/folders/yy/83vjwp7d53j56dbzj8_jnpcr0000gn/T//ccqSXOYj.s:2776   .debug_str:00000000000008ce .LASF21
/var/folders/yy/83vjwp7d53j56dbzj8_jnpcr0000gn/T//ccqSXOYj.s:2410   .debug_str:0000000000000016 .LASF22
/var/folders/yy/83vjwp7d53j56dbzj8_jnpcr0000gn/T//ccqSXOYj.s:2446   .debug_str:0000000000000107 .LASF23
GAS LISTING /var/folders/yy/83vjwp7d53j56dbzj8_jnpcr0000gn/T//ccqSXOYj.s 			page 5


/var/folders/yy/83vjwp7d53j56dbzj8_jnpcr0000gn/T//ccqSXOYj.s:2512   .debug_str:0000000000000283 .LASF24
/var/folders/yy/83vjwp7d53j56dbzj8_jnpcr0000gn/T//ccqSXOYj.s:2412   .debug_str:0000000000000029 .LASF25
/var/folders/yy/83vjwp7d53j56dbzj8_jnpcr0000gn/T//ccqSXOYj.s:2456   .debug_str:0000000000000156 .LASF26
/var/folders/yy/83vjwp7d53j56dbzj8_jnpcr0000gn/T//ccqSXOYj.s:2506   .debug_str:0000000000000267 .LASF27
/var/folders/yy/83vjwp7d53j56dbzj8_jnpcr0000gn/T//ccqSXOYj.s:2496   .debug_str:000000000000021c .LASF28
/var/folders/yy/83vjwp7d53j56dbzj8_jnpcr0000gn/T//ccqSXOYj.s:2546   .debug_str:0000000000000389 .LASF29
/var/folders/yy/83vjwp7d53j56dbzj8_jnpcr0000gn/T//ccqSXOYj.s:2470   .debug_str:0000000000000197 .LASF30
/var/folders/yy/83vjwp7d53j56dbzj8_jnpcr0000gn/T//ccqSXOYj.s:2786   .debug_str:0000000000000907 .LASF31
/var/folders/yy/83vjwp7d53j56dbzj8_jnpcr0000gn/T//ccqSXOYj.s:2448   .debug_str:0000000000000113 .LASF32
/var/folders/yy/83vjwp7d53j56dbzj8_jnpcr0000gn/T//ccqSXOYj.s:2618   .debug_str:00000000000004f5 .LASF33
/var/folders/yy/83vjwp7d53j56dbzj8_jnpcr0000gn/T//ccqSXOYj.s:2656   .debug_str:00000000000005db .LASF34
/var/folders/yy/83vjwp7d53j56dbzj8_jnpcr0000gn/T//ccqSXOYj.s:2724   .debug_str:000000000000073a .LASF35
/var/folders/yy/83vjwp7d53j56dbzj8_jnpcr0000gn/T//ccqSXOYj.s:2654   .debug_str:00000000000005ce .LASF36
/var/folders/yy/83vjwp7d53j56dbzj8_jnpcr0000gn/T//ccqSXOYj.s:2738   .debug_str:0000000000000782 .LASF37
/var/folders/yy/83vjwp7d53j56dbzj8_jnpcr0000gn/T//ccqSXOYj.s:2422   .debug_str:0000000000000060 .LASF38
/var/folders/yy/83vjwp7d53j56dbzj8_jnpcr0000gn/T//ccqSXOYj.s:2804   .debug_str:000000000000096b .LASF39
/var/folders/yy/83vjwp7d53j56dbzj8_jnpcr0000gn/T//ccqSXOYj.s:2536   .debug_str:000000000000030d .LASF40
/var/folders/yy/83vjwp7d53j56dbzj8_jnpcr0000gn/T//ccqSXOYj.s:2584   .debug_str:000000000000045f .LASF41
/var/folders/yy/83vjwp7d53j56dbzj8_jnpcr0000gn/T//ccqSXOYj.s:2480   .debug_str:00000000000001cb .LASF42
/var/folders/yy/83vjwp7d53j56dbzj8_jnpcr0000gn/T//ccqSXOYj.s:2648   .debug_str:00000000000005b1 .LASF43
/var/folders/yy/83vjwp7d53j56dbzj8_jnpcr0000gn/T//ccqSXOYj.s:2708   .debug_str:00000000000006f5 .LASF44
/var/folders/yy/83vjwp7d53j56dbzj8_jnpcr0000gn/T//ccqSXOYj.s:2768   .debug_str:00000000000008ae .LASF45
/var/folders/yy/83vjwp7d53j56dbzj8_jnpcr0000gn/T//ccqSXOYj.s:2732   .debug_str:0000000000000762 .LASF46
/var/folders/yy/83vjwp7d53j56dbzj8_jnpcr0000gn/T//ccqSXOYj.s:2810   .debug_str:000000000000098b .LASF47
/var/folders/yy/83vjwp7d53j56dbzj8_jnpcr0000gn/T//ccqSXOYj.s:2526   .debug_str:00000000000002e1 .LASF48
/var/folders/yy/83vjwp7d53j56dbzj8_jnpcr0000gn/T//ccqSXOYj.s:2484   .debug_str:00000000000001e9 .LASF49
/var/folders/yy/83vjwp7d53j56dbzj8_jnpcr0000gn/T//ccqSXOYj.s:2624   .debug_str:0000000000000513 .LASF50
/var/folders/yy/83vjwp7d53j56dbzj8_jnpcr0000gn/T//ccqSXOYj.s:2640   .debug_str:0000000000000577 .LASF51
/var/folders/yy/83vjwp7d53j56dbzj8_jnpcr0000gn/T//ccqSXOYj.s:2514   .debug_str:0000000000000290 .LASF52
/var/folders/yy/83vjwp7d53j56dbzj8_jnpcr0000gn/T//ccqSXOYj.s:2544   .debug_str:000000000000037d .LASF53
/var/folders/yy/83vjwp7d53j56dbzj8_jnpcr0000gn/T//ccqSXOYj.s:2590   .debug_str:0000000000000476 .LASF54
/var/folders/yy/83vjwp7d53j56dbzj8_jnpcr0000gn/T//ccqSXOYj.s:2798   .debug_str:000000000000094c .LASF55
/var/folders/yy/83vjwp7d53j56dbzj8_jnpcr0000gn/T//ccqSXOYj.s:2642   .debug_str:0000000000000582 .LASF56
/var/folders/yy/83vjwp7d53j56dbzj8_jnpcr0000gn/T//ccqSXOYj.s:2610   .debug_str:00000000000004cc .LASF57
/var/folders/yy/83vjwp7d53j56dbzj8_jnpcr0000gn/T//ccqSXOYj.s:2500   .debug_str:0000000000000233 .LASF58
/var/folders/yy/83vjwp7d53j56dbzj8_jnpcr0000gn/T//ccqSXOYj.s:2520   .debug_str:00000000000002b7 .LASF59
/var/folders/yy/83vjwp7d53j56dbzj8_jnpcr0000gn/T//ccqSXOYj.s:2568   .debug_str:000000000000040c .LASF60
/var/folders/yy/83vjwp7d53j56dbzj8_jnpcr0000gn/T//ccqSXOYj.s:2414   .debug_str:0000000000000037 .LASF61
/var/folders/yy/83vjwp7d53j56dbzj8_jnpcr0000gn/T//ccqSXOYj.s:2430   .debug_str:0000000000000096 .LASF62
/var/folders/yy/83vjwp7d53j56dbzj8_jnpcr0000gn/T//ccqSXOYj.s:2560   .debug_str:00000000000003e5 .LASF63
/var/folders/yy/83vjwp7d53j56dbzj8_jnpcr0000gn/T//ccqSXOYj.s:2574   .debug_str:0000000000000432 .LASF64
/var/folders/yy/83vjwp7d53j56dbzj8_jnpcr0000gn/T//ccqSXOYj.s:2626   .debug_str:000000000000051d .LASF65
/var/folders/yy/83vjwp7d53j56dbzj8_jnpcr0000gn/T//ccqSXOYj.s:2728   .debug_str:000000000000074c .LASF66
/var/folders/yy/83vjwp7d53j56dbzj8_jnpcr0000gn/T//ccqSXOYj.s:2462   .debug_str:0000000000000172 .LASF67
/var/folders/yy/83vjwp7d53j56dbzj8_jnpcr0000gn/T//ccqSXOYj.s:2748   .debug_str:000000000000083c .LASF68
/var/folders/yy/83vjwp7d53j56dbzj8_jnpcr0000gn/T//ccqSXOYj.s:2408   .debug_str:000000000000000c .LASF69
/var/folders/yy/83vjwp7d53j56dbzj8_jnpcr0000gn/T//ccqSXOYj.s:2746   .debug_str:0000000000000829 .LASF70
/var/folders/yy/83vjwp7d53j56dbzj8_jnpcr0000gn/T//ccqSXOYj.s:2488   .debug_str:00000000000001fd .LASF71
/var/folders/yy/83vjwp7d53j56dbzj8_jnpcr0000gn/T//ccqSXOYj.s:2734   .debug_str:0000000000000771 .LASF75
/var/folders/yy/83vjwp7d53j56dbzj8_jnpcr0000gn/T//ccqSXOYj.s:2558   .debug_str:00000000000003d3 .LASF72
/var/folders/yy/83vjwp7d53j56dbzj8_jnpcr0000gn/T//ccqSXOYj.s:2504   .debug_str:0000000000000259 .LASF73
/var/folders/yy/83vjwp7d53j56dbzj8_jnpcr0000gn/T//ccqSXOYj.s:2432   .debug_str:00000000000000a4 .LASF74
/var/folders/yy/83vjwp7d53j56dbzj8_jnpcr0000gn/T//ccqSXOYj.s:2762   .debug_str:000000000000088d .LASF76
/var/folders/yy/83vjwp7d53j56dbzj8_jnpcr0000gn/T//ccqSXOYj.s:2550   .debug_str:00000000000003a0 .LASF186
/var/folders/yy/83vjwp7d53j56dbzj8_jnpcr0000gn/T//ccqSXOYj.s:2714   .debug_str:0000000000000713 .LASF77
/var/folders/yy/83vjwp7d53j56dbzj8_jnpcr0000gn/T//ccqSXOYj.s:2638   .debug_str:0000000000000570 .LASF78
/var/folders/yy/83vjwp7d53j56dbzj8_jnpcr0000gn/T//ccqSXOYj.s:2458   .debug_str:0000000000000164 .LASF79
GAS LISTING /var/folders/yy/83vjwp7d53j56dbzj8_jnpcr0000gn/T//ccqSXOYj.s 			page 6


/var/folders/yy/83vjwp7d53j56dbzj8_jnpcr0000gn/T//ccqSXOYj.s:2712   .debug_str:000000000000070b .LASF80
/var/folders/yy/83vjwp7d53j56dbzj8_jnpcr0000gn/T//ccqSXOYj.s:2778   .debug_str:00000000000008e1 .LASF81
/var/folders/yy/83vjwp7d53j56dbzj8_jnpcr0000gn/T//ccqSXOYj.s:2582   .debug_str:0000000000000459 .LASF82
/var/folders/yy/83vjwp7d53j56dbzj8_jnpcr0000gn/T//ccqSXOYj.s:2548   .debug_str:0000000000000399 .LASF83
/var/folders/yy/83vjwp7d53j56dbzj8_jnpcr0000gn/T//ccqSXOYj.s:2704   .debug_str:00000000000006e5 .LASF84
/var/folders/yy/83vjwp7d53j56dbzj8_jnpcr0000gn/T//ccqSXOYj.s:2706   .debug_str:00000000000006ed .LASF85
/var/folders/yy/83vjwp7d53j56dbzj8_jnpcr0000gn/T//ccqSXOYj.s:2678   .debug_str:000000000000064a .LASF86
/var/folders/yy/83vjwp7d53j56dbzj8_jnpcr0000gn/T//ccqSXOYj.s:2756   .debug_str:0000000000000865 .LASF87
/var/folders/yy/83vjwp7d53j56dbzj8_jnpcr0000gn/T//ccqSXOYj.s:2646   .debug_str:000000000000059f .LASF88
/var/folders/yy/83vjwp7d53j56dbzj8_jnpcr0000gn/T//ccqSXOYj.s:2666   .debug_str:000000000000060e .LASF89
/var/folders/yy/83vjwp7d53j56dbzj8_jnpcr0000gn/T//ccqSXOYj.s:2534   .debug_str:0000000000000305 .LASF94
/var/folders/yy/83vjwp7d53j56dbzj8_jnpcr0000gn/T//ccqSXOYj.s:2736   .debug_str:000000000000077c .LASF90
/var/folders/yy/83vjwp7d53j56dbzj8_jnpcr0000gn/T//ccqSXOYj.s:2698   .debug_str:00000000000006d0 .LASF91
/var/folders/yy/83vjwp7d53j56dbzj8_jnpcr0000gn/T//ccqSXOYj.s:2528   .debug_str:00000000000002eb .LASF92
/var/folders/yy/83vjwp7d53j56dbzj8_jnpcr0000gn/T//ccqSXOYj.s:2772   .debug_str:00000000000008c3 .LASF93
/var/folders/yy/83vjwp7d53j56dbzj8_jnpcr0000gn/T//ccqSXOYj.s:2510   .debug_str:000000000000027e .LASF95
/var/folders/yy/83vjwp7d53j56dbzj8_jnpcr0000gn/T//ccqSXOYj.s:2454   .debug_str:000000000000014d .LASF96
/var/folders/yy/83vjwp7d53j56dbzj8_jnpcr0000gn/T//ccqSXOYj.s:2750   .debug_str:000000000000084a .LASF97
/var/folders/yy/83vjwp7d53j56dbzj8_jnpcr0000gn/T//ccqSXOYj.s:2472   .debug_str:00000000000001a6 .LASF98
/var/folders/yy/83vjwp7d53j56dbzj8_jnpcr0000gn/T//ccqSXOYj.s:2814   .debug_str:00000000000009a8 .LASF99
/var/folders/yy/83vjwp7d53j56dbzj8_jnpcr0000gn/T//ccqSXOYj.s:2628   .debug_str:0000000000000532 .LASF100
/var/folders/yy/83vjwp7d53j56dbzj8_jnpcr0000gn/T//ccqSXOYj.s:2604   .debug_str:00000000000004b4 .LASF101
/var/folders/yy/83vjwp7d53j56dbzj8_jnpcr0000gn/T//ccqSXOYj.s:2710   .debug_str:0000000000000701 .LASF102
/var/folders/yy/83vjwp7d53j56dbzj8_jnpcr0000gn/T//ccqSXOYj.s:2668   .debug_str:0000000000000617 .LASF103
/var/folders/yy/83vjwp7d53j56dbzj8_jnpcr0000gn/T//ccqSXOYj.s:2794   .debug_str:0000000000000932 .LASF104
/var/folders/yy/83vjwp7d53j56dbzj8_jnpcr0000gn/T//ccqSXOYj.s:2476   .debug_str:00000000000001b5 .LASF105
/var/folders/yy/83vjwp7d53j56dbzj8_jnpcr0000gn/T//ccqSXOYj.s:2416   .debug_str:0000000000000045 .LASF106
/var/folders/yy/83vjwp7d53j56dbzj8_jnpcr0000gn/T//ccqSXOYj.s:2406   .debug_str:0000000000000000 .LASF107
/var/folders/yy/83vjwp7d53j56dbzj8_jnpcr0000gn/T//ccqSXOYj.s:2730   .debug_str:0000000000000759 .LASF108
/var/folders/yy/83vjwp7d53j56dbzj8_jnpcr0000gn/T//ccqSXOYj.s:2492   .debug_str:000000000000020d .LASF109
/var/folders/yy/83vjwp7d53j56dbzj8_jnpcr0000gn/T//ccqSXOYj.s:2630   .debug_str:000000000000053b .LASF110
/var/folders/yy/83vjwp7d53j56dbzj8_jnpcr0000gn/T//ccqSXOYj.s:2688   .debug_str:0000000000000678 .LASF111
/var/folders/yy/83vjwp7d53j56dbzj8_jnpcr0000gn/T//ccqSXOYj.s:2524   .debug_str:00000000000002dc .LASF112
/var/folders/yy/83vjwp7d53j56dbzj8_jnpcr0000gn/T//ccqSXOYj.s:2670   .debug_str:0000000000000621 .LASF113
/var/folders/yy/83vjwp7d53j56dbzj8_jnpcr0000gn/T//ccqSXOYj.s:2468   .debug_str:0000000000000191 .LASF114
/var/folders/yy/83vjwp7d53j56dbzj8_jnpcr0000gn/T//ccqSXOYj.s:2726   .debug_str:0000000000000746 .LASF115
/var/folders/yy/83vjwp7d53j56dbzj8_jnpcr0000gn/T//ccqSXOYj.s:2680   .debug_str:0000000000000655 .LASF116
/var/folders/yy/83vjwp7d53j56dbzj8_jnpcr0000gn/T//ccqSXOYj.s:2490   .debug_str:0000000000000206 .LASF117
/var/folders/yy/83vjwp7d53j56dbzj8_jnpcr0000gn/T//ccqSXOYj.s:2770   .debug_str:00000000000008bd .LASF118
/var/folders/yy/83vjwp7d53j56dbzj8_jnpcr0000gn/T//ccqSXOYj.s:2434   .debug_str:00000000000000bb .LASF119
/var/folders/yy/83vjwp7d53j56dbzj8_jnpcr0000gn/T//ccqSXOYj.s:2478   .debug_str:00000000000001c3 .LASF120
/var/folders/yy/83vjwp7d53j56dbzj8_jnpcr0000gn/T//ccqSXOYj.s:2542   .debug_str:0000000000000377 .LASF121
/var/folders/yy/83vjwp7d53j56dbzj8_jnpcr0000gn/T//ccqSXOYj.s:2602   .debug_str:00000000000004ad .LASF122
/var/folders/yy/83vjwp7d53j56dbzj8_jnpcr0000gn/T//ccqSXOYj.s:2740   .debug_str:000000000000078f .LASF123
/var/folders/yy/83vjwp7d53j56dbzj8_jnpcr0000gn/T//ccqSXOYj.s:2460   .debug_str:000000000000016b .LASF124
/var/folders/yy/83vjwp7d53j56dbzj8_jnpcr0000gn/T//ccqSXOYj.s:2466   .debug_str:000000000000018b .LASF125
/var/folders/yy/83vjwp7d53j56dbzj8_jnpcr0000gn/T//ccqSXOYj.s:2788   .debug_str:000000000000091b .LASF126
/var/folders/yy/83vjwp7d53j56dbzj8_jnpcr0000gn/T//ccqSXOYj.s:2722   .debug_str:0000000000000731 .LASF127
/var/folders/yy/83vjwp7d53j56dbzj8_jnpcr0000gn/T//ccqSXOYj.s:2614   .debug_str:00000000000004e6 .LASF128
/var/folders/yy/83vjwp7d53j56dbzj8_jnpcr0000gn/T//ccqSXOYj.s:2562   .debug_str:00000000000003f4 .LASF129
/var/folders/yy/83vjwp7d53j56dbzj8_jnpcr0000gn/T//ccqSXOYj.s:2592   .debug_str:0000000000000482 .LASF130
/var/folders/yy/83vjwp7d53j56dbzj8_jnpcr0000gn/T//ccqSXOYj.s:2682   .debug_str:000000000000065d .LASF131
/var/folders/yy/83vjwp7d53j56dbzj8_jnpcr0000gn/T//ccqSXOYj.s:2672   .debug_str:0000000000000628 .LASF132
/var/folders/yy/83vjwp7d53j56dbzj8_jnpcr0000gn/T//ccqSXOYj.s:2700   .debug_str:00000000000006d8 .LASF133
/var/folders/yy/83vjwp7d53j56dbzj8_jnpcr0000gn/T//ccqSXOYj.s:2718   .debug_str:0000000000000725 .LASF134
/var/folders/yy/83vjwp7d53j56dbzj8_jnpcr0000gn/T//ccqSXOYj.s:2494   .debug_str:0000000000000215 .LASF135
/var/folders/yy/83vjwp7d53j56dbzj8_jnpcr0000gn/T//ccqSXOYj.s:2552   .debug_str:00000000000003b0 .LASF136
GAS LISTING /var/folders/yy/83vjwp7d53j56dbzj8_jnpcr0000gn/T//ccqSXOYj.s 			page 7


/var/folders/yy/83vjwp7d53j56dbzj8_jnpcr0000gn/T//ccqSXOYj.s:2532   .debug_str:00000000000002fd .LASF137
/var/folders/yy/83vjwp7d53j56dbzj8_jnpcr0000gn/T//ccqSXOYj.s:2686   .debug_str:0000000000000673 .LASF138
/var/folders/yy/83vjwp7d53j56dbzj8_jnpcr0000gn/T//ccqSXOYj.s:2420   .debug_str:0000000000000055 .LASF139
/var/folders/yy/83vjwp7d53j56dbzj8_jnpcr0000gn/T//ccqSXOYj.s:2694   .debug_str:000000000000068f .LASF140
/var/folders/yy/83vjwp7d53j56dbzj8_jnpcr0000gn/T//ccqSXOYj.s:2690   .debug_str:000000000000067d .LASF141
/var/folders/yy/83vjwp7d53j56dbzj8_jnpcr0000gn/T//ccqSXOYj.s:2632   .debug_str:0000000000000543 .LASF142
/var/folders/yy/83vjwp7d53j56dbzj8_jnpcr0000gn/T//ccqSXOYj.s:2692   .debug_str:0000000000000685 .LASF143
/var/folders/yy/83vjwp7d53j56dbzj8_jnpcr0000gn/T//ccqSXOYj.s:2580   .debug_str:0000000000000451 .LASF144
/var/folders/yy/83vjwp7d53j56dbzj8_jnpcr0000gn/T//ccqSXOYj.s:2498   .debug_str:0000000000000229 .LASF145
/var/folders/yy/83vjwp7d53j56dbzj8_jnpcr0000gn/T//ccqSXOYj.s:2808   .debug_str:0000000000000986 .LASF146
/var/folders/yy/83vjwp7d53j56dbzj8_jnpcr0000gn/T//ccqSXOYj.s:2644   .debug_str:0000000000000595 .LASF147
/var/folders/yy/83vjwp7d53j56dbzj8_jnpcr0000gn/T//ccqSXOYj.s:2556   .debug_str:00000000000003cb .LASF148
/var/folders/yy/83vjwp7d53j56dbzj8_jnpcr0000gn/T//ccqSXOYj.s:2508   .debug_str:0000000000000276 .LASF149
/var/folders/yy/83vjwp7d53j56dbzj8_jnpcr0000gn/T//ccqSXOYj.s:2588   .debug_str:0000000000000471 .LASF150
/var/folders/yy/83vjwp7d53j56dbzj8_jnpcr0000gn/T//ccqSXOYj.s:2424   .debug_str:000000000000006d .LASF151
/var/folders/yy/83vjwp7d53j56dbzj8_jnpcr0000gn/T//ccqSXOYj.s:2782   .debug_str:00000000000008f4 .LASF152
/var/folders/yy/83vjwp7d53j56dbzj8_jnpcr0000gn/T//ccqSXOYj.s:2486   .debug_str:00000000000001f5 .LASF153
/var/folders/yy/83vjwp7d53j56dbzj8_jnpcr0000gn/T//ccqSXOYj.s:2474   .debug_str:00000000000001b0 .LASF154
/var/folders/yy/83vjwp7d53j56dbzj8_jnpcr0000gn/T//ccqSXOYj.s:2720   .debug_str:000000000000072c .LASF155
/var/folders/yy/83vjwp7d53j56dbzj8_jnpcr0000gn/T//ccqSXOYj.s:2676   .debug_str:0000000000000643 .LASF156
/var/folders/yy/83vjwp7d53j56dbzj8_jnpcr0000gn/T//ccqSXOYj.s:2774   .debug_str:00000000000008c8 .LASF157
/var/folders/yy/83vjwp7d53j56dbzj8_jnpcr0000gn/T//ccqSXOYj.s:2564   .debug_str:00000000000003fa .LASF158
/var/folders/yy/83vjwp7d53j56dbzj8_jnpcr0000gn/T//ccqSXOYj.s:2658   .debug_str:00000000000005e7 .LASF159
/var/folders/yy/83vjwp7d53j56dbzj8_jnpcr0000gn/T//ccqSXOYj.s:2418   .debug_str:000000000000004d .LASF160
/var/folders/yy/83vjwp7d53j56dbzj8_jnpcr0000gn/T//ccqSXOYj.s:2702   .debug_str:00000000000006df .LASF161
/var/folders/yy/83vjwp7d53j56dbzj8_jnpcr0000gn/T//ccqSXOYj.s:2594   .debug_str:0000000000000488 .LASF162
/var/folders/yy/83vjwp7d53j56dbzj8_jnpcr0000gn/T//ccqSXOYj.s:2752   .debug_str:0000000000000853 .LASF163
/var/folders/yy/83vjwp7d53j56dbzj8_jnpcr0000gn/T//ccqSXOYj.s:2764   .debug_str:0000000000000896 .LASF164
/var/folders/yy/83vjwp7d53j56dbzj8_jnpcr0000gn/T//ccqSXOYj.s:2464   .debug_str:000000000000017e .LASF165
/var/folders/yy/83vjwp7d53j56dbzj8_jnpcr0000gn/T//ccqSXOYj.s:2572   .debug_str:0000000000000425 .LASF166
/var/folders/yy/83vjwp7d53j56dbzj8_jnpcr0000gn/T//ccqSXOYj.s:2796   .debug_str:000000000000093d .LASF167
/var/folders/yy/83vjwp7d53j56dbzj8_jnpcr0000gn/T//ccqSXOYj.s:2634   .debug_str:000000000000054e .LASF168
/var/folders/yy/83vjwp7d53j56dbzj8_jnpcr0000gn/T//ccqSXOYj.s:2566   .debug_str:0000000000000401 .LASF169
/var/folders/yy/83vjwp7d53j56dbzj8_jnpcr0000gn/T//ccqSXOYj.s:2800   .debug_str:000000000000095f .LASF170
/var/folders/yy/83vjwp7d53j56dbzj8_jnpcr0000gn/T//ccqSXOYj.s:2684   .debug_str:0000000000000666 .LASF171
/var/folders/yy/83vjwp7d53j56dbzj8_jnpcr0000gn/T//ccqSXOYj.s:2806   .debug_str:0000000000000978 .LASF172
/var/folders/yy/83vjwp7d53j56dbzj8_jnpcr0000gn/T//ccqSXOYj.s:2452   .debug_str:000000000000013f .LASF173
/var/folders/yy/83vjwp7d53j56dbzj8_jnpcr0000gn/T//ccqSXOYj.s:2780   .debug_str:00000000000008ea .LASF174
/var/folders/yy/83vjwp7d53j56dbzj8_jnpcr0000gn/T//ccqSXOYj.s:2570   .debug_str:0000000000000419 .LASF175
/var/folders/yy/83vjwp7d53j56dbzj8_jnpcr0000gn/T//ccqSXOYj.s:2758   .debug_str:000000000000086d .LASF176
/var/folders/yy/83vjwp7d53j56dbzj8_jnpcr0000gn/T//ccqSXOYj.s:2518   .debug_str:00000000000002a9 .LASF177
/var/folders/yy/83vjwp7d53j56dbzj8_jnpcr0000gn/T//ccqSXOYj.s:2444   .debug_str:00000000000000f8 .LASF178
/var/folders/yy/83vjwp7d53j56dbzj8_jnpcr0000gn/T//ccqSXOYj.s:2540   .debug_str:0000000000000366 .LASF179
/var/folders/yy/83vjwp7d53j56dbzj8_jnpcr0000gn/T//ccqSXOYj.s:2426   .debug_str:0000000000000076 .LASF180
/var/folders/yy/83vjwp7d53j56dbzj8_jnpcr0000gn/T//ccqSXOYj.s:2428   .debug_str:0000000000000085 .LASF181
/var/folders/yy/83vjwp7d53j56dbzj8_jnpcr0000gn/T//ccqSXOYj.s:2664   .debug_str:0000000000000605 .LASF182
/var/folders/yy/83vjwp7d53j56dbzj8_jnpcr0000gn/T//ccqSXOYj.s:2620   .debug_str:0000000000000501 .LASF183
/var/folders/yy/83vjwp7d53j56dbzj8_jnpcr0000gn/T//ccqSXOYj.s:2608   .debug_str:00000000000004c3 .LASF184
/var/folders/yy/83vjwp7d53j56dbzj8_jnpcr0000gn/T//ccqSXOYj.s:2790   .debug_str:0000000000000921 .LASF185
/var/folders/yy/83vjwp7d53j56dbzj8_jnpcr0000gn/T//ccqSXOYj.s:2440   .debug_str:00000000000000e2 .LASF203
/var/folders/yy/83vjwp7d53j56dbzj8_jnpcr0000gn/T//ccqSXOYj.s:2530   .debug_str:00000000000002f1 .LASF187
/var/folders/yy/83vjwp7d53j56dbzj8_jnpcr0000gn/T//ccqSXOYj.s:2760   .debug_str:000000000000087a .LASF188
/var/folders/yy/83vjwp7d53j56dbzj8_jnpcr0000gn/T//ccqSXOYj.s:2586   .debug_str:0000000000000469 .LASF189
/var/folders/yy/83vjwp7d53j56dbzj8_jnpcr0000gn/T//ccqSXOYj.s:2612   .debug_str:00000000000004df .LASF190
/var/folders/yy/83vjwp7d53j56dbzj8_jnpcr0000gn/T//ccqSXOYj.s:2616   .debug_str:00000000000004ee .LASF191
/var/folders/yy/83vjwp7d53j56dbzj8_jnpcr0000gn/T//ccqSXOYj.s:2596   .debug_str:000000000000048e .LASF192
/var/folders/yy/83vjwp7d53j56dbzj8_jnpcr0000gn/T//ccqSXOYj.s:2802   .debug_str:0000000000000964 .LASF193
GAS LISTING /var/folders/yy/83vjwp7d53j56dbzj8_jnpcr0000gn/T//ccqSXOYj.s 			page 8


/var/folders/yy/83vjwp7d53j56dbzj8_jnpcr0000gn/T//ccqSXOYj.s:2600   .debug_str:00000000000004a4 .LASF194
/var/folders/yy/83vjwp7d53j56dbzj8_jnpcr0000gn/T//ccqSXOYj.s:2650   .debug_str:00000000000005bd .LASF204
/var/folders/yy/83vjwp7d53j56dbzj8_jnpcr0000gn/T//ccqSXOYj.s:53     .text._fini:0000000000000000 .LFB6
/var/folders/yy/83vjwp7d53j56dbzj8_jnpcr0000gn/T//ccqSXOYj.s:59     .text._fini:0000000000000002 .LFE6
/var/folders/yy/83vjwp7d53j56dbzj8_jnpcr0000gn/T//ccqSXOYj.s:2716   .debug_str:000000000000071f .LASF205
/var/folders/yy/83vjwp7d53j56dbzj8_jnpcr0000gn/T//ccqSXOYj.s:14     .text._init:0000000000000000 .LFB5
/var/folders/yy/83vjwp7d53j56dbzj8_jnpcr0000gn/T//ccqSXOYj.s:46     .text._init:000000000000002c .LFE5
/var/folders/yy/83vjwp7d53j56dbzj8_jnpcr0000gn/T//ccqSXOYj.s:2363   .debug_loc:0000000000000000 .LLST0
/var/folders/yy/83vjwp7d53j56dbzj8_jnpcr0000gn/T//ccqSXOYj.s:27     .text._init:000000000000000c .LVL0
/var/folders/yy/83vjwp7d53j56dbzj8_jnpcr0000gn/T//ccqSXOYj.s:31     .text._init:0000000000000018 .LVL1
/var/folders/yy/83vjwp7d53j56dbzj8_jnpcr0000gn/T//ccqSXOYj.s:34     .text._init:0000000000000020 .LVL2
/var/folders/yy/83vjwp7d53j56dbzj8_jnpcr0000gn/T//ccqSXOYj.s:44     .text._init:000000000000002c .LVL3
/var/folders/yy/83vjwp7d53j56dbzj8_jnpcr0000gn/T//ccqSXOYj.s:2652   .debug_str:00000000000005c3 .LASF195
/var/folders/yy/83vjwp7d53j56dbzj8_jnpcr0000gn/T//ccqSXOYj.s:2436   .debug_str:00000000000000c4 .LASF196
/var/folders/yy/83vjwp7d53j56dbzj8_jnpcr0000gn/T//ccqSXOYj.s:2482   .debug_str:00000000000001d7 .LASF197
/var/folders/yy/83vjwp7d53j56dbzj8_jnpcr0000gn/T//ccqSXOYj.s:2450   .debug_str:0000000000000127 .LASF198
/var/folders/yy/83vjwp7d53j56dbzj8_jnpcr0000gn/T//ccqSXOYj.s:21     .text._init:0000000000000002 .LCFI0
/var/folders/yy/83vjwp7d53j56dbzj8_jnpcr0000gn/T//ccqSXOYj.s:40     .text._init:0000000000000024 .LCFI1
/var/folders/yy/83vjwp7d53j56dbzj8_jnpcr0000gn/T//ccqSXOYj.s:74     .debug_info:0000000000000000 .Ldebug_info0

UNDEFINED SYMBOLS
SystemInit
eclic_init
eclic_mode_enable
disable_mcycle_minstret
