GAS LISTING /var/folders/yy/83vjwp7d53j56dbzj8_jnpcr0000gn/T//ccyuaWcg.s 			page 1


   1              		.file	"lseek.c"
   2              		.option nopic
   3              		.attribute arch, "rv32i2p0_m2p0_a2p0_c2p0"
   4              		.attribute unaligned_access, 0
   5              		.attribute stack_align, 16
   6              		.text
   7              	.Ltext0:
   8              		.cfi_sections	.debug_frame
   9              		.section	.text._lseek,"ax",@progbits
  10              		.align	1
  11              		.globl	_lseek
  13              	_lseek:
  14              	.LFB1:
  15              		.file 1 "../../firmware/RISCV/stubs/lseek.c"
   1:../../firmware/RISCV/stubs/lseek.c **** /* See LICENSE of license details. */
   2:../../firmware/RISCV/stubs/lseek.c **** 
   3:../../firmware/RISCV/stubs/lseek.c **** #include <errno.h>
   4:../../firmware/RISCV/stubs/lseek.c **** #include <unistd.h>
   5:../../firmware/RISCV/stubs/lseek.c **** #include <sys/types.h>
   6:../../firmware/RISCV/stubs/lseek.c **** #include "stub.h"
   7:../../firmware/RISCV/stubs/lseek.c **** 
   8:../../firmware/RISCV/stubs/lseek.c **** off_t _lseek(int fd, off_t ptr, int dir)
   9:../../firmware/RISCV/stubs/lseek.c **** {
  16              		.loc 1 9 1
  17              		.cfi_startproc
  18              	.LVL0:
  10:../../firmware/RISCV/stubs/lseek.c ****   if (isatty(fd))
  19              		.loc 1 10 3
   9:../../firmware/RISCV/stubs/lseek.c ****   if (isatty(fd))
  20              		.loc 1 9 1 is_stmt 0
  21 0000 4111     		addi	sp,sp,-16
  22              	.LCFI0:
  23              		.cfi_def_cfa_offset 16
  24 0002 06C6     		sw	ra,12(sp)
  25              		.cfi_offset 1, -4
  26              		.loc 1 10 7
  27 0004 97000000 		call	isatty
  27      E7800000 
  28              	.LVL1:
  11:../../firmware/RISCV/stubs/lseek.c ****     return 0;
  12:../../firmware/RISCV/stubs/lseek.c **** 
  13:../../firmware/RISCV/stubs/lseek.c ****   return _stub(EBADF);
  14:../../firmware/RISCV/stubs/lseek.c **** }
  29              		.loc 1 14 1
  30 000c B240     		lw	ra,12(sp)
  31              		.cfi_restore 1
  10:../../firmware/RISCV/stubs/lseek.c ****     return 0;
  32              		.loc 1 10 6
  33 000e 13351500 		seqz	a0,a0
  34              		.loc 1 14 1
  35 0012 3305A040 		neg	a0,a0
  36 0016 4101     		addi	sp,sp,16
  37              	.LCFI1:
  38              		.cfi_def_cfa_offset 0
  39 0018 8280     		jr	ra
  40              		.cfi_endproc
  41              	.LFE1:
GAS LISTING /var/folders/yy/83vjwp7d53j56dbzj8_jnpcr0000gn/T//ccyuaWcg.s 			page 2


  43              		.text
  44              	.Letext0:
  45              		.file 2 "/Users/gulda/Documents/risc-v/toolchain-gd32v-v200-osx/compiler/lib/gcc/riscv64-unknown-e
  46              		.file 3 "/Users/gulda/Documents/risc-v/toolchain-gd32v-v200-osx/compiler/riscv64-unknown-elf/inclu
  47              		.file 4 "/Users/gulda/Documents/risc-v/toolchain-gd32v-v200-osx/compiler/riscv64-unknown-elf/inclu
  48              		.file 5 "/Users/gulda/Documents/risc-v/toolchain-gd32v-v200-osx/compiler/riscv64-unknown-elf/inclu
  49              		.file 6 "/Users/gulda/Documents/risc-v/toolchain-gd32v-v200-osx/compiler/riscv64-unknown-elf/inclu
  50              		.file 7 "/Users/gulda/Documents/risc-v/toolchain-gd32v-v200-osx/compiler/riscv64-unknown-elf/inclu
  51              		.file 8 "/Users/gulda/Documents/risc-v/toolchain-gd32v-v200-osx/compiler/riscv64-unknown-elf/inclu
  52              		.file 9 "../../firmware/RISCV/stubs/stub.h"
GAS LISTING /var/folders/yy/83vjwp7d53j56dbzj8_jnpcr0000gn/T//ccyuaWcg.s 			page 3


DEFINED SYMBOLS
                            *ABS*:0000000000000000 lseek.c
/var/folders/yy/83vjwp7d53j56dbzj8_jnpcr0000gn/T//ccyuaWcg.s:13     .text._lseek:0000000000000000 _lseek
/var/folders/yy/83vjwp7d53j56dbzj8_jnpcr0000gn/T//ccyuaWcg.s:17     .text._lseek:0000000000000000 .L0 
/var/folders/yy/83vjwp7d53j56dbzj8_jnpcr0000gn/T//ccyuaWcg.s:19     .text._lseek:0000000000000000 .L0 
/var/folders/yy/83vjwp7d53j56dbzj8_jnpcr0000gn/T//ccyuaWcg.s:20     .text._lseek:0000000000000000 .L0 
/var/folders/yy/83vjwp7d53j56dbzj8_jnpcr0000gn/T//ccyuaWcg.s:21     .text._lseek:0000000000000000 .L0 
/var/folders/yy/83vjwp7d53j56dbzj8_jnpcr0000gn/T//ccyuaWcg.s:23     .text._lseek:0000000000000002 .L0 
/var/folders/yy/83vjwp7d53j56dbzj8_jnpcr0000gn/T//ccyuaWcg.s:25     .text._lseek:0000000000000004 .L0 
/var/folders/yy/83vjwp7d53j56dbzj8_jnpcr0000gn/T//ccyuaWcg.s:27     .text._lseek:0000000000000004 .L0 
/var/folders/yy/83vjwp7d53j56dbzj8_jnpcr0000gn/T//ccyuaWcg.s:30     .text._lseek:000000000000000c .L0 
/var/folders/yy/83vjwp7d53j56dbzj8_jnpcr0000gn/T//ccyuaWcg.s:31     .text._lseek:000000000000000e .L0 
/var/folders/yy/83vjwp7d53j56dbzj8_jnpcr0000gn/T//ccyuaWcg.s:33     .text._lseek:000000000000000e .L0 
/var/folders/yy/83vjwp7d53j56dbzj8_jnpcr0000gn/T//ccyuaWcg.s:35     .text._lseek:0000000000000012 .L0 
/var/folders/yy/83vjwp7d53j56dbzj8_jnpcr0000gn/T//ccyuaWcg.s:38     .text._lseek:0000000000000018 .L0 
/var/folders/yy/83vjwp7d53j56dbzj8_jnpcr0000gn/T//ccyuaWcg.s:40     .text._lseek:000000000000001a .L0 
/var/folders/yy/83vjwp7d53j56dbzj8_jnpcr0000gn/T//ccyuaWcg.s:43     .text._lseek:000000000000001a .L0 
                     .debug_frame:0000000000000000 .L0 
/var/folders/yy/83vjwp7d53j56dbzj8_jnpcr0000gn/T//ccyuaWcg.s:1600   .debug_abbrev:0000000000000000 .Ldebug_abbrev0
/var/folders/yy/83vjwp7d53j56dbzj8_jnpcr0000gn/T//ccyuaWcg.s:2441   .debug_str:0000000000000488 .LASF130
/var/folders/yy/83vjwp7d53j56dbzj8_jnpcr0000gn/T//ccyuaWcg.s:2319   .debug_str:0000000000000249 .LASF131
/var/folders/yy/83vjwp7d53j56dbzj8_jnpcr0000gn/T//ccyuaWcg.s:2239   .debug_str:000000000000008b .LASF132
/var/folders/yy/83vjwp7d53j56dbzj8_jnpcr0000gn/T//ccyuaWcg.s:2205   .debug_ranges:0000000000000000 .Ldebug_ranges0
/var/folders/yy/83vjwp7d53j56dbzj8_jnpcr0000gn/T//ccyuaWcg.s:2211   .debug_line:0000000000000000 .Ldebug_line0
/var/folders/yy/83vjwp7d53j56dbzj8_jnpcr0000gn/T//ccyuaWcg.s:2305   .debug_str:0000000000000207 .LASF0
/var/folders/yy/83vjwp7d53j56dbzj8_jnpcr0000gn/T//ccyuaWcg.s:2325   .debug_str:000000000000027a .LASF1
/var/folders/yy/83vjwp7d53j56dbzj8_jnpcr0000gn/T//ccyuaWcg.s:2247   .debug_str:0000000000000100 .LASF2
/var/folders/yy/83vjwp7d53j56dbzj8_jnpcr0000gn/T//ccyuaWcg.s:2355   .debug_str:0000000000000304 .LASF3
/var/folders/yy/83vjwp7d53j56dbzj8_jnpcr0000gn/T//ccyuaWcg.s:2339   .debug_str:00000000000002c5 .LASF10
/var/folders/yy/83vjwp7d53j56dbzj8_jnpcr0000gn/T//ccyuaWcg.s:2249   .debug_str:000000000000010e .LASF4
/var/folders/yy/83vjwp7d53j56dbzj8_jnpcr0000gn/T//ccyuaWcg.s:2373   .debug_str:000000000000035d .LASF5
/var/folders/yy/83vjwp7d53j56dbzj8_jnpcr0000gn/T//ccyuaWcg.s:2379   .debug_str:0000000000000379 .LASF6
/var/folders/yy/83vjwp7d53j56dbzj8_jnpcr0000gn/T//ccyuaWcg.s:2265   .debug_str:0000000000000153 .LASF7
/var/folders/yy/83vjwp7d53j56dbzj8_jnpcr0000gn/T//ccyuaWcg.s:2313   .debug_str:000000000000022b .LASF8
/var/folders/yy/83vjwp7d53j56dbzj8_jnpcr0000gn/T//ccyuaWcg.s:2231   .debug_str:000000000000005a .LASF9
/var/folders/yy/83vjwp7d53j56dbzj8_jnpcr0000gn/T//ccyuaWcg.s:2367   .debug_str:000000000000033a .LASF11
/var/folders/yy/83vjwp7d53j56dbzj8_jnpcr0000gn/T//ccyuaWcg.s:2215   .debug_str:000000000000000c .LASF12
/var/folders/yy/83vjwp7d53j56dbzj8_jnpcr0000gn/T//ccyuaWcg.s:2425   .debug_str:000000000000044b .LASF13
/var/folders/yy/83vjwp7d53j56dbzj8_jnpcr0000gn/T//ccyuaWcg.s:2461   .debug_str:0000000000000568 .LASF14
/var/folders/yy/83vjwp7d53j56dbzj8_jnpcr0000gn/T//ccyuaWcg.s:2335   .debug_str:00000000000002b7 .LASF15
/var/folders/yy/83vjwp7d53j56dbzj8_jnpcr0000gn/T//ccyuaWcg.s:2307   .debug_str:0000000000000214 .LASF16
/var/folders/yy/83vjwp7d53j56dbzj8_jnpcr0000gn/T//ccyuaWcg.s:2417   .debug_str:0000000000000429 .LASF17
/var/folders/yy/83vjwp7d53j56dbzj8_jnpcr0000gn/T//ccyuaWcg.s:2419   .debug_str:0000000000000431 .LASF18
/var/folders/yy/83vjwp7d53j56dbzj8_jnpcr0000gn/T//ccyuaWcg.s:2389   .debug_str:00000000000003a1 .LASF19
/var/folders/yy/83vjwp7d53j56dbzj8_jnpcr0000gn/T//ccyuaWcg.s:2447   .debug_str:000000000000051e .LASF20
/var/folders/yy/83vjwp7d53j56dbzj8_jnpcr0000gn/T//ccyuaWcg.s:2371   .debug_str:000000000000034b .LASF21
/var/folders/yy/83vjwp7d53j56dbzj8_jnpcr0000gn/T//ccyuaWcg.s:2291   .debug_str:00000000000001ca .LASF22
/var/folders/yy/83vjwp7d53j56dbzj8_jnpcr0000gn/T//ccyuaWcg.s:2295   .debug_str:00000000000001db .LASF27
/var/folders/yy/83vjwp7d53j56dbzj8_jnpcr0000gn/T//ccyuaWcg.s:2437   .debug_str:0000000000000475 .LASF23
/var/folders/yy/83vjwp7d53j56dbzj8_jnpcr0000gn/T//ccyuaWcg.s:2411   .debug_str:0000000000000414 .LASF24
/var/folders/yy/83vjwp7d53j56dbzj8_jnpcr0000gn/T//ccyuaWcg.s:2289   .debug_str:00000000000001c4 .LASF25
/var/folders/yy/83vjwp7d53j56dbzj8_jnpcr0000gn/T//ccyuaWcg.s:2455   .debug_str:0000000000000553 .LASF26
/var/folders/yy/83vjwp7d53j56dbzj8_jnpcr0000gn/T//ccyuaWcg.s:2303   .debug_str:0000000000000202 .LASF28
/var/folders/yy/83vjwp7d53j56dbzj8_jnpcr0000gn/T//ccyuaWcg.s:2245   .debug_str:00000000000000f7 .LASF29
/var/folders/yy/83vjwp7d53j56dbzj8_jnpcr0000gn/T//ccyuaWcg.s:2431   .debug_str:000000000000045f .LASF30
/var/folders/yy/83vjwp7d53j56dbzj8_jnpcr0000gn/T//ccyuaWcg.s:2255   .debug_str:0000000000000126 .LASF31
/var/folders/yy/83vjwp7d53j56dbzj8_jnpcr0000gn/T//ccyuaWcg.s:2485   .debug_str:00000000000005d3 .LASF32
GAS LISTING /var/folders/yy/83vjwp7d53j56dbzj8_jnpcr0000gn/T//ccyuaWcg.s 			page 4


/var/folders/yy/83vjwp7d53j56dbzj8_jnpcr0000gn/T//ccyuaWcg.s:2361   .debug_str:000000000000031e .LASF33
/var/folders/yy/83vjwp7d53j56dbzj8_jnpcr0000gn/T//ccyuaWcg.s:2349   .debug_str:00000000000002ea .LASF34
/var/folders/yy/83vjwp7d53j56dbzj8_jnpcr0000gn/T//ccyuaWcg.s:2457   .debug_str:0000000000000558 .LASF35
/var/folders/yy/83vjwp7d53j56dbzj8_jnpcr0000gn/T//ccyuaWcg.s:2381   .debug_str:0000000000000383 .LASF36
/var/folders/yy/83vjwp7d53j56dbzj8_jnpcr0000gn/T//ccyuaWcg.s:2471   .debug_str:0000000000000593 .LASF37
/var/folders/yy/83vjwp7d53j56dbzj8_jnpcr0000gn/T//ccyuaWcg.s:2259   .debug_str:0000000000000135 .LASF38
/var/folders/yy/83vjwp7d53j56dbzj8_jnpcr0000gn/T//ccyuaWcg.s:2285   .debug_str:00000000000001b7 .LASF39
/var/folders/yy/83vjwp7d53j56dbzj8_jnpcr0000gn/T//ccyuaWcg.s:2213   .debug_str:0000000000000000 .LASF40
/var/folders/yy/83vjwp7d53j56dbzj8_jnpcr0000gn/T//ccyuaWcg.s:2443   .debug_str:0000000000000510 .LASF41
/var/folders/yy/83vjwp7d53j56dbzj8_jnpcr0000gn/T//ccyuaWcg.s:2269   .debug_str:0000000000000163 .LASF42
/var/folders/yy/83vjwp7d53j56dbzj8_jnpcr0000gn/T//ccyuaWcg.s:2363   .debug_str:0000000000000327 .LASF43
/var/folders/yy/83vjwp7d53j56dbzj8_jnpcr0000gn/T//ccyuaWcg.s:2403   .debug_str:00000000000003e4 .LASF44
/var/folders/yy/83vjwp7d53j56dbzj8_jnpcr0000gn/T//ccyuaWcg.s:2287   .debug_str:00000000000001bf .LASF45
/var/folders/yy/83vjwp7d53j56dbzj8_jnpcr0000gn/T//ccyuaWcg.s:2383   .debug_str:000000000000038d .LASF46
/var/folders/yy/83vjwp7d53j56dbzj8_jnpcr0000gn/T//ccyuaWcg.s:2253   .debug_str:0000000000000120 .LASF47
/var/folders/yy/83vjwp7d53j56dbzj8_jnpcr0000gn/T//ccyuaWcg.s:2219   .debug_str:000000000000001b .LASF48
/var/folders/yy/83vjwp7d53j56dbzj8_jnpcr0000gn/T//ccyuaWcg.s:2391   .debug_str:00000000000003ac .LASF49
/var/folders/yy/83vjwp7d53j56dbzj8_jnpcr0000gn/T//ccyuaWcg.s:2267   .debug_str:000000000000015c .LASF50
/var/folders/yy/83vjwp7d53j56dbzj8_jnpcr0000gn/T//ccyuaWcg.s:2315   .debug_str:000000000000023d .LASF51
/var/folders/yy/83vjwp7d53j56dbzj8_jnpcr0000gn/T//ccyuaWcg.s:2235   .debug_str:0000000000000077 .LASF52
/var/folders/yy/83vjwp7d53j56dbzj8_jnpcr0000gn/T//ccyuaWcg.s:2261   .debug_str:0000000000000143 .LASF53
/var/folders/yy/83vjwp7d53j56dbzj8_jnpcr0000gn/T//ccyuaWcg.s:2299   .debug_str:00000000000001f2 .LASF54
/var/folders/yy/83vjwp7d53j56dbzj8_jnpcr0000gn/T//ccyuaWcg.s:2347   .debug_str:00000000000002e3 .LASF55
/var/folders/yy/83vjwp7d53j56dbzj8_jnpcr0000gn/T//ccyuaWcg.s:2421   .debug_str:0000000000000439 .LASF56
/var/folders/yy/83vjwp7d53j56dbzj8_jnpcr0000gn/T//ccyuaWcg.s:2475   .debug_str:00000000000005ad .LASF57
/var/folders/yy/83vjwp7d53j56dbzj8_jnpcr0000gn/T//ccyuaWcg.s:2251   .debug_str:000000000000011a .LASF58
/var/folders/yy/83vjwp7d53j56dbzj8_jnpcr0000gn/T//ccyuaWcg.s:2467   .debug_str:0000000000000585 .LASF59
/var/folders/yy/83vjwp7d53j56dbzj8_jnpcr0000gn/T//ccyuaWcg.s:2273   .debug_str:0000000000000172 .LASF60
/var/folders/yy/83vjwp7d53j56dbzj8_jnpcr0000gn/T//ccyuaWcg.s:2279   .debug_str:0000000000000190 .LASF61
/var/folders/yy/83vjwp7d53j56dbzj8_jnpcr0000gn/T//ccyuaWcg.s:2225   .debug_str:0000000000000034 .LASF62
/var/folders/yy/83vjwp7d53j56dbzj8_jnpcr0000gn/T//ccyuaWcg.s:2341   .debug_str:00000000000002cc .LASF63
/var/folders/yy/83vjwp7d53j56dbzj8_jnpcr0000gn/T//ccyuaWcg.s:2395   .debug_str:00000000000003be .LASF64
/var/folders/yy/83vjwp7d53j56dbzj8_jnpcr0000gn/T//ccyuaWcg.s:2343   .debug_str:00000000000002d2 .LASF65
/var/folders/yy/83vjwp7d53j56dbzj8_jnpcr0000gn/T//ccyuaWcg.s:2413   .debug_str:000000000000041c .LASF66
/var/folders/yy/83vjwp7d53j56dbzj8_jnpcr0000gn/T//ccyuaWcg.s:2427   .debug_str:0000000000000453 .LASF67
/var/folders/yy/83vjwp7d53j56dbzj8_jnpcr0000gn/T//ccyuaWcg.s:2271   .debug_str:000000000000016b .LASF68
/var/folders/yy/83vjwp7d53j56dbzj8_jnpcr0000gn/T//ccyuaWcg.s:2309   .debug_str:000000000000021b .LASF69
/var/folders/yy/83vjwp7d53j56dbzj8_jnpcr0000gn/T//ccyuaWcg.s:2293   .debug_str:00000000000001d3 .LASF70
/var/folders/yy/83vjwp7d53j56dbzj8_jnpcr0000gn/T//ccyuaWcg.s:2401   .debug_str:00000000000003df .LASF71
/var/folders/yy/83vjwp7d53j56dbzj8_jnpcr0000gn/T//ccyuaWcg.s:2223   .debug_str:0000000000000029 .LASF72
/var/folders/yy/83vjwp7d53j56dbzj8_jnpcr0000gn/T//ccyuaWcg.s:2409   .debug_str:00000000000003fb .LASF73
/var/folders/yy/83vjwp7d53j56dbzj8_jnpcr0000gn/T//ccyuaWcg.s:2405   .debug_str:00000000000003e9 .LASF74
/var/folders/yy/83vjwp7d53j56dbzj8_jnpcr0000gn/T//ccyuaWcg.s:2365   .debug_str:000000000000032f .LASF75
/var/folders/yy/83vjwp7d53j56dbzj8_jnpcr0000gn/T//ccyuaWcg.s:2407   .debug_str:00000000000003f1 .LASF76
/var/folders/yy/83vjwp7d53j56dbzj8_jnpcr0000gn/T//ccyuaWcg.s:2333   .debug_str:00000000000002af .LASF77
/var/folders/yy/83vjwp7d53j56dbzj8_jnpcr0000gn/T//ccyuaWcg.s:2301   .debug_str:00000000000001f8 .LASF78
/var/folders/yy/83vjwp7d53j56dbzj8_jnpcr0000gn/T//ccyuaWcg.s:2483   .debug_str:00000000000005ce .LASF79
/var/folders/yy/83vjwp7d53j56dbzj8_jnpcr0000gn/T//ccyuaWcg.s:2369   .debug_str:0000000000000341 .LASF80
/var/folders/yy/83vjwp7d53j56dbzj8_jnpcr0000gn/T//ccyuaWcg.s:2311   .debug_str:0000000000000223 .LASF81
/var/folders/yy/83vjwp7d53j56dbzj8_jnpcr0000gn/T//ccyuaWcg.s:2277   .debug_str:0000000000000188 .LASF82
/var/folders/yy/83vjwp7d53j56dbzj8_jnpcr0000gn/T//ccyuaWcg.s:2375   .debug_str:000000000000036b .LASF83
/var/folders/yy/83vjwp7d53j56dbzj8_jnpcr0000gn/T//ccyuaWcg.s:2327   .debug_str:000000000000028d .LASF84
/var/folders/yy/83vjwp7d53j56dbzj8_jnpcr0000gn/T//ccyuaWcg.s:2465   .debug_str:000000000000057b .LASF85
/var/folders/yy/83vjwp7d53j56dbzj8_jnpcr0000gn/T//ccyuaWcg.s:2263   .debug_str:000000000000014b .LASF86
/var/folders/yy/83vjwp7d53j56dbzj8_jnpcr0000gn/T//ccyuaWcg.s:2257   .debug_str:0000000000000130 .LASF87
/var/folders/yy/83vjwp7d53j56dbzj8_jnpcr0000gn/T//ccyuaWcg.s:2429   .debug_str:000000000000045a .LASF88
/var/folders/yy/83vjwp7d53j56dbzj8_jnpcr0000gn/T//ccyuaWcg.s:2387   .debug_str:000000000000039a .LASF89
GAS LISTING /var/folders/yy/83vjwp7d53j56dbzj8_jnpcr0000gn/T//ccyuaWcg.s 			page 5


/var/folders/yy/83vjwp7d53j56dbzj8_jnpcr0000gn/T//ccyuaWcg.s:2459   .debug_str:0000000000000562 .LASF90
/var/folders/yy/83vjwp7d53j56dbzj8_jnpcr0000gn/T//ccyuaWcg.s:2321   .debug_str:000000000000026c .LASF91
/var/folders/yy/83vjwp7d53j56dbzj8_jnpcr0000gn/T//ccyuaWcg.s:2385   .debug_str:0000000000000394 .LASF92
/var/folders/yy/83vjwp7d53j56dbzj8_jnpcr0000gn/T//ccyuaWcg.s:2221   .debug_str:0000000000000021 .LASF93
/var/folders/yy/83vjwp7d53j56dbzj8_jnpcr0000gn/T//ccyuaWcg.s:2415   .debug_str:0000000000000423 .LASF94
/var/folders/yy/83vjwp7d53j56dbzj8_jnpcr0000gn/T//ccyuaWcg.s:2435   .debug_str:000000000000046f .LASF95
/var/folders/yy/83vjwp7d53j56dbzj8_jnpcr0000gn/T//ccyuaWcg.s:2445   .debug_str:0000000000000519 .LASF96
/var/folders/yy/83vjwp7d53j56dbzj8_jnpcr0000gn/T//ccyuaWcg.s:2453   .debug_str:0000000000000546 .LASF97
/var/folders/yy/83vjwp7d53j56dbzj8_jnpcr0000gn/T//ccyuaWcg.s:2439   .debug_str:000000000000047b .LASF98
/var/folders/yy/83vjwp7d53j56dbzj8_jnpcr0000gn/T//ccyuaWcg.s:2331   .debug_str:00000000000002a2 .LASF99
/var/folders/yy/83vjwp7d53j56dbzj8_jnpcr0000gn/T//ccyuaWcg.s:2473   .debug_str:000000000000059e .LASF100
/var/folders/yy/83vjwp7d53j56dbzj8_jnpcr0000gn/T//ccyuaWcg.s:2297   .debug_str:00000000000001e3 .LASF101
/var/folders/yy/83vjwp7d53j56dbzj8_jnpcr0000gn/T//ccyuaWcg.s:2397   .debug_str:00000000000003c7 .LASF102
/var/folders/yy/83vjwp7d53j56dbzj8_jnpcr0000gn/T//ccyuaWcg.s:2477   .debug_str:00000000000005b4 .LASF103
/var/folders/yy/83vjwp7d53j56dbzj8_jnpcr0000gn/T//ccyuaWcg.s:2399   .debug_str:00000000000003d2 .LASF104
/var/folders/yy/83vjwp7d53j56dbzj8_jnpcr0000gn/T//ccyuaWcg.s:2481   .debug_str:00000000000005c0 .LASF105
/var/folders/yy/83vjwp7d53j56dbzj8_jnpcr0000gn/T//ccyuaWcg.s:2243   .debug_str:00000000000000e9 .LASF106
/var/folders/yy/83vjwp7d53j56dbzj8_jnpcr0000gn/T//ccyuaWcg.s:2463   .debug_str:0000000000000571 .LASF107
/var/folders/yy/83vjwp7d53j56dbzj8_jnpcr0000gn/T//ccyuaWcg.s:2329   .debug_str:0000000000000296 .LASF108
/var/folders/yy/83vjwp7d53j56dbzj8_jnpcr0000gn/T//ccyuaWcg.s:2449   .debug_str:0000000000000526 .LASF109
/var/folders/yy/83vjwp7d53j56dbzj8_jnpcr0000gn/T//ccyuaWcg.s:2283   .debug_str:00000000000001a9 .LASF110
/var/folders/yy/83vjwp7d53j56dbzj8_jnpcr0000gn/T//ccyuaWcg.s:2241   .debug_str:00000000000000da .LASF111
/var/folders/yy/83vjwp7d53j56dbzj8_jnpcr0000gn/T//ccyuaWcg.s:2281   .debug_str:0000000000000198 .LASF112
/var/folders/yy/83vjwp7d53j56dbzj8_jnpcr0000gn/T//ccyuaWcg.s:2227   .debug_str:000000000000003a .LASF113
/var/folders/yy/83vjwp7d53j56dbzj8_jnpcr0000gn/T//ccyuaWcg.s:2229   .debug_str:0000000000000049 .LASF114
/var/folders/yy/83vjwp7d53j56dbzj8_jnpcr0000gn/T//ccyuaWcg.s:2377   .debug_str:0000000000000370 .LASF115
/var/folders/yy/83vjwp7d53j56dbzj8_jnpcr0000gn/T//ccyuaWcg.s:2359   .debug_str:0000000000000317 .LASF116
/var/folders/yy/83vjwp7d53j56dbzj8_jnpcr0000gn/T//ccyuaWcg.s:2351   .debug_str:00000000000002f4 .LASF117
/var/folders/yy/83vjwp7d53j56dbzj8_jnpcr0000gn/T//ccyuaWcg.s:2469   .debug_str:000000000000058b .LASF118
/var/folders/yy/83vjwp7d53j56dbzj8_jnpcr0000gn/T//ccyuaWcg.s:2237   .debug_str:0000000000000080 .LASF133
/var/folders/yy/83vjwp7d53j56dbzj8_jnpcr0000gn/T//ccyuaWcg.s:2423   .debug_str:000000000000043f .LASF119
/var/folders/yy/83vjwp7d53j56dbzj8_jnpcr0000gn/T//ccyuaWcg.s:2451   .debug_str:0000000000000533 .LASF120
/var/folders/yy/83vjwp7d53j56dbzj8_jnpcr0000gn/T//ccyuaWcg.s:2275   .debug_str:000000000000017b .LASF121
/var/folders/yy/83vjwp7d53j56dbzj8_jnpcr0000gn/T//ccyuaWcg.s:2393   .debug_str:00000000000003b4 .LASF122
/var/folders/yy/83vjwp7d53j56dbzj8_jnpcr0000gn/T//ccyuaWcg.s:2317   .debug_str:0000000000000243 .LASF123
/var/folders/yy/83vjwp7d53j56dbzj8_jnpcr0000gn/T//ccyuaWcg.s:2337   .debug_str:00000000000002bd .LASF124
/var/folders/yy/83vjwp7d53j56dbzj8_jnpcr0000gn/T//ccyuaWcg.s:2353   .debug_str:00000000000002fd .LASF125
/var/folders/yy/83vjwp7d53j56dbzj8_jnpcr0000gn/T//ccyuaWcg.s:2357   .debug_str:0000000000000310 .LASF126
/var/folders/yy/83vjwp7d53j56dbzj8_jnpcr0000gn/T//ccyuaWcg.s:2433   .debug_str:0000000000000468 .LASF127
/var/folders/yy/83vjwp7d53j56dbzj8_jnpcr0000gn/T//ccyuaWcg.s:2479   .debug_str:00000000000005b9 .LASF128
/var/folders/yy/83vjwp7d53j56dbzj8_jnpcr0000gn/T//ccyuaWcg.s:2345   .debug_str:00000000000002da .LASF129
/var/folders/yy/83vjwp7d53j56dbzj8_jnpcr0000gn/T//ccyuaWcg.s:2323   .debug_str:0000000000000273 .LASF134
/var/folders/yy/83vjwp7d53j56dbzj8_jnpcr0000gn/T//ccyuaWcg.s:14     .text._lseek:0000000000000000 .LFB1
/var/folders/yy/83vjwp7d53j56dbzj8_jnpcr0000gn/T//ccyuaWcg.s:41     .text._lseek:000000000000001a .LFE1
/var/folders/yy/83vjwp7d53j56dbzj8_jnpcr0000gn/T//ccyuaWcg.s:2132   .debug_loc:0000000000000000 .LLST0
/var/folders/yy/83vjwp7d53j56dbzj8_jnpcr0000gn/T//ccyuaWcg.s:2150   .debug_loc:000000000000002c .LLST1
/var/folders/yy/83vjwp7d53j56dbzj8_jnpcr0000gn/T//ccyuaWcg.s:2164   .debug_loc:000000000000004d .LLST2
/var/folders/yy/83vjwp7d53j56dbzj8_jnpcr0000gn/T//ccyuaWcg.s:2178   .debug_loc:000000000000006e .LLST3
/var/folders/yy/83vjwp7d53j56dbzj8_jnpcr0000gn/T//ccyuaWcg.s:28     .text._lseek:000000000000000c .LVL1
/var/folders/yy/83vjwp7d53j56dbzj8_jnpcr0000gn/T//ccyuaWcg.s:2233   .debug_str:0000000000000071 .LASF135
/var/folders/yy/83vjwp7d53j56dbzj8_jnpcr0000gn/T//ccyuaWcg.s:2217   .debug_str:0000000000000014 .LASF136
/var/folders/yy/83vjwp7d53j56dbzj8_jnpcr0000gn/T//ccyuaWcg.s:22     .text._lseek:0000000000000002 .LCFI0
/var/folders/yy/83vjwp7d53j56dbzj8_jnpcr0000gn/T//ccyuaWcg.s:37     .text._lseek:0000000000000018 .LCFI1
/var/folders/yy/83vjwp7d53j56dbzj8_jnpcr0000gn/T//ccyuaWcg.s:18     .text._lseek:0000000000000000 .LVL0
/var/folders/yy/83vjwp7d53j56dbzj8_jnpcr0000gn/T//ccyuaWcg.s:54     .debug_info:0000000000000000 .Ldebug_info0

UNDEFINED SYMBOLS
GAS LISTING /var/folders/yy/83vjwp7d53j56dbzj8_jnpcr0000gn/T//ccyuaWcg.s 			page 6


isatty
