GAS LISTING /var/folders/yy/83vjwp7d53j56dbzj8_jnpcr0000gn/T//ccRLigpX.s 			page 1


   1              		.file	"gd32v_tf_card_if.c"
   2              		.option nopic
   3              		.attribute arch, "rv32i2p0_m2p0_a2p0_c2p0"
   4              		.attribute unaligned_access, 0
   5              		.attribute stack_align, 16
   6              		.text
   7              	.Ltext0:
   8              		.cfi_sections	.debug_frame
   9              		.section	.text.set_fattime,"ax",@progbits
  10              		.align	1
  11              		.globl	set_fattime
  13              	set_fattime:
  14              	.LFB5:
  15              		.file 1 "lib/fatfs/src/gd32v_tf_card_if.c"
   1:lib/fatfs/src/gd32v_tf_card_if.c **** #include "gd32vf103.h"
   2:lib/fatfs/src/gd32v_tf_card_if.c **** #include "gd32v_tf_card_if.h"
   3:lib/fatfs/src/gd32v_tf_card_if.c **** #include "tf_card.h"
   4:lib/fatfs/src/gd32v_tf_card_if.c **** 
   5:lib/fatfs/src/gd32v_tf_card_if.c **** fat_time_t time = {.year = 2020, .month = 3, .day = 6, .hour = 0, .minute = 0};
   6:lib/fatfs/src/gd32v_tf_card_if.c **** 
   7:lib/fatfs/src/gd32v_tf_card_if.c **** void set_fattime(uint16_t year, uint8_t month, uint8_t day, uint8_t hour, uint8_t minute, uint8_t s
  16              		.loc 1 7 106
  17              		.cfi_startproc
  18              	.LVL0:
   8:lib/fatfs/src/gd32v_tf_card_if.c ****     time.year = year;
  19              		.loc 1 8 5
  20              		.loc 1 8 15 is_stmt 0
  21 0000 37080000 		lui	a6,%hi(.LANCHOR0)
  22 0004 13080800 		addi	a6,a6,%lo(.LANCHOR0)
  23 0008 2310A800 		sh	a0,0(a6)
   9:lib/fatfs/src/gd32v_tf_card_if.c ****     time.month = month;
  24              		.loc 1 9 5 is_stmt 1
  25              		.loc 1 9 16 is_stmt 0
  26 000c 2301B800 		sb	a1,2(a6)
  10:lib/fatfs/src/gd32v_tf_card_if.c ****     time.day = day;
  27              		.loc 1 10 5 is_stmt 1
  28              		.loc 1 10 14 is_stmt 0
  29 0010 A301C800 		sb	a2,3(a6)
  11:lib/fatfs/src/gd32v_tf_card_if.c ****     time.hour = hour;
  30              		.loc 1 11 5 is_stmt 1
  31              		.loc 1 11 15 is_stmt 0
  32 0014 2302D800 		sb	a3,4(a6)
  12:lib/fatfs/src/gd32v_tf_card_if.c ****     time.minute = minute;
  33              		.loc 1 12 5 is_stmt 1
  34              		.loc 1 12 17 is_stmt 0
  35 0018 A302E800 		sb	a4,5(a6)
  13:lib/fatfs/src/gd32v_tf_card_if.c ****     time.second = second;
  36              		.loc 1 13 5 is_stmt 1
  37              		.loc 1 13 17 is_stmt 0
  38 001c 2303F800 		sb	a5,6(a6)
  14:lib/fatfs/src/gd32v_tf_card_if.c **** }
  39              		.loc 1 14 1
  40 0020 8280     		ret
  41              		.cfi_endproc
  42              	.LFE5:
  44              		.section	.text.get_fattime,"ax",@progbits
  45              		.align	1
GAS LISTING /var/folders/yy/83vjwp7d53j56dbzj8_jnpcr0000gn/T//ccRLigpX.s 			page 2


  46              		.globl	get_fattime
  48              	get_fattime:
  49              	.LFB6:
  15:lib/fatfs/src/gd32v_tf_card_if.c **** 
  16:lib/fatfs/src/gd32v_tf_card_if.c **** DWORD get_fattime (void){
  50              		.loc 1 16 25 is_stmt 1
  51              		.cfi_startproc
  17:lib/fatfs/src/gd32v_tf_card_if.c **** 	return
  52              		.loc 1 17 2
  18:lib/fatfs/src/gd32v_tf_card_if.c **** 		(((uint8_t)(time.year - 1980))  << 25) |
  19:lib/fatfs/src/gd32v_tf_card_if.c **** 		(time.month	                    << 21) |
  53              		.loc 1 19 8 is_stmt 0
  54 0000 37070000 		lui	a4,%hi(.LANCHOR0)
  55 0004 13070700 		addi	a4,a4,%lo(.LANCHOR0)
  56 0008 83472700 		lbu	a5,2(a4)
  20:lib/fatfs/src/gd32v_tf_card_if.c **** 		(time.day	                    << 16) |
  57              		.loc 1 20 8
  58 000c 03453700 		lbu	a0,3(a4)
  19:lib/fatfs/src/gd32v_tf_card_if.c **** 		(time.day	                    << 16) |
  59              		.loc 1 19 35
  60 0010 D607     		slli	a5,a5,21
  61              		.loc 1 20 33
  62 0012 4205     		slli	a0,a0,16
  21:lib/fatfs/src/gd32v_tf_card_if.c **** 		(time.hour	                    << 11) |
  22:lib/fatfs/src/gd32v_tf_card_if.c **** 		(time.minute	                <<  5) |
  63              		.loc 1 22 39
  64 0014 C98F     		or	a5,a5,a0
  23:lib/fatfs/src/gd32v_tf_card_if.c **** 		(time.second	                <<  0);
  65              		.loc 1 23 32
  66 0016 03456700 		lbu	a0,6(a4)
  22:lib/fatfs/src/gd32v_tf_card_if.c **** 		(time.second	                <<  0);
  67              		.loc 1 22 39
  68 001a C98F     		or	a5,a5,a0
  21:lib/fatfs/src/gd32v_tf_card_if.c **** 		(time.hour	                    << 11) |
  69              		.loc 1 21 8
  70 001c 03454700 		lbu	a0,4(a4)
  21:lib/fatfs/src/gd32v_tf_card_if.c **** 		(time.hour	                    << 11) |
  71              		.loc 1 21 34
  72 0020 2E05     		slli	a0,a0,11
  22:lib/fatfs/src/gd32v_tf_card_if.c **** 		(time.second	                <<  0);
  73              		.loc 1 22 39
  74 0022 C98F     		or	a5,a5,a0
  22:lib/fatfs/src/gd32v_tf_card_if.c **** 		(time.second	                <<  0);
  75              		.loc 1 22 8
  76 0024 03455700 		lbu	a0,5(a4)
  22:lib/fatfs/src/gd32v_tf_card_if.c **** 		(time.second	                <<  0);
  77              		.loc 1 22 32
  78 0028 1605     		slli	a0,a0,5
  22:lib/fatfs/src/gd32v_tf_card_if.c **** 		(time.second	                <<  0);
  79              		.loc 1 22 39
  80 002a C98F     		or	a5,a5,a0
  18:lib/fatfs/src/gd32v_tf_card_if.c **** 		(time.month	                    << 21) |
  81              		.loc 1 18 5
  82 002c 03450700 		lbu	a0,0(a4)
  83 0030 13054504 		addi	a0,a0,68
  18:lib/fatfs/src/gd32v_tf_card_if.c **** 		(time.month	                    << 21) |
  84              		.loc 1 18 35
GAS LISTING /var/folders/yy/83vjwp7d53j56dbzj8_jnpcr0000gn/T//ccRLigpX.s 			page 3


  85 0034 6605     		slli	a0,a0,25
  24:lib/fatfs/src/gd32v_tf_card_if.c **** }  ...
  86              		.loc 1 24 1
  87 0036 5D8D     		or	a0,a5,a0
  88 0038 8280     		ret
  89              		.cfi_endproc
  90              	.LFE6:
  92              		.globl	time
  93              		.section	.sdata.time,"aw"
  94              		.align	2
  95              		.set	.LANCHOR0,. + 0
  98              	time:
  99 0000 E407     		.half	2020
 100 0002 03       		.byte	3
 101 0003 06       		.byte	6
 102 0004 00       		.byte	0
 103 0005 00       		.byte	0
 104 0006 0000     		.zero	2
 105              		.text
 106              	.Letext0:
 107              		.file 2 "/Users/gulda/Documents/risc-v/toolchain-gd32v-v200-osx/compiler/riscv64-unknown-elf/inclu
 108              		.file 3 "/Users/gulda/Documents/risc-v/toolchain-gd32v-v200-osx/compiler/riscv64-unknown-elf/inclu
 109              		.file 4 "/Users/gulda/Documents/risc-v/toolchain-gd32v-v200-osx/compiler/lib/gcc/riscv64-unknown-e
 110              		.file 5 "/Users/gulda/Documents/risc-v/toolchain-gd32v-v200-osx/compiler/riscv64-unknown-elf/inclu
 111              		.file 6 "/Users/gulda/Documents/risc-v/toolchain-gd32v-v200-osx/compiler/riscv64-unknown-elf/inclu
 112              		.file 7 "/Users/gulda/Documents/risc-v/toolchain-gd32v-v200-osx/compiler/riscv64-unknown-elf/inclu
 113              		.file 8 "../../firmware/GD32VF103_standard_peripheral/system_gd32vf103.h"
 114              		.file 9 "lib/fatfs/include/ff.h"
 115              		.file 10 "lib/fatfs/include/gd32v_tf_card_if.h"
GAS LISTING /var/folders/yy/83vjwp7d53j56dbzj8_jnpcr0000gn/T//ccRLigpX.s 			page 4


DEFINED SYMBOLS
                            *ABS*:0000000000000000 gd32v_tf_card_if.c
/var/folders/yy/83vjwp7d53j56dbzj8_jnpcr0000gn/T//ccRLigpX.s:13     .text.set_fattime:0000000000000000 set_fattime
/var/folders/yy/83vjwp7d53j56dbzj8_jnpcr0000gn/T//ccRLigpX.s:17     .text.set_fattime:0000000000000000 .L0 
/var/folders/yy/83vjwp7d53j56dbzj8_jnpcr0000gn/T//ccRLigpX.s:19     .text.set_fattime:0000000000000000 .L0 
/var/folders/yy/83vjwp7d53j56dbzj8_jnpcr0000gn/T//ccRLigpX.s:20     .text.set_fattime:0000000000000000 .L0 
/var/folders/yy/83vjwp7d53j56dbzj8_jnpcr0000gn/T//ccRLigpX.s:21     .text.set_fattime:0000000000000000 .L0 
/var/folders/yy/83vjwp7d53j56dbzj8_jnpcr0000gn/T//ccRLigpX.s:25     .text.set_fattime:000000000000000c .L0 
/var/folders/yy/83vjwp7d53j56dbzj8_jnpcr0000gn/T//ccRLigpX.s:26     .text.set_fattime:000000000000000c .L0 
/var/folders/yy/83vjwp7d53j56dbzj8_jnpcr0000gn/T//ccRLigpX.s:28     .text.set_fattime:0000000000000010 .L0 
/var/folders/yy/83vjwp7d53j56dbzj8_jnpcr0000gn/T//ccRLigpX.s:29     .text.set_fattime:0000000000000010 .L0 
/var/folders/yy/83vjwp7d53j56dbzj8_jnpcr0000gn/T//ccRLigpX.s:31     .text.set_fattime:0000000000000014 .L0 
/var/folders/yy/83vjwp7d53j56dbzj8_jnpcr0000gn/T//ccRLigpX.s:32     .text.set_fattime:0000000000000014 .L0 
/var/folders/yy/83vjwp7d53j56dbzj8_jnpcr0000gn/T//ccRLigpX.s:34     .text.set_fattime:0000000000000018 .L0 
/var/folders/yy/83vjwp7d53j56dbzj8_jnpcr0000gn/T//ccRLigpX.s:35     .text.set_fattime:0000000000000018 .L0 
/var/folders/yy/83vjwp7d53j56dbzj8_jnpcr0000gn/T//ccRLigpX.s:37     .text.set_fattime:000000000000001c .L0 
/var/folders/yy/83vjwp7d53j56dbzj8_jnpcr0000gn/T//ccRLigpX.s:38     .text.set_fattime:000000000000001c .L0 
/var/folders/yy/83vjwp7d53j56dbzj8_jnpcr0000gn/T//ccRLigpX.s:40     .text.set_fattime:0000000000000020 .L0 
/var/folders/yy/83vjwp7d53j56dbzj8_jnpcr0000gn/T//ccRLigpX.s:41     .text.set_fattime:0000000000000022 .L0 
/var/folders/yy/83vjwp7d53j56dbzj8_jnpcr0000gn/T//ccRLigpX.s:48     .text.get_fattime:0000000000000000 get_fattime
/var/folders/yy/83vjwp7d53j56dbzj8_jnpcr0000gn/T//ccRLigpX.s:51     .text.get_fattime:0000000000000000 .L0 
/var/folders/yy/83vjwp7d53j56dbzj8_jnpcr0000gn/T//ccRLigpX.s:52     .text.get_fattime:0000000000000000 .L0 
/var/folders/yy/83vjwp7d53j56dbzj8_jnpcr0000gn/T//ccRLigpX.s:53     .text.get_fattime:0000000000000000 .L0 
/var/folders/yy/83vjwp7d53j56dbzj8_jnpcr0000gn/T//ccRLigpX.s:54     .text.get_fattime:0000000000000000 .L0 
/var/folders/yy/83vjwp7d53j56dbzj8_jnpcr0000gn/T//ccRLigpX.s:58     .text.get_fattime:000000000000000c .L0 
/var/folders/yy/83vjwp7d53j56dbzj8_jnpcr0000gn/T//ccRLigpX.s:60     .text.get_fattime:0000000000000010 .L0 
/var/folders/yy/83vjwp7d53j56dbzj8_jnpcr0000gn/T//ccRLigpX.s:62     .text.get_fattime:0000000000000012 .L0 
/var/folders/yy/83vjwp7d53j56dbzj8_jnpcr0000gn/T//ccRLigpX.s:64     .text.get_fattime:0000000000000014 .L0 
/var/folders/yy/83vjwp7d53j56dbzj8_jnpcr0000gn/T//ccRLigpX.s:66     .text.get_fattime:0000000000000016 .L0 
/var/folders/yy/83vjwp7d53j56dbzj8_jnpcr0000gn/T//ccRLigpX.s:68     .text.get_fattime:000000000000001a .L0 
/var/folders/yy/83vjwp7d53j56dbzj8_jnpcr0000gn/T//ccRLigpX.s:70     .text.get_fattime:000000000000001c .L0 
/var/folders/yy/83vjwp7d53j56dbzj8_jnpcr0000gn/T//ccRLigpX.s:72     .text.get_fattime:0000000000000020 .L0 
/var/folders/yy/83vjwp7d53j56dbzj8_jnpcr0000gn/T//ccRLigpX.s:74     .text.get_fattime:0000000000000022 .L0 
/var/folders/yy/83vjwp7d53j56dbzj8_jnpcr0000gn/T//ccRLigpX.s:76     .text.get_fattime:0000000000000024 .L0 
/var/folders/yy/83vjwp7d53j56dbzj8_jnpcr0000gn/T//ccRLigpX.s:78     .text.get_fattime:0000000000000028 .L0 
/var/folders/yy/83vjwp7d53j56dbzj8_jnpcr0000gn/T//ccRLigpX.s:80     .text.get_fattime:000000000000002a .L0 
/var/folders/yy/83vjwp7d53j56dbzj8_jnpcr0000gn/T//ccRLigpX.s:82     .text.get_fattime:000000000000002c .L0 
/var/folders/yy/83vjwp7d53j56dbzj8_jnpcr0000gn/T//ccRLigpX.s:85     .text.get_fattime:0000000000000034 .L0 
/var/folders/yy/83vjwp7d53j56dbzj8_jnpcr0000gn/T//ccRLigpX.s:87     .text.get_fattime:0000000000000036 .L0 
/var/folders/yy/83vjwp7d53j56dbzj8_jnpcr0000gn/T//ccRLigpX.s:89     .text.get_fattime:000000000000003a .L0 
/var/folders/yy/83vjwp7d53j56dbzj8_jnpcr0000gn/T//ccRLigpX.s:98     .sdata.time:0000000000000000 time
/var/folders/yy/83vjwp7d53j56dbzj8_jnpcr0000gn/T//ccRLigpX.s:95     .sdata.time:0000000000000000 .LANCHOR0
/var/folders/yy/83vjwp7d53j56dbzj8_jnpcr0000gn/T//ccRLigpX.s:44     .text.set_fattime:0000000000000022 .L0 
/var/folders/yy/83vjwp7d53j56dbzj8_jnpcr0000gn/T//ccRLigpX.s:93     .text.get_fattime:000000000000003a .L0 
                     .debug_frame:0000000000000000 .L0 
/var/folders/yy/83vjwp7d53j56dbzj8_jnpcr0000gn/T//ccRLigpX.s:1708   .debug_abbrev:0000000000000000 .Ldebug_abbrev0
/var/folders/yy/83vjwp7d53j56dbzj8_jnpcr0000gn/T//ccRLigpX.s:2480   .debug_str:00000000000004a9 .LASF135
/var/folders/yy/83vjwp7d53j56dbzj8_jnpcr0000gn/T//ccRLigpX.s:2386   .debug_str:00000000000002e1 .LASF136
/var/folders/yy/83vjwp7d53j56dbzj8_jnpcr0000gn/T//ccRLigpX.s:2270   .debug_str:0000000000000097 .LASF137
/var/folders/yy/83vjwp7d53j56dbzj8_jnpcr0000gn/T//ccRLigpX.s:2234   .debug_ranges:0000000000000000 .Ldebug_ranges0
/var/folders/yy/83vjwp7d53j56dbzj8_jnpcr0000gn/T//ccRLigpX.s:2242   .debug_line:0000000000000000 .Ldebug_line0
/var/folders/yy/83vjwp7d53j56dbzj8_jnpcr0000gn/T//ccRLigpX.s:2470   .debug_str:0000000000000476 .LASF0
/var/folders/yy/83vjwp7d53j56dbzj8_jnpcr0000gn/T//ccRLigpX.s:2284   .debug_str:0000000000000120 .LASF1
/var/folders/yy/83vjwp7d53j56dbzj8_jnpcr0000gn/T//ccRLigpX.s:2256   .debug_str:0000000000000039 .LASF4
/var/folders/yy/83vjwp7d53j56dbzj8_jnpcr0000gn/T//ccRLigpX.s:2406   .debug_str:000000000000035c .LASF2
/var/folders/yy/83vjwp7d53j56dbzj8_jnpcr0000gn/T//ccRLigpX.s:2246   .debug_str:000000000000000c .LASF3
/var/folders/yy/83vjwp7d53j56dbzj8_jnpcr0000gn/T//ccRLigpX.s:2472   .debug_str:0000000000000483 .LASF5
GAS LISTING /var/folders/yy/83vjwp7d53j56dbzj8_jnpcr0000gn/T//ccRLigpX.s 			page 5


/var/folders/yy/83vjwp7d53j56dbzj8_jnpcr0000gn/T//ccRLigpX.s:2484   .debug_str:000000000000053a .LASF6
/var/folders/yy/83vjwp7d53j56dbzj8_jnpcr0000gn/T//ccRLigpX.s:2304   .debug_str:0000000000000175 .LASF7
/var/folders/yy/83vjwp7d53j56dbzj8_jnpcr0000gn/T//ccRLigpX.s:2328   .debug_str:00000000000001e9 .LASF8
/var/folders/yy/83vjwp7d53j56dbzj8_jnpcr0000gn/T//ccRLigpX.s:2354   .debug_str:0000000000000253 .LASF9
/var/folders/yy/83vjwp7d53j56dbzj8_jnpcr0000gn/T//ccRLigpX.s:2314   .debug_str:000000000000019e .LASF10
/var/folders/yy/83vjwp7d53j56dbzj8_jnpcr0000gn/T//ccRLigpX.s:2264   .debug_str:000000000000006c .LASF11
/var/folders/yy/83vjwp7d53j56dbzj8_jnpcr0000gn/T//ccRLigpX.s:2474   .debug_str:000000000000048e .LASF12
/var/folders/yy/83vjwp7d53j56dbzj8_jnpcr0000gn/T//ccRLigpX.s:2316   .debug_str:00000000000001ac .LASF13
/var/folders/yy/83vjwp7d53j56dbzj8_jnpcr0000gn/T//ccRLigpX.s:2494   .debug_str:000000000000057a .LASF14
/var/folders/yy/83vjwp7d53j56dbzj8_jnpcr0000gn/T//ccRLigpX.s:2348   .debug_str:0000000000000233 .LASF124
/var/folders/yy/83vjwp7d53j56dbzj8_jnpcr0000gn/T//ccRLigpX.s:2460   .debug_str:000000000000044f .LASF15
/var/folders/yy/83vjwp7d53j56dbzj8_jnpcr0000gn/T//ccRLigpX.s:2400   .debug_str:0000000000000339 .LASF16
/var/folders/yy/83vjwp7d53j56dbzj8_jnpcr0000gn/T//ccRLigpX.s:2280   .debug_str:0000000000000112 .LASF17
/var/folders/yy/83vjwp7d53j56dbzj8_jnpcr0000gn/T//ccRLigpX.s:2458   .debug_str:0000000000000447 .LASF18
/var/folders/yy/83vjwp7d53j56dbzj8_jnpcr0000gn/T//ccRLigpX.s:2502   .debug_str:000000000000059b .LASF19
/var/folders/yy/83vjwp7d53j56dbzj8_jnpcr0000gn/T//ccRLigpX.s:2370   .debug_str:00000000000002a4 .LASF20
/var/folders/yy/83vjwp7d53j56dbzj8_jnpcr0000gn/T//ccRLigpX.s:2346   .debug_str:000000000000022c .LASF21
/var/folders/yy/83vjwp7d53j56dbzj8_jnpcr0000gn/T//ccRLigpX.s:2448   .debug_str:0000000000000420 .LASF22
/var/folders/yy/83vjwp7d53j56dbzj8_jnpcr0000gn/T//ccRLigpX.s:2450   .debug_str:0000000000000428 .LASF23
/var/folders/yy/83vjwp7d53j56dbzj8_jnpcr0000gn/T//ccRLigpX.s:2424   .debug_str:00000000000003ad .LASF24
/var/folders/yy/83vjwp7d53j56dbzj8_jnpcr0000gn/T//ccRLigpX.s:2488   .debug_str:0000000000000552 .LASF25
/var/folders/yy/83vjwp7d53j56dbzj8_jnpcr0000gn/T//ccRLigpX.s:2404   .debug_str:000000000000034a .LASF26
/var/folders/yy/83vjwp7d53j56dbzj8_jnpcr0000gn/T//ccRLigpX.s:2414   .debug_str:0000000000000384 .LASF27
/var/folders/yy/83vjwp7d53j56dbzj8_jnpcr0000gn/T//ccRLigpX.s:2336   .debug_str:000000000000020e .LASF32
/var/folders/yy/83vjwp7d53j56dbzj8_jnpcr0000gn/T//ccRLigpX.s:2476   .debug_str:0000000000000496 .LASF28
/var/folders/yy/83vjwp7d53j56dbzj8_jnpcr0000gn/T//ccRLigpX.s:2442   .debug_str:000000000000040b .LASF29
/var/folders/yy/83vjwp7d53j56dbzj8_jnpcr0000gn/T//ccRLigpX.s:2330   .debug_str:00000000000001f4 .LASF30
/var/folders/yy/83vjwp7d53j56dbzj8_jnpcr0000gn/T//ccRLigpX.s:2498   .debug_str:0000000000000590 .LASF31
/var/folders/yy/83vjwp7d53j56dbzj8_jnpcr0000gn/T//ccRLigpX.s:2342   .debug_str:0000000000000221 .LASF33
/var/folders/yy/83vjwp7d53j56dbzj8_jnpcr0000gn/T//ccRLigpX.s:2278   .debug_str:0000000000000109 .LASF34
/var/folders/yy/83vjwp7d53j56dbzj8_jnpcr0000gn/T//ccRLigpX.s:2516   .debug_str:00000000000005e0 .LASF35
/var/folders/yy/83vjwp7d53j56dbzj8_jnpcr0000gn/T//ccRLigpX.s:2290   .debug_str:0000000000000138 .LASF36
/var/folders/yy/83vjwp7d53j56dbzj8_jnpcr0000gn/T//ccRLigpX.s:2524   .debug_str:0000000000000601 .LASF37
/var/folders/yy/83vjwp7d53j56dbzj8_jnpcr0000gn/T//ccRLigpX.s:2390   .debug_str:0000000000000309 .LASF38
/var/folders/yy/83vjwp7d53j56dbzj8_jnpcr0000gn/T//ccRLigpX.s:2382   .debug_str:00000000000002ce .LASF39
/var/folders/yy/83vjwp7d53j56dbzj8_jnpcr0000gn/T//ccRLigpX.s:2456   .debug_str:000000000000043d .LASF40
/var/folders/yy/83vjwp7d53j56dbzj8_jnpcr0000gn/T//ccRLigpX.s:2416   .debug_str:000000000000038d .LASF41
/var/folders/yy/83vjwp7d53j56dbzj8_jnpcr0000gn/T//ccRLigpX.s:2512   .debug_str:00000000000005c6 .LASF42
/var/folders/yy/83vjwp7d53j56dbzj8_jnpcr0000gn/T//ccRLigpX.s:2294   .debug_str:0000000000000147 .LASF43
/var/folders/yy/83vjwp7d53j56dbzj8_jnpcr0000gn/T//ccRLigpX.s:2248   .debug_str:0000000000000016 .LASF44
/var/folders/yy/83vjwp7d53j56dbzj8_jnpcr0000gn/T//ccRLigpX.s:2244   .debug_str:0000000000000000 .LASF45
/var/folders/yy/83vjwp7d53j56dbzj8_jnpcr0000gn/T//ccRLigpX.s:2482   .debug_str:0000000000000531 .LASF46
/var/folders/yy/83vjwp7d53j56dbzj8_jnpcr0000gn/T//ccRLigpX.s:2308   .debug_str:0000000000000185 .LASF47
/var/folders/yy/83vjwp7d53j56dbzj8_jnpcr0000gn/T//ccRLigpX.s:2392   .debug_str:0000000000000312 .LASF48
/var/folders/yy/83vjwp7d53j56dbzj8_jnpcr0000gn/T//ccRLigpX.s:2434   .debug_str:00000000000003db .LASF49
/var/folders/yy/83vjwp7d53j56dbzj8_jnpcr0000gn/T//ccRLigpX.s:2326   .debug_str:00000000000001e4 .LASF50
/var/folders/yy/83vjwp7d53j56dbzj8_jnpcr0000gn/T//ccRLigpX.s:2418   .debug_str:0000000000000397 .LASF51
/var/folders/yy/83vjwp7d53j56dbzj8_jnpcr0000gn/T//ccRLigpX.s:2288   .debug_str:0000000000000132 .LASF52
/var/folders/yy/83vjwp7d53j56dbzj8_jnpcr0000gn/T//ccRLigpX.s:2468   .debug_str:0000000000000470 .LASF53
/var/folders/yy/83vjwp7d53j56dbzj8_jnpcr0000gn/T//ccRLigpX.s:2426   .debug_str:00000000000003b8 .LASF54
/var/folders/yy/83vjwp7d53j56dbzj8_jnpcr0000gn/T//ccRLigpX.s:2306   .debug_str:000000000000017e .LASF55
/var/folders/yy/83vjwp7d53j56dbzj8_jnpcr0000gn/T//ccRLigpX.s:2356   .debug_str:0000000000000265 .LASF56
/var/folders/yy/83vjwp7d53j56dbzj8_jnpcr0000gn/T//ccRLigpX.s:2266   .debug_str:0000000000000083 .LASF57
/var/folders/yy/83vjwp7d53j56dbzj8_jnpcr0000gn/T//ccRLigpX.s:2250   .debug_str:000000000000001e .LASF58
/var/folders/yy/83vjwp7d53j56dbzj8_jnpcr0000gn/T//ccRLigpX.s:2340   .debug_str:000000000000021b .LASF59
/var/folders/yy/83vjwp7d53j56dbzj8_jnpcr0000gn/T//ccRLigpX.s:2380   .debug_str:00000000000002c7 .LASF60
/var/folders/yy/83vjwp7d53j56dbzj8_jnpcr0000gn/T//ccRLigpX.s:2452   .debug_str:0000000000000430 .LASF61
GAS LISTING /var/folders/yy/83vjwp7d53j56dbzj8_jnpcr0000gn/T//ccRLigpX.s 			page 6


/var/folders/yy/83vjwp7d53j56dbzj8_jnpcr0000gn/T//ccRLigpX.s:2282   .debug_str:0000000000000119 .LASF62
/var/folders/yy/83vjwp7d53j56dbzj8_jnpcr0000gn/T//ccRLigpX.s:2286   .debug_str:000000000000012c .LASF63
/var/folders/yy/83vjwp7d53j56dbzj8_jnpcr0000gn/T//ccRLigpX.s:2508   .debug_str:00000000000005b8 .LASF64
/var/folders/yy/83vjwp7d53j56dbzj8_jnpcr0000gn/T//ccRLigpX.s:2466   .debug_str:0000000000000467 .LASF65
/var/folders/yy/83vjwp7d53j56dbzj8_jnpcr0000gn/T//ccRLigpX.s:2320   .debug_str:00000000000001bd .LASF66
/var/folders/yy/83vjwp7d53j56dbzj8_jnpcr0000gn/T//ccRLigpX.s:2358   .debug_str:000000000000026b .LASF67
/var/folders/yy/83vjwp7d53j56dbzj8_jnpcr0000gn/T//ccRLigpX.s:2374   .debug_str:00000000000002af .LASF68
/var/folders/yy/83vjwp7d53j56dbzj8_jnpcr0000gn/T//ccRLigpX.s:2428   .debug_str:00000000000003c0 .LASF69
/var/folders/yy/83vjwp7d53j56dbzj8_jnpcr0000gn/T//ccRLigpX.s:2420   .debug_str:000000000000039e .LASF70
/var/folders/yy/83vjwp7d53j56dbzj8_jnpcr0000gn/T//ccRLigpX.s:2444   .debug_str:0000000000000413 .LASF71
/var/folders/yy/83vjwp7d53j56dbzj8_jnpcr0000gn/T//ccRLigpX.s:2462   .debug_str:000000000000045b .LASF72
/var/folders/yy/83vjwp7d53j56dbzj8_jnpcr0000gn/T//ccRLigpX.s:2310   .debug_str:000000000000018d .LASF73
/var/folders/yy/83vjwp7d53j56dbzj8_jnpcr0000gn/T//ccRLigpX.s:2350   .debug_str:0000000000000243 .LASF74
/var/folders/yy/83vjwp7d53j56dbzj8_jnpcr0000gn/T//ccRLigpX.s:2334   .debug_str:0000000000000206 .LASF75
/var/folders/yy/83vjwp7d53j56dbzj8_jnpcr0000gn/T//ccRLigpX.s:2432   .debug_str:00000000000003d6 .LASF76
/var/folders/yy/83vjwp7d53j56dbzj8_jnpcr0000gn/T//ccRLigpX.s:2254   .debug_str:000000000000002e .LASF77
/var/folders/yy/83vjwp7d53j56dbzj8_jnpcr0000gn/T//ccRLigpX.s:2440   .debug_str:00000000000003f2 .LASF78
/var/folders/yy/83vjwp7d53j56dbzj8_jnpcr0000gn/T//ccRLigpX.s:2436   .debug_str:00000000000003e0 .LASF79
/var/folders/yy/83vjwp7d53j56dbzj8_jnpcr0000gn/T//ccRLigpX.s:2396   .debug_str:000000000000031f .LASF80
/var/folders/yy/83vjwp7d53j56dbzj8_jnpcr0000gn/T//ccRLigpX.s:2438   .debug_str:00000000000003e8 .LASF81
/var/folders/yy/83vjwp7d53j56dbzj8_jnpcr0000gn/T//ccRLigpX.s:2368   .debug_str:000000000000029c .LASF82
/var/folders/yy/83vjwp7d53j56dbzj8_jnpcr0000gn/T//ccRLigpX.s:2312   .debug_str:0000000000000194 .LASF83
/var/folders/yy/83vjwp7d53j56dbzj8_jnpcr0000gn/T//ccRLigpX.s:2522   .debug_str:00000000000005fc .LASF84
/var/folders/yy/83vjwp7d53j56dbzj8_jnpcr0000gn/T//ccRLigpX.s:2402   .debug_str:0000000000000340 .LASF85
/var/folders/yy/83vjwp7d53j56dbzj8_jnpcr0000gn/T//ccRLigpX.s:2352   .debug_str:000000000000024b .LASF86
/var/folders/yy/83vjwp7d53j56dbzj8_jnpcr0000gn/T//ccRLigpX.s:2318   .debug_str:00000000000001b5 .LASF87
/var/folders/yy/83vjwp7d53j56dbzj8_jnpcr0000gn/T//ccRLigpX.s:2372   .debug_str:00000000000002aa .LASF88
/var/folders/yy/83vjwp7d53j56dbzj8_jnpcr0000gn/T//ccRLigpX.s:2258   .debug_str:0000000000000043 .LASF89
/var/folders/yy/83vjwp7d53j56dbzj8_jnpcr0000gn/T//ccRLigpX.s:2506   .debug_str:00000000000005ae .LASF90
/var/folders/yy/83vjwp7d53j56dbzj8_jnpcr0000gn/T//ccRLigpX.s:2302   .debug_str:000000000000016d .LASF91
/var/folders/yy/83vjwp7d53j56dbzj8_jnpcr0000gn/T//ccRLigpX.s:2292   .debug_str:0000000000000142 .LASF92
/var/folders/yy/83vjwp7d53j56dbzj8_jnpcr0000gn/T//ccRLigpX.s:2464   .debug_str:0000000000000462 .LASF93
/var/folders/yy/83vjwp7d53j56dbzj8_jnpcr0000gn/T//ccRLigpX.s:2422   .debug_str:00000000000003a6 .LASF94
/var/folders/yy/83vjwp7d53j56dbzj8_jnpcr0000gn/T//ccRLigpX.s:2500   .debug_str:0000000000000595 .LASF95
/var/folders/yy/83vjwp7d53j56dbzj8_jnpcr0000gn/T//ccRLigpX.s:2360   .debug_str:0000000000000271 .LASF96
/var/folders/yy/83vjwp7d53j56dbzj8_jnpcr0000gn/T//ccRLigpX.s:2408   .debug_str:000000000000036a .LASF97
/var/folders/yy/83vjwp7d53j56dbzj8_jnpcr0000gn/T//ccRLigpX.s:2252   .debug_str:0000000000000026 .LASF98
/var/folders/yy/83vjwp7d53j56dbzj8_jnpcr0000gn/T//ccRLigpX.s:2446   .debug_str:000000000000041a .LASF99
/var/folders/yy/83vjwp7d53j56dbzj8_jnpcr0000gn/T//ccRLigpX.s:2376   .debug_str:00000000000002b5 .LASF100
/var/folders/yy/83vjwp7d53j56dbzj8_jnpcr0000gn/T//ccRLigpX.s:2486   .debug_str:000000000000054d .LASF101
/var/folders/yy/83vjwp7d53j56dbzj8_jnpcr0000gn/T//ccRLigpX.s:2496   .debug_str:0000000000000583 .LASF102
/var/folders/yy/83vjwp7d53j56dbzj8_jnpcr0000gn/T//ccRLigpX.s:2478   .debug_str:000000000000049c .LASF103
/var/folders/yy/83vjwp7d53j56dbzj8_jnpcr0000gn/T//ccRLigpX.s:2366   .debug_str:000000000000028f .LASF104
/var/folders/yy/83vjwp7d53j56dbzj8_jnpcr0000gn/T//ccRLigpX.s:2514   .debug_str:00000000000005d1 .LASF105
/var/folders/yy/83vjwp7d53j56dbzj8_jnpcr0000gn/T//ccRLigpX.s:2398   .debug_str:000000000000032a .LASF106
/var/folders/yy/83vjwp7d53j56dbzj8_jnpcr0000gn/T//ccRLigpX.s:2362   .debug_str:0000000000000278 .LASF107
/var/folders/yy/83vjwp7d53j56dbzj8_jnpcr0000gn/T//ccRLigpX.s:2518   .debug_str:00000000000005e9 .LASF108
/var/folders/yy/83vjwp7d53j56dbzj8_jnpcr0000gn/T//ccRLigpX.s:2430   .debug_str:00000000000003c9 .LASF109
/var/folders/yy/83vjwp7d53j56dbzj8_jnpcr0000gn/T//ccRLigpX.s:2520   .debug_str:00000000000005ee .LASF110
/var/folders/yy/83vjwp7d53j56dbzj8_jnpcr0000gn/T//ccRLigpX.s:2276   .debug_str:00000000000000fb .LASF111
/var/folders/yy/83vjwp7d53j56dbzj8_jnpcr0000gn/T//ccRLigpX.s:2504   .debug_str:00000000000005a4 .LASF112
/var/folders/yy/83vjwp7d53j56dbzj8_jnpcr0000gn/T//ccRLigpX.s:2364   .debug_str:0000000000000283 .LASF113
/var/folders/yy/83vjwp7d53j56dbzj8_jnpcr0000gn/T//ccRLigpX.s:2490   .debug_str:000000000000055a .LASF114
/var/folders/yy/83vjwp7d53j56dbzj8_jnpcr0000gn/T//ccRLigpX.s:2324   .debug_str:00000000000001d6 .LASF115
/var/folders/yy/83vjwp7d53j56dbzj8_jnpcr0000gn/T//ccRLigpX.s:2272   .debug_str:00000000000000e6 .LASF116
/var/folders/yy/83vjwp7d53j56dbzj8_jnpcr0000gn/T//ccRLigpX.s:2322   .debug_str:00000000000001c5 .LASF117
/var/folders/yy/83vjwp7d53j56dbzj8_jnpcr0000gn/T//ccRLigpX.s:2260   .debug_str:000000000000004c .LASF118
GAS LISTING /var/folders/yy/83vjwp7d53j56dbzj8_jnpcr0000gn/T//ccRLigpX.s 			page 7


/var/folders/yy/83vjwp7d53j56dbzj8_jnpcr0000gn/T//ccRLigpX.s:2262   .debug_str:000000000000005b .LASF119
/var/folders/yy/83vjwp7d53j56dbzj8_jnpcr0000gn/T//ccRLigpX.s:2412   .debug_str:000000000000037b .LASF120
/var/folders/yy/83vjwp7d53j56dbzj8_jnpcr0000gn/T//ccRLigpX.s:2388   .debug_str:0000000000000302 .LASF121
/var/folders/yy/83vjwp7d53j56dbzj8_jnpcr0000gn/T//ccRLigpX.s:2384   .debug_str:00000000000002d8 .LASF122
/var/folders/yy/83vjwp7d53j56dbzj8_jnpcr0000gn/T//ccRLigpX.s:2510   .debug_str:00000000000005be .LASF123
/var/folders/yy/83vjwp7d53j56dbzj8_jnpcr0000gn/T//ccRLigpX.s:2268   .debug_str:000000000000008c .LASF138
/var/folders/yy/83vjwp7d53j56dbzj8_jnpcr0000gn/T//ccRLigpX.s:2332   .debug_str:00000000000001fa .LASF125
/var/folders/yy/83vjwp7d53j56dbzj8_jnpcr0000gn/T//ccRLigpX.s:2492   .debug_str:0000000000000567 .LASF126
/var/folders/yy/83vjwp7d53j56dbzj8_jnpcr0000gn/T//ccRLigpX.s:2274   .debug_str:00000000000000f5 .LASF127
/var/folders/yy/83vjwp7d53j56dbzj8_jnpcr0000gn/T//ccRLigpX.s:2300   .debug_str:0000000000000168 .LASF128
/var/folders/yy/83vjwp7d53j56dbzj8_jnpcr0000gn/T//ccRLigpX.s:2344   .debug_str:0000000000000226 .LASF129
/var/folders/yy/83vjwp7d53j56dbzj8_jnpcr0000gn/T//ccRLigpX.s:2338   .debug_str:0000000000000216 .LASF130
/var/folders/yy/83vjwp7d53j56dbzj8_jnpcr0000gn/T//ccRLigpX.s:2454   .debug_str:0000000000000436 .LASF131
/var/folders/yy/83vjwp7d53j56dbzj8_jnpcr0000gn/T//ccRLigpX.s:2296   .debug_str:0000000000000155 .LASF132
/var/folders/yy/83vjwp7d53j56dbzj8_jnpcr0000gn/T//ccRLigpX.s:2410   .debug_str:0000000000000370 .LASF133
/var/folders/yy/83vjwp7d53j56dbzj8_jnpcr0000gn/T//ccRLigpX.s:2394   .debug_str:000000000000031a .LASF134
/var/folders/yy/83vjwp7d53j56dbzj8_jnpcr0000gn/T//ccRLigpX.s:2298   .debug_str:000000000000015c .LASF139
/var/folders/yy/83vjwp7d53j56dbzj8_jnpcr0000gn/T//ccRLigpX.s:49     .text.get_fattime:0000000000000000 .LFB6
/var/folders/yy/83vjwp7d53j56dbzj8_jnpcr0000gn/T//ccRLigpX.s:90     .text.get_fattime:000000000000003a .LFE6
/var/folders/yy/83vjwp7d53j56dbzj8_jnpcr0000gn/T//ccRLigpX.s:2378   .debug_str:00000000000002bb .LASF140
/var/folders/yy/83vjwp7d53j56dbzj8_jnpcr0000gn/T//ccRLigpX.s:14     .text.set_fattime:0000000000000000 .LFB5
/var/folders/yy/83vjwp7d53j56dbzj8_jnpcr0000gn/T//ccRLigpX.s:42     .text.set_fattime:0000000000000022 .LFE5
/var/folders/yy/83vjwp7d53j56dbzj8_jnpcr0000gn/T//ccRLigpX.s:117    .debug_info:0000000000000000 .Ldebug_info0

NO UNDEFINED SYMBOLS
