GAS LISTING /var/folders/yy/83vjwp7d53j56dbzj8_jnpcr0000gn/T//cckFvK78.s 			page 1


   1              		.file	"read.c"
   2              		.option nopic
   3              		.attribute arch, "rv32i2p0_m2p0_a2p0_c2p0"
   4              		.attribute unaligned_access, 0
   5              		.attribute stack_align, 16
   6              		.text
   7              	.Ltext0:
   8              		.cfi_sections	.debug_frame
   9              		.section	.text._read,"ax",@progbits
  10              		.align	1
  11              		.globl	_read
  13              	_read:
  14              	.LFB1:
  15              		.file 1 "../../firmware/RISCV/stubs/read.c"
   1:../../firmware/RISCV/stubs/read.c **** /* See LICENSE of license details. */
   2:../../firmware/RISCV/stubs/read.c **** 
   3:../../firmware/RISCV/stubs/read.c **** #include <stdint.h>
   4:../../firmware/RISCV/stubs/read.c **** #include <errno.h>
   5:../../firmware/RISCV/stubs/read.c **** #include <unistd.h>
   6:../../firmware/RISCV/stubs/read.c **** #include <sys/types.h>
   7:../../firmware/RISCV/stubs/read.c **** 
   8:../../firmware/RISCV/stubs/read.c **** #include "stub.h"
   9:../../firmware/RISCV/stubs/read.c **** 
  10:../../firmware/RISCV/stubs/read.c **** ssize_t _read(int fd, void* ptr, size_t len)
  11:../../firmware/RISCV/stubs/read.c **** {
  16              		.loc 1 11 1
  17              		.cfi_startproc
  18              	.LVL0:
  12:../../firmware/RISCV/stubs/read.c ****   return _stub(EBADF);
  19              		.loc 1 12 3
  20              		.file 2 "../../firmware/RISCV/stubs/stub.h"
   1:../../firmware/RISCV/stubs/stub.h **** /* See LICENSE of license details. */
   2:../../firmware/RISCV/stubs/stub.h **** #ifndef _NUCLEI_SYS_STUB_H
   3:../../firmware/RISCV/stubs/stub.h **** #define _NUCLEI_SYS_STUB_H
   4:../../firmware/RISCV/stubs/stub.h **** 
   5:../../firmware/RISCV/stubs/stub.h **** #include <stdint.h>
   6:../../firmware/RISCV/stubs/stub.h **** #if   defined (__GNUC__)
   7:../../firmware/RISCV/stubs/stub.h **** #include <unistd.h>
   8:../../firmware/RISCV/stubs/stub.h **** #endif
   9:../../firmware/RISCV/stubs/stub.h **** 
  10:../../firmware/RISCV/stubs/stub.h **** void write_hex(int fd, unsigned long int hex);
  11:../../firmware/RISCV/stubs/stub.h **** 
  12:../../firmware/RISCV/stubs/stub.h **** static inline int _stub(int err)
  13:../../firmware/RISCV/stubs/stub.h **** {
  14:../../firmware/RISCV/stubs/stub.h ****   return -1;
  21              		.loc 2 14 3
  13:../../firmware/RISCV/stubs/read.c **** }
  22              		.loc 1 13 1 is_stmt 0
  23 0000 7D55     		li	a0,-1
  24              	.LVL1:
  25 0002 8280     		ret
  26              		.cfi_endproc
  27              	.LFE1:
  29              		.text
  30              	.Letext0:
  31              		.file 3 "/Users/gulda/Documents/risc-v/toolchain-gd32v-v200-osx/compiler/lib/gcc/riscv64-unknown-e
  32              		.file 4 "/Users/gulda/Documents/risc-v/toolchain-gd32v-v200-osx/compiler/riscv64-unknown-elf/inclu
GAS LISTING /var/folders/yy/83vjwp7d53j56dbzj8_jnpcr0000gn/T//cckFvK78.s 			page 2


  33              		.file 5 "/Users/gulda/Documents/risc-v/toolchain-gd32v-v200-osx/compiler/riscv64-unknown-elf/inclu
  34              		.file 6 "/Users/gulda/Documents/risc-v/toolchain-gd32v-v200-osx/compiler/riscv64-unknown-elf/inclu
  35              		.file 7 "/Users/gulda/Documents/risc-v/toolchain-gd32v-v200-osx/compiler/riscv64-unknown-elf/inclu
  36              		.file 8 "/Users/gulda/Documents/risc-v/toolchain-gd32v-v200-osx/compiler/riscv64-unknown-elf/inclu
  37              		.file 9 "/Users/gulda/Documents/risc-v/toolchain-gd32v-v200-osx/compiler/riscv64-unknown-elf/inclu
GAS LISTING /var/folders/yy/83vjwp7d53j56dbzj8_jnpcr0000gn/T//cckFvK78.s 			page 3


DEFINED SYMBOLS
                            *ABS*:0000000000000000 read.c
/var/folders/yy/83vjwp7d53j56dbzj8_jnpcr0000gn/T//cckFvK78.s:13     .text._read:0000000000000000 _read
/var/folders/yy/83vjwp7d53j56dbzj8_jnpcr0000gn/T//cckFvK78.s:17     .text._read:0000000000000000 .L0 
/var/folders/yy/83vjwp7d53j56dbzj8_jnpcr0000gn/T//cckFvK78.s:19     .text._read:0000000000000000 .L0 
/var/folders/yy/83vjwp7d53j56dbzj8_jnpcr0000gn/T//cckFvK78.s:21     .text._read:0000000000000000 .L0 
/var/folders/yy/83vjwp7d53j56dbzj8_jnpcr0000gn/T//cckFvK78.s:22     .text._read:0000000000000000 .L0 
/var/folders/yy/83vjwp7d53j56dbzj8_jnpcr0000gn/T//cckFvK78.s:23     .text._read:0000000000000000 .L0 
/var/folders/yy/83vjwp7d53j56dbzj8_jnpcr0000gn/T//cckFvK78.s:26     .text._read:0000000000000004 .L0 
/var/folders/yy/83vjwp7d53j56dbzj8_jnpcr0000gn/T//cckFvK78.s:29     .text._read:0000000000000004 .L0 
                     .debug_frame:0000000000000000 .L0 
/var/folders/yy/83vjwp7d53j56dbzj8_jnpcr0000gn/T//cckFvK78.s:1569   .debug_abbrev:0000000000000000 .Ldebug_abbrev0
/var/folders/yy/83vjwp7d53j56dbzj8_jnpcr0000gn/T//cckFvK78.s:2338   .debug_str:000000000000047a .LASF130
/var/folders/yy/83vjwp7d53j56dbzj8_jnpcr0000gn/T//cckFvK78.s:2116   .debug_str:000000000000000c .LASF131
/var/folders/yy/83vjwp7d53j56dbzj8_jnpcr0000gn/T//cckFvK78.s:2142   .debug_str:00000000000000ad .LASF132
/var/folders/yy/83vjwp7d53j56dbzj8_jnpcr0000gn/T//cckFvK78.s:2106   .debug_ranges:0000000000000000 .Ldebug_ranges0
/var/folders/yy/83vjwp7d53j56dbzj8_jnpcr0000gn/T//cckFvK78.s:2112   .debug_line:0000000000000000 .Ldebug_line0
/var/folders/yy/83vjwp7d53j56dbzj8_jnpcr0000gn/T//cckFvK78.s:2152   .debug_str:0000000000000130 .LASF0
/var/folders/yy/83vjwp7d53j56dbzj8_jnpcr0000gn/T//cckFvK78.s:2270   .debug_str:000000000000034f .LASF1
/var/folders/yy/83vjwp7d53j56dbzj8_jnpcr0000gn/T//cckFvK78.s:2276   .debug_str:000000000000036b .LASF2
/var/folders/yy/83vjwp7d53j56dbzj8_jnpcr0000gn/T//cckFvK78.s:2222   .debug_str:000000000000026c .LASF3
/var/folders/yy/83vjwp7d53j56dbzj8_jnpcr0000gn/T//cckFvK78.s:2168   .debug_str:0000000000000175 .LASF4
/var/folders/yy/83vjwp7d53j56dbzj8_jnpcr0000gn/T//cckFvK78.s:2216   .debug_str:000000000000024d .LASF5
/var/folders/yy/83vjwp7d53j56dbzj8_jnpcr0000gn/T//cckFvK78.s:2150   .debug_str:0000000000000122 .LASF6
/var/folders/yy/83vjwp7d53j56dbzj8_jnpcr0000gn/T//cckFvK78.s:2134   .debug_str:000000000000007c .LASF7
/var/folders/yy/83vjwp7d53j56dbzj8_jnpcr0000gn/T//cckFvK78.s:2208   .debug_str:0000000000000229 .LASF8
/var/folders/yy/83vjwp7d53j56dbzj8_jnpcr0000gn/T//cckFvK78.s:2120   .debug_str:0000000000000034 .LASF10
/var/folders/yy/83vjwp7d53j56dbzj8_jnpcr0000gn/T//cckFvK78.s:2252   .debug_str:00000000000002f6 .LASF9
/var/folders/yy/83vjwp7d53j56dbzj8_jnpcr0000gn/T//cckFvK78.s:2236   .debug_str:00000000000002b7 .LASF11
/var/folders/yy/83vjwp7d53j56dbzj8_jnpcr0000gn/T//cckFvK78.s:2264   .debug_str:000000000000032c .LASF12
/var/folders/yy/83vjwp7d53j56dbzj8_jnpcr0000gn/T//cckFvK78.s:2322   .debug_str:000000000000043d .LASF13
/var/folders/yy/83vjwp7d53j56dbzj8_jnpcr0000gn/T//cckFvK78.s:2358   .debug_str:000000000000055a .LASF14
/var/folders/yy/83vjwp7d53j56dbzj8_jnpcr0000gn/T//cckFvK78.s:2232   .debug_str:00000000000002a9 .LASF15
/var/folders/yy/83vjwp7d53j56dbzj8_jnpcr0000gn/T//cckFvK78.s:2210   .debug_str:0000000000000236 .LASF16
/var/folders/yy/83vjwp7d53j56dbzj8_jnpcr0000gn/T//cckFvK78.s:2314   .debug_str:000000000000041b .LASF17
/var/folders/yy/83vjwp7d53j56dbzj8_jnpcr0000gn/T//cckFvK78.s:2316   .debug_str:0000000000000423 .LASF18
/var/folders/yy/83vjwp7d53j56dbzj8_jnpcr0000gn/T//cckFvK78.s:2286   .debug_str:0000000000000393 .LASF19
/var/folders/yy/83vjwp7d53j56dbzj8_jnpcr0000gn/T//cckFvK78.s:2344   .debug_str:0000000000000510 .LASF20
/var/folders/yy/83vjwp7d53j56dbzj8_jnpcr0000gn/T//cckFvK78.s:2268   .debug_str:000000000000033d .LASF21
/var/folders/yy/83vjwp7d53j56dbzj8_jnpcr0000gn/T//cckFvK78.s:2194   .debug_str:00000000000001ec .LASF22
/var/folders/yy/83vjwp7d53j56dbzj8_jnpcr0000gn/T//cckFvK78.s:2198   .debug_str:00000000000001fd .LASF27
/var/folders/yy/83vjwp7d53j56dbzj8_jnpcr0000gn/T//cckFvK78.s:2334   .debug_str:0000000000000467 .LASF23
/var/folders/yy/83vjwp7d53j56dbzj8_jnpcr0000gn/T//cckFvK78.s:2308   .debug_str:0000000000000406 .LASF24
/var/folders/yy/83vjwp7d53j56dbzj8_jnpcr0000gn/T//cckFvK78.s:2192   .debug_str:00000000000001e6 .LASF25
/var/folders/yy/83vjwp7d53j56dbzj8_jnpcr0000gn/T//cckFvK78.s:2352   .debug_str:0000000000000545 .LASF26
/var/folders/yy/83vjwp7d53j56dbzj8_jnpcr0000gn/T//cckFvK78.s:2206   .debug_str:0000000000000224 .LASF28
/var/folders/yy/83vjwp7d53j56dbzj8_jnpcr0000gn/T//cckFvK78.s:2148   .debug_str:0000000000000119 .LASF29
/var/folders/yy/83vjwp7d53j56dbzj8_jnpcr0000gn/T//cckFvK78.s:2328   .debug_str:0000000000000451 .LASF30
/var/folders/yy/83vjwp7d53j56dbzj8_jnpcr0000gn/T//cckFvK78.s:2158   .debug_str:0000000000000148 .LASF31
/var/folders/yy/83vjwp7d53j56dbzj8_jnpcr0000gn/T//cckFvK78.s:2382   .debug_str:00000000000005c5 .LASF32
/var/folders/yy/83vjwp7d53j56dbzj8_jnpcr0000gn/T//cckFvK78.s:2258   .debug_str:0000000000000310 .LASF33
/var/folders/yy/83vjwp7d53j56dbzj8_jnpcr0000gn/T//cckFvK78.s:2246   .debug_str:00000000000002dc .LASF34
/var/folders/yy/83vjwp7d53j56dbzj8_jnpcr0000gn/T//cckFvK78.s:2354   .debug_str:000000000000054a .LASF35
/var/folders/yy/83vjwp7d53j56dbzj8_jnpcr0000gn/T//cckFvK78.s:2278   .debug_str:0000000000000375 .LASF36
/var/folders/yy/83vjwp7d53j56dbzj8_jnpcr0000gn/T//cckFvK78.s:2368   .debug_str:0000000000000585 .LASF37
/var/folders/yy/83vjwp7d53j56dbzj8_jnpcr0000gn/T//cckFvK78.s:2162   .debug_str:0000000000000157 .LASF38
/var/folders/yy/83vjwp7d53j56dbzj8_jnpcr0000gn/T//cckFvK78.s:2188   .debug_str:00000000000001d9 .LASF39
GAS LISTING /var/folders/yy/83vjwp7d53j56dbzj8_jnpcr0000gn/T//cckFvK78.s 			page 4


/var/folders/yy/83vjwp7d53j56dbzj8_jnpcr0000gn/T//cckFvK78.s:2114   .debug_str:0000000000000000 .LASF40
/var/folders/yy/83vjwp7d53j56dbzj8_jnpcr0000gn/T//cckFvK78.s:2340   .debug_str:0000000000000502 .LASF41
/var/folders/yy/83vjwp7d53j56dbzj8_jnpcr0000gn/T//cckFvK78.s:2172   .debug_str:0000000000000185 .LASF42
/var/folders/yy/83vjwp7d53j56dbzj8_jnpcr0000gn/T//cckFvK78.s:2260   .debug_str:0000000000000319 .LASF43
/var/folders/yy/83vjwp7d53j56dbzj8_jnpcr0000gn/T//cckFvK78.s:2300   .debug_str:00000000000003d6 .LASF44
/var/folders/yy/83vjwp7d53j56dbzj8_jnpcr0000gn/T//cckFvK78.s:2190   .debug_str:00000000000001e1 .LASF45
/var/folders/yy/83vjwp7d53j56dbzj8_jnpcr0000gn/T//cckFvK78.s:2280   .debug_str:000000000000037f .LASF46
/var/folders/yy/83vjwp7d53j56dbzj8_jnpcr0000gn/T//cckFvK78.s:2156   .debug_str:0000000000000142 .LASF47
/var/folders/yy/83vjwp7d53j56dbzj8_jnpcr0000gn/T//cckFvK78.s:2118   .debug_str:000000000000002e .LASF48
/var/folders/yy/83vjwp7d53j56dbzj8_jnpcr0000gn/T//cckFvK78.s:2288   .debug_str:000000000000039e .LASF49
/var/folders/yy/83vjwp7d53j56dbzj8_jnpcr0000gn/T//cckFvK78.s:2170   .debug_str:000000000000017e .LASF50
/var/folders/yy/83vjwp7d53j56dbzj8_jnpcr0000gn/T//cckFvK78.s:2218   .debug_str:000000000000025f .LASF51
/var/folders/yy/83vjwp7d53j56dbzj8_jnpcr0000gn/T//cckFvK78.s:2138   .debug_str:0000000000000099 .LASF52
/var/folders/yy/83vjwp7d53j56dbzj8_jnpcr0000gn/T//cckFvK78.s:2164   .debug_str:0000000000000165 .LASF53
/var/folders/yy/83vjwp7d53j56dbzj8_jnpcr0000gn/T//cckFvK78.s:2202   .debug_str:0000000000000214 .LASF54
/var/folders/yy/83vjwp7d53j56dbzj8_jnpcr0000gn/T//cckFvK78.s:2244   .debug_str:00000000000002d5 .LASF55
/var/folders/yy/83vjwp7d53j56dbzj8_jnpcr0000gn/T//cckFvK78.s:2318   .debug_str:000000000000042b .LASF56
/var/folders/yy/83vjwp7d53j56dbzj8_jnpcr0000gn/T//cckFvK78.s:2372   .debug_str:000000000000059f .LASF57
/var/folders/yy/83vjwp7d53j56dbzj8_jnpcr0000gn/T//cckFvK78.s:2154   .debug_str:000000000000013c .LASF58
/var/folders/yy/83vjwp7d53j56dbzj8_jnpcr0000gn/T//cckFvK78.s:2364   .debug_str:0000000000000577 .LASF59
/var/folders/yy/83vjwp7d53j56dbzj8_jnpcr0000gn/T//cckFvK78.s:2176   .debug_str:0000000000000194 .LASF60
/var/folders/yy/83vjwp7d53j56dbzj8_jnpcr0000gn/T//cckFvK78.s:2182   .debug_str:00000000000001b2 .LASF61
/var/folders/yy/83vjwp7d53j56dbzj8_jnpcr0000gn/T//cckFvK78.s:2128   .debug_str:0000000000000056 .LASF62
/var/folders/yy/83vjwp7d53j56dbzj8_jnpcr0000gn/T//cckFvK78.s:2238   .debug_str:00000000000002be .LASF63
/var/folders/yy/83vjwp7d53j56dbzj8_jnpcr0000gn/T//cckFvK78.s:2292   .debug_str:00000000000003b0 .LASF64
/var/folders/yy/83vjwp7d53j56dbzj8_jnpcr0000gn/T//cckFvK78.s:2240   .debug_str:00000000000002c4 .LASF65
/var/folders/yy/83vjwp7d53j56dbzj8_jnpcr0000gn/T//cckFvK78.s:2310   .debug_str:000000000000040e .LASF66
/var/folders/yy/83vjwp7d53j56dbzj8_jnpcr0000gn/T//cckFvK78.s:2324   .debug_str:0000000000000445 .LASF67
/var/folders/yy/83vjwp7d53j56dbzj8_jnpcr0000gn/T//cckFvK78.s:2174   .debug_str:000000000000018d .LASF68
/var/folders/yy/83vjwp7d53j56dbzj8_jnpcr0000gn/T//cckFvK78.s:2212   .debug_str:000000000000023d .LASF69
/var/folders/yy/83vjwp7d53j56dbzj8_jnpcr0000gn/T//cckFvK78.s:2196   .debug_str:00000000000001f5 .LASF70
/var/folders/yy/83vjwp7d53j56dbzj8_jnpcr0000gn/T//cckFvK78.s:2298   .debug_str:00000000000003d1 .LASF71
/var/folders/yy/83vjwp7d53j56dbzj8_jnpcr0000gn/T//cckFvK78.s:2124   .debug_str:0000000000000043 .LASF72
/var/folders/yy/83vjwp7d53j56dbzj8_jnpcr0000gn/T//cckFvK78.s:2306   .debug_str:00000000000003ed .LASF73
/var/folders/yy/83vjwp7d53j56dbzj8_jnpcr0000gn/T//cckFvK78.s:2302   .debug_str:00000000000003db .LASF74
/var/folders/yy/83vjwp7d53j56dbzj8_jnpcr0000gn/T//cckFvK78.s:2262   .debug_str:0000000000000321 .LASF75
/var/folders/yy/83vjwp7d53j56dbzj8_jnpcr0000gn/T//cckFvK78.s:2304   .debug_str:00000000000003e3 .LASF76
/var/folders/yy/83vjwp7d53j56dbzj8_jnpcr0000gn/T//cckFvK78.s:2230   .debug_str:00000000000002a1 .LASF77
/var/folders/yy/83vjwp7d53j56dbzj8_jnpcr0000gn/T//cckFvK78.s:2204   .debug_str:000000000000021a .LASF78
/var/folders/yy/83vjwp7d53j56dbzj8_jnpcr0000gn/T//cckFvK78.s:2380   .debug_str:00000000000005c0 .LASF79
/var/folders/yy/83vjwp7d53j56dbzj8_jnpcr0000gn/T//cckFvK78.s:2266   .debug_str:0000000000000333 .LASF80
/var/folders/yy/83vjwp7d53j56dbzj8_jnpcr0000gn/T//cckFvK78.s:2214   .debug_str:0000000000000245 .LASF81
/var/folders/yy/83vjwp7d53j56dbzj8_jnpcr0000gn/T//cckFvK78.s:2180   .debug_str:00000000000001aa .LASF82
/var/folders/yy/83vjwp7d53j56dbzj8_jnpcr0000gn/T//cckFvK78.s:2272   .debug_str:000000000000035d .LASF83
/var/folders/yy/83vjwp7d53j56dbzj8_jnpcr0000gn/T//cckFvK78.s:2224   .debug_str:000000000000027f .LASF84
/var/folders/yy/83vjwp7d53j56dbzj8_jnpcr0000gn/T//cckFvK78.s:2362   .debug_str:000000000000056d .LASF85
/var/folders/yy/83vjwp7d53j56dbzj8_jnpcr0000gn/T//cckFvK78.s:2166   .debug_str:000000000000016d .LASF86
/var/folders/yy/83vjwp7d53j56dbzj8_jnpcr0000gn/T//cckFvK78.s:2160   .debug_str:0000000000000152 .LASF87
/var/folders/yy/83vjwp7d53j56dbzj8_jnpcr0000gn/T//cckFvK78.s:2326   .debug_str:000000000000044c .LASF88
/var/folders/yy/83vjwp7d53j56dbzj8_jnpcr0000gn/T//cckFvK78.s:2284   .debug_str:000000000000038c .LASF89
/var/folders/yy/83vjwp7d53j56dbzj8_jnpcr0000gn/T//cckFvK78.s:2356   .debug_str:0000000000000554 .LASF90
/var/folders/yy/83vjwp7d53j56dbzj8_jnpcr0000gn/T//cckFvK78.s:2220   .debug_str:0000000000000265 .LASF91
/var/folders/yy/83vjwp7d53j56dbzj8_jnpcr0000gn/T//cckFvK78.s:2282   .debug_str:0000000000000386 .LASF92
/var/folders/yy/83vjwp7d53j56dbzj8_jnpcr0000gn/T//cckFvK78.s:2122   .debug_str:000000000000003b .LASF93
/var/folders/yy/83vjwp7d53j56dbzj8_jnpcr0000gn/T//cckFvK78.s:2312   .debug_str:0000000000000415 .LASF94
/var/folders/yy/83vjwp7d53j56dbzj8_jnpcr0000gn/T//cckFvK78.s:2332   .debug_str:0000000000000461 .LASF95
/var/folders/yy/83vjwp7d53j56dbzj8_jnpcr0000gn/T//cckFvK78.s:2342   .debug_str:000000000000050b .LASF96
GAS LISTING /var/folders/yy/83vjwp7d53j56dbzj8_jnpcr0000gn/T//cckFvK78.s 			page 5


/var/folders/yy/83vjwp7d53j56dbzj8_jnpcr0000gn/T//cckFvK78.s:2350   .debug_str:0000000000000538 .LASF97
/var/folders/yy/83vjwp7d53j56dbzj8_jnpcr0000gn/T//cckFvK78.s:2336   .debug_str:000000000000046d .LASF98
/var/folders/yy/83vjwp7d53j56dbzj8_jnpcr0000gn/T//cckFvK78.s:2228   .debug_str:0000000000000294 .LASF99
/var/folders/yy/83vjwp7d53j56dbzj8_jnpcr0000gn/T//cckFvK78.s:2370   .debug_str:0000000000000590 .LASF100
/var/folders/yy/83vjwp7d53j56dbzj8_jnpcr0000gn/T//cckFvK78.s:2200   .debug_str:0000000000000205 .LASF101
/var/folders/yy/83vjwp7d53j56dbzj8_jnpcr0000gn/T//cckFvK78.s:2294   .debug_str:00000000000003b9 .LASF102
/var/folders/yy/83vjwp7d53j56dbzj8_jnpcr0000gn/T//cckFvK78.s:2374   .debug_str:00000000000005a6 .LASF103
/var/folders/yy/83vjwp7d53j56dbzj8_jnpcr0000gn/T//cckFvK78.s:2296   .debug_str:00000000000003c4 .LASF104
/var/folders/yy/83vjwp7d53j56dbzj8_jnpcr0000gn/T//cckFvK78.s:2378   .debug_str:00000000000005b2 .LASF105
/var/folders/yy/83vjwp7d53j56dbzj8_jnpcr0000gn/T//cckFvK78.s:2146   .debug_str:000000000000010b .LASF106
/var/folders/yy/83vjwp7d53j56dbzj8_jnpcr0000gn/T//cckFvK78.s:2360   .debug_str:0000000000000563 .LASF107
/var/folders/yy/83vjwp7d53j56dbzj8_jnpcr0000gn/T//cckFvK78.s:2226   .debug_str:0000000000000288 .LASF108
/var/folders/yy/83vjwp7d53j56dbzj8_jnpcr0000gn/T//cckFvK78.s:2346   .debug_str:0000000000000518 .LASF109
/var/folders/yy/83vjwp7d53j56dbzj8_jnpcr0000gn/T//cckFvK78.s:2186   .debug_str:00000000000001cb .LASF110
/var/folders/yy/83vjwp7d53j56dbzj8_jnpcr0000gn/T//cckFvK78.s:2144   .debug_str:00000000000000fc .LASF111
/var/folders/yy/83vjwp7d53j56dbzj8_jnpcr0000gn/T//cckFvK78.s:2184   .debug_str:00000000000001ba .LASF112
/var/folders/yy/83vjwp7d53j56dbzj8_jnpcr0000gn/T//cckFvK78.s:2130   .debug_str:000000000000005c .LASF113
/var/folders/yy/83vjwp7d53j56dbzj8_jnpcr0000gn/T//cckFvK78.s:2132   .debug_str:000000000000006b .LASF114
/var/folders/yy/83vjwp7d53j56dbzj8_jnpcr0000gn/T//cckFvK78.s:2274   .debug_str:0000000000000362 .LASF115
/var/folders/yy/83vjwp7d53j56dbzj8_jnpcr0000gn/T//cckFvK78.s:2256   .debug_str:0000000000000309 .LASF116
/var/folders/yy/83vjwp7d53j56dbzj8_jnpcr0000gn/T//cckFvK78.s:2248   .debug_str:00000000000002e6 .LASF117
/var/folders/yy/83vjwp7d53j56dbzj8_jnpcr0000gn/T//cckFvK78.s:2366   .debug_str:000000000000057d .LASF118
/var/folders/yy/83vjwp7d53j56dbzj8_jnpcr0000gn/T//cckFvK78.s:2140   .debug_str:00000000000000a2 .LASF133
/var/folders/yy/83vjwp7d53j56dbzj8_jnpcr0000gn/T//cckFvK78.s:2320   .debug_str:0000000000000431 .LASF119
/var/folders/yy/83vjwp7d53j56dbzj8_jnpcr0000gn/T//cckFvK78.s:2348   .debug_str:0000000000000525 .LASF120
/var/folders/yy/83vjwp7d53j56dbzj8_jnpcr0000gn/T//cckFvK78.s:2178   .debug_str:000000000000019d .LASF121
/var/folders/yy/83vjwp7d53j56dbzj8_jnpcr0000gn/T//cckFvK78.s:2290   .debug_str:00000000000003a6 .LASF122
/var/folders/yy/83vjwp7d53j56dbzj8_jnpcr0000gn/T//cckFvK78.s:2126   .debug_str:000000000000004e .LASF123
/var/folders/yy/83vjwp7d53j56dbzj8_jnpcr0000gn/T//cckFvK78.s:2234   .debug_str:00000000000002af .LASF124
/var/folders/yy/83vjwp7d53j56dbzj8_jnpcr0000gn/T//cckFvK78.s:2250   .debug_str:00000000000002ef .LASF125
/var/folders/yy/83vjwp7d53j56dbzj8_jnpcr0000gn/T//cckFvK78.s:2254   .debug_str:0000000000000302 .LASF126
/var/folders/yy/83vjwp7d53j56dbzj8_jnpcr0000gn/T//cckFvK78.s:2330   .debug_str:000000000000045a .LASF127
/var/folders/yy/83vjwp7d53j56dbzj8_jnpcr0000gn/T//cckFvK78.s:2376   .debug_str:00000000000005ab .LASF128
/var/folders/yy/83vjwp7d53j56dbzj8_jnpcr0000gn/T//cckFvK78.s:2242   .debug_str:00000000000002cc .LASF129
/var/folders/yy/83vjwp7d53j56dbzj8_jnpcr0000gn/T//cckFvK78.s:14     .text._read:0000000000000000 .LFB1
/var/folders/yy/83vjwp7d53j56dbzj8_jnpcr0000gn/T//cckFvK78.s:27     .text._read:0000000000000004 .LFE1
/var/folders/yy/83vjwp7d53j56dbzj8_jnpcr0000gn/T//cckFvK78.s:2079   .debug_loc:0000000000000000 .LLST0
/var/folders/yy/83vjwp7d53j56dbzj8_jnpcr0000gn/T//cckFvK78.s:2136   .debug_str:0000000000000093 .LASF134
/var/folders/yy/83vjwp7d53j56dbzj8_jnpcr0000gn/T//cckFvK78.s:18     .text._read:0000000000000000 .LVL0
/var/folders/yy/83vjwp7d53j56dbzj8_jnpcr0000gn/T//cckFvK78.s:24     .text._read:0000000000000002 .LVL1
/var/folders/yy/83vjwp7d53j56dbzj8_jnpcr0000gn/T//cckFvK78.s:39     .debug_info:0000000000000000 .Ldebug_info0

NO UNDEFINED SYMBOLS
